L 03/17/2024 - 20:57:52: Log file started (file "logs\L0317128.log") (game "dod") (version "48/1.1.2.6/8308")
L 03/17/2024 - 20:57:54: "MAFIA.riveroyster[dd]<19><STEAM_0:1:77131><>" entered the game
L 03/17/2024 - 20:57:54: "BAN dod<18><STEAM_0:0:3612473><>" entered the game
L 03/17/2024 - 20:57:55: "BAN rolyat<20><STEAM_0:1:78865><>" entered the game
L 03/17/2024 - 20:57:56: "BAN gaul<17><STEAM_0:1:64565><>" entered the game
L 03/17/2024 - 20:57:58: "BAN gaul<17><STEAM_0:1:64565><>" joined team "Allies"
L 03/17/2024 - 20:57:58: "BAN gaul<17><STEAM_0:1:64565><Allies>" changed role to "#class_allied_garand"
L 03/17/2024 - 20:58:01: "BAN dod<18><STEAM_0:0:3612473><>" joined team "Allies"
L 03/17/2024 - 20:58:01: "BAN dod<18><STEAM_0:0:3612473><Allies>" changed role to "#class_allied_heavy"
L 03/17/2024 - 20:58:03: "MAFIA.riveroyster[dd]<19><STEAM_0:1:77131><>" joined team "Axis"
L 03/17/2024 - 20:58:04: "MAFIA.riveroyster[dd]<19><STEAM_0:1:77131><Axis>" changed role to "#class_axis_mp44"
L 03/17/2024 - 20:58:09: "BAN teamownererererer<21><STEAM_0:0:1642552><>" connected, address "75.188.47.164:27005"
L 03/17/2024 - 20:58:10: "BAN teamownererererer<21><STEAM_0:0:1642552><>" STEAM USERID validated
L 03/17/2024 - 20:58:10: "MAFIA.ProstaR!<22><STEAM_0:1:3620667><>" connected, address "24.154.28.69:27005"
L 03/17/2024 - 20:58:10: "MAFIA.ProstaR!<22><STEAM_0:1:3620667><>" STEAM USERID validated
L 03/17/2024 - 20:58:11: "MAFIA.Pib<23><STEAM_0:0:417520><>" connected, address "104.57.54.130:27005"
L 03/17/2024 - 20:58:11: "MAFIA.Pib<23><STEAM_0:0:417520><>" STEAM USERID validated
L 03/17/2024 - 20:58:12: "BAN teamownererererer<21><STEAM_0:0:1642552><>" entered the game
L 03/17/2024 - 20:58:12: "MAFIA.ProstaR!<22><STEAM_0:1:3620667><>" entered the game
L 03/17/2024 - 20:58:13: "MAFIA.Pib<23><STEAM_0:0:417520><>" entered the game
L 03/17/2024 - 20:58:15: "MAFIA.ProstaR!<22><STEAM_0:1:3620667><>" joined team "Axis"
L 03/17/2024 - 20:58:16: "MAFIA.ProstaR!<22><STEAM_0:1:3620667><Axis>" changed role to "#class_axis_mp44"
L 03/17/2024 - 20:58:18: "BAN teamownererererer<21><STEAM_0:0:1642552><>" joined team "Allies"
L 03/17/2024 - 20:58:18: "BAN teamownererererer<21><STEAM_0:0:1642552><Allies>" changed role to "#class_allied_garand"
L 03/17/2024 - 20:58:20: "BAN teamownererererer<21><STEAM_0:0:1642552><Allies>" disconnected
L 03/17/2024 - 20:58:39: Team "Axis" triggered a "dod_capture_area" - "The Underpass"
L 03/17/2024 - 20:58:39: "MAFIA.riveroyster[dd]<19><STEAM_0:1:77131><Axis>" triggered a "dod_capture_area" - "The Underpass"
L 03/17/2024 - 20:58:40: Team "Axis" triggered a "dod_capture_area" - "The Underpass"
L 03/17/2024 - 20:58:40: "MAFIA.riveroyster[dd]<19><STEAM_0:1:77131><Axis>" triggered a "dod_capture_area" - "The Underpass"
L 03/17/2024 - 20:58:41: "MAFIA.ProstaR!<22><STEAM_0:1:3620667><Axis>" killed "BAN gaul<17><STEAM_0:1:64565><Allies>" with "mp44"
L 03/17/2024 - 20:58:47: Team "Axis" triggered a "dod_capture_area" - "The Underpass"
L 03/17/2024 - 20:58:47: "MAFIA.ProstaR!<22><STEAM_0:1:3620667><Axis>" triggered a "dod_capture_area" - "The Underpass"
L 03/17/2024 - 20:58:54: "MAFIA.Pib<23><STEAM_0:0:417520><>" joined team "Axis"
L 03/17/2024 - 20:58:54: "MAFIA.Pib<23><STEAM_0:0:417520><Axis>" changed role to "#class_axis_sniper"
L 03/17/2024 - 20:58:54: Team "Axis" triggered a "dod_capture_area" - "The Underpass"
L 03/17/2024 - 20:58:54: "MAFIA.ProstaR!<22><STEAM_0:1:3620667><Axis>" triggered a "dod_capture_area" - "The Underpass"
L 03/17/2024 - 20:58:57: Team "Axis" triggered a "dod_capture_area" - "The Underpass"
L 03/17/2024 - 20:58:57: "MAFIA.riveroyster[dd]<19><STEAM_0:1:77131><Axis>" triggered a "dod_capture_area" - "The Underpass"
L 03/17/2024 - 20:59:02: "MAFIA.riveroyster[dd]<19><STEAM_0:1:77131><Axis>" killed "BAN dod<18><STEAM_0:0:3612473><Allies>" with "mp44"
L 03/17/2024 - 20:59:20: "BAN teamownererererer<24><STEAM_0:0:1642552><>" connected, address "75.188.47.164:27005"
L 03/17/2024 - 20:59:21: "BAN teamownererererer<24><STEAM_0:0:1642552><>" STEAM USERID validated
L 03/17/2024 - 20:59:22: "MAFIA.riveroyster[dd]<19><STEAM_0:1:77131><Axis>" killed "BAN gaul<17><STEAM_0:1:64565><Allies>" with "bar"
L 03/17/2024 - 20:59:23: "BAN teamownererererer<24><STEAM_0:0:1642552><>" entered the game
L 03/17/2024 - 20:59:25: Team "Axis" triggered a "dod_capture_area" - "The Fountain"
L 03/17/2024 - 20:59:25: "MAFIA.Pib<23><STEAM_0:0:417520><Axis>" triggered a "dod_capture_area" - "The Fountain"
L 03/17/2024 - 20:59:27: "BAN teamownererererer<24><STEAM_0:0:1642552><>" joined team "Allies"
L 03/17/2024 - 20:59:28: "BAN teamownererererer<24><STEAM_0:0:1642552><Allies>" changed role to "#class_allied_garand"
L 03/17/2024 - 20:59:33: "MAFIA.riveroyster[dd]<19><STEAM_0:1:77131><Axis>" killed "BAN teamownererererer<24><STEAM_0:0:1642552><Allies>" with "bar"
L 03/17/2024 - 20:59:34: "BAN rolyat<20><STEAM_0:1:78865><>" joined team "Allies"
L 03/17/2024 - 20:59:35: "BAN rolyat<20><STEAM_0:1:78865><Allies>" changed role to "#class_allied_heavy"
L 03/17/2024 - 20:59:35: "MAFIA.riveroyster[dd]<19><STEAM_0:1:77131><Axis>" killed "BAN dod<18><STEAM_0:0:3612473><Allies>" with "bar"
L 03/17/2024 - 20:59:40: "BAN gaul<17><STEAM_0:1:64565><Allies>" killed "MAFIA.riveroyster[dd]<19><STEAM_0:1:77131><Axis>" with "garand"
L 03/17/2024 - 20:59:42: "BAN gaul<17><STEAM_0:1:64565><Allies>" killed "MAFIA.ProstaR!<22><STEAM_0:1:3620667><Axis>" with "garand"
L 03/17/2024 - 20:59:43: "BAN monday<25><STEAM_0:0:11692441><>" connected, address "76.64.121.117:27005"
L 03/17/2024 - 20:59:43: "BAN monday<25><STEAM_0:0:11692441><>" STEAM USERID validated
L 03/17/2024 - 20:59:45: "BAN monday<25><STEAM_0:0:11692441><>" entered the game
L 03/17/2024 - 20:59:47: "BAN monday<25><STEAM_0:0:11692441><>" joined team "Allies"
L 03/17/2024 - 20:59:48: "BAN monday<25><STEAM_0:0:11692441><Allies>" changed role to "#class_allied_sniper"
L 03/17/2024 - 20:59:54: "THUNDER - Chicago - HLTV<1><HLTV><>" joined team "Spectators"
L 03/17/2024 - 20:59:54: "THUNDER - Chicago - HLTV<1><HLTV><>" entered the game
L 03/17/2024 - 21:00:17: "MAFIA.riveroyster[dd]<19><STEAM_0:1:77131><Axis>" disconnected
L 03/17/2024 - 21:00:36: "MAFIA.ProstaR!<22><STEAM_0:1:3620667><Axis>" killed "BAN teamownererererer<24><STEAM_0:0:1642552><Allies>" with "mp44"
L 03/17/2024 - 21:00:46: "BAN gaul<17><STEAM_0:1:64565><Allies>" killed "MAFIA.ProstaR!<22><STEAM_0:1:3620667><Axis>" with "garand"
L 03/17/2024 - 21:00:46: "MAFIA.riveroyster[dd]<26><STEAM_0:1:77131><>" connected, address "162.81.171.181:27005"
L 03/17/2024 - 21:00:46: "MAFIA.riveroyster[dd]<26><STEAM_0:1:77131><>" STEAM USERID validated
L 03/17/2024 - 21:00:49: "MAFIA.riveroyster[dd]<26><STEAM_0:1:77131><>" entered the game
L 03/17/2024 - 21:00:52: "MAFIA.riveroyster[dd]<26><STEAM_0:1:77131><>" joined team "Axis"
L 03/17/2024 - 21:00:53: "MAFIA.riveroyster[dd]<26><STEAM_0:1:77131><Axis>" changed role to "#class_axis_mp44"
L 03/17/2024 - 21:01:02: "MAFIA.nein_<27><STEAM_0:1:25292511><>" connected, address "135.84.8.28:29895"
L 03/17/2024 - 21:01:02: "MAFIA.nein_<27><STEAM_0:1:25292511><>" STEAM USERID validated
L 03/17/2024 - 21:01:03: Team "Allies" triggered a "dod_capture_area" - "The Underpass"
L 03/17/2024 - 21:01:03: "BAN gaul<17><STEAM_0:1:64565><Allies>" triggered a "dod_capture_area" - "The Underpass"
L 03/17/2024 - 21:01:04: "MAFIA.nein_<27><STEAM_0:1:25292511><>" entered the game
L 03/17/2024 - 21:01:09: "BAN cKi||A-<28><STEAM_0:0:32793027><>" connected, address "73.215.37.181:27005"
L 03/17/2024 - 21:01:09: "BAN cKi||A-<28><STEAM_0:0:32793027><>" STEAM USERID validated
L 03/17/2024 - 21:01:12: "BAN cKi||A-<28><STEAM_0:0:32793027><>" entered the game
L 03/17/2024 - 21:01:13: "MAFIA.riveroyster[dd]<26><STEAM_0:1:77131><Axis>" killed "BAN rolyat<20><STEAM_0:1:78865><Allies>" with "mp44"
L 03/17/2024 - 21:01:15: "BAN cKi||A-<28><STEAM_0:0:32793027><>" joined team "Allies"
L 03/17/2024 - 21:01:16: "BAN cKi||A-<28><STEAM_0:0:32793027><Allies>" changed role to "#class_allied_garand"
L 03/17/2024 - 21:01:16: "MAFIA.sean<29><STEAM_0:1:748805><>" connected, address "76.179.16.77:27005"
L 03/17/2024 - 21:01:16: "MAFIA.sean<29><STEAM_0:1:748805><>" STEAM USERID validated
L 03/17/2024 - 21:01:19: "BAN gaul<17><STEAM_0:1:64565><Allies>" killed "MAFIA.ProstaR!<22><STEAM_0:1:3620667><Axis>" with "garand"
L 03/17/2024 - 21:01:21: "MAFIA.riveroyster[dd]<26><STEAM_0:1:77131><Axis>" killed "BAN gaul<17><STEAM_0:1:64565><Allies>" with "mp44"
L 03/17/2024 - 21:01:21: "MAFIA.nein_<27><STEAM_0:1:25292511><>" joined team "Allies"
L 03/17/2024 - 21:01:22: "MAFIA.nein_<27><STEAM_0:1:25292511><Allies>" changed role to "#class_allied_thompson"
L 03/17/2024 - 21:01:23: "MAFIA.sean<29><STEAM_0:1:748805><>" entered the game
L 03/17/2024 - 21:01:25: "BAN teamownererererer<24><STEAM_0:0:1642552><Allies>" killed "MAFIA.riveroyster[dd]<26><STEAM_0:1:77131><Axis>" with "grenade"
L 03/17/2024 - 21:01:26: "MAFIA.sean<29><STEAM_0:1:748805><>" joined team "Allies"
L 03/17/2024 - 21:01:28: "MAFIA.riveroyster[dd]<26><STEAM_0:1:77131><Axis>" joined team "Allies"
L 03/17/2024 - 21:01:28: "MAFIA.sean<29><STEAM_0:1:748805><Allies>" changed role to "#class_allied_carbine"
L 03/17/2024 - 21:01:30: "MAFIA.riveroyster[dd]<26><STEAM_0:1:77131><Allies>" changed role to "#class_allied_thompson"
L 03/17/2024 - 21:01:31: "MAFIA.ProstaR!<22><STEAM_0:1:3620667><Axis>" joined team "Allies"
L 03/17/2024 - 21:01:33: "MAFIA.ProstaR!<22><STEAM_0:1:3620667><Allies>" changed role to "Random"
L 03/17/2024 - 21:01:41: "MAFIA.sean<29><STEAM_0:1:748805><Allies>" triggered a "dod_control_point" - "The Destroyed House"
L 03/17/2024 - 21:01:42: Team "Axis" triggered a "dod_capture_area" - "The Underpass"
L 03/17/2024 - 21:01:42: "MAFIA.Pib<23><STEAM_0:0:417520><Axis>" triggered a "dod_capture_area" - "The Underpass"
L 03/17/2024 - 21:01:43: Team "Axis" triggered a "dod_capture_area" - "The Underpass"
L 03/17/2024 - 21:01:43: "MAFIA.Pib<23><STEAM_0:0:417520><Axis>" triggered a "dod_capture_area" - "The Underpass"
L 03/17/2024 - 21:01:44: "BAN teamownererererer<24><STEAM_0:0:1642552><Allies>" joined team "Axis"
L 03/17/2024 - 21:01:44: "BAN teamownererererer<24><STEAM_0:0:1642552><Allies>" committed suicide with "world" (world)
L 03/17/2024 - 21:01:44: Team "Axis" triggered a "dod_capture_area" - "The Underpass"
L 03/17/2024 - 21:01:44: "MAFIA.Pib<23><STEAM_0:0:417520><Axis>" triggered a "dod_capture_area" - "The Underpass"
L 03/17/2024 - 21:01:45: "BAN teamownererererer<24><STEAM_0:0:1642552><Axis>" changed role to "#class_axis_k43"
L 03/17/2024 - 21:01:46: "BAN cKi||A-<28><STEAM_0:0:32793027><Allies>" joined team "Axis"
L 03/17/2024 - 21:01:46: "BAN cKi||A-<28><STEAM_0:0:32793027><Allies>" committed suicide with "world" (world)
L 03/17/2024 - 21:01:46: "MAFIA.kanguhhh<30><STEAM_0:0:90794><>" connected, address "69.232.250.237:27005"
L 03/17/2024 - 21:01:46: "MAFIA.kanguhhh<30><STEAM_0:0:90794><>" STEAM USERID validated
L 03/17/2024 - 21:01:47: "BAN monday<25><STEAM_0:0:11692441><Allies>" joined team "Axis"
L 03/17/2024 - 21:01:47: "BAN monday<25><STEAM_0:0:11692441><Allies>" committed suicide with "world" (world)
L 03/17/2024 - 21:01:47: "BAN cKi||A-<28><STEAM_0:0:32793027><Axis>" changed role to "#class_axis_kar98"
L 03/17/2024 - 21:01:47: "BAN rolyat<20><STEAM_0:1:78865><Allies>" killed "MAFIA.Pib<23><STEAM_0:0:417520><Axis>" with "bar"
L 03/17/2024 - 21:01:50: "MAFIA.kanguhhh<30><STEAM_0:0:90794><>" entered the game
L 03/17/2024 - 21:01:50: "BAN rolyat<20><STEAM_0:1:78865><Allies>" joined team "Axis"
L 03/17/2024 - 21:01:50: "BAN rolyat<20><STEAM_0:1:78865><Allies>" committed suicide with "world" (world)
L 03/17/2024 - 21:01:51: "BAN rolyat<20><STEAM_0:1:78865><Axis>" changed role to "#class_axis_mp44"
L 03/17/2024 - 21:01:52: "BAN monday<25><STEAM_0:0:11692441><Axis>" changed role to "#class_axis_mp40"
L 03/17/2024 - 21:01:54: "MAFIA.kanguhhh<30><STEAM_0:0:90794><>" joined team "Allies"
L 03/17/2024 - 21:01:54: "MAFIA.kanguhhh<30><STEAM_0:0:90794><Allies>" changed role to "#class_allied_garand"
L 03/17/2024 - 21:01:54: "MAFIA.Pib<23><STEAM_0:0:417520><Axis>" joined team "Allies"
L 03/17/2024 - 21:01:54: "MAFIA.Pib<23><STEAM_0:0:417520><Axis>" committed suicide with "world" (world)
L 03/17/2024 - 21:01:54: "BAN gaul<17><STEAM_0:1:64565><Allies>" joined team "Axis"
L 03/17/2024 - 21:01:54: "BAN gaul<17><STEAM_0:1:64565><Allies>" committed suicide with "world" (world)
L 03/17/2024 - 21:01:54: "MAFIA.Pib<23><STEAM_0:0:417520><Allies>" changed role to "#class_allied_sniper"
L 03/17/2024 - 21:01:55: "BAN gaul<17><STEAM_0:1:64565><Axis>" changed role to "#class_axis_kar98"
L 03/17/2024 - 21:02:00: "MAFIA.sean<29><STEAM_0:1:748805><Allies>" say_team "15:50 Remaining, 100 health, Currently at #The_Fountain"
L 03/17/2024 - 21:02:05: Team "Allies" triggered a "dod_capture_area" - "The Underpass"
L 03/17/2024 - 21:02:05: "MAFIA.riveroyster[dd]<26><STEAM_0:1:77131><Allies>" triggered a "dod_capture_area" - "The Underpass"
L 03/17/2024 - 21:02:09: Rcon: "rcon 85826327 "ktps5rcon" status" from "76.179.16.77:27005"
L 03/17/2024 - 21:02:11: "MAFIA.sean<29><STEAM_0:1:748805><Allies>" say_team "15:39 Remaining, 100 health, Currently at #The_Fountain"
L 03/17/2024 - 21:02:11: "MAFIA.riveroyster[dd]<26><STEAM_0:1:77131><Allies>" killed "BAN teamownererererer<24><STEAM_0:0:1642552><Axis>" with "scopedkar"
L 03/17/2024 - 21:02:14: "BAN monday<25><STEAM_0:0:11692441><Axis>" killed "MAFIA.riveroyster[dd]<26><STEAM_0:1:77131><Allies>" with "mp40"
L 03/17/2024 - 21:02:21: "BAN monday<25><STEAM_0:0:11692441><Axis>" changed role to "#class_axis_sniper"
L 03/17/2024 - 21:02:25: "MAFIA.sean<29><STEAM_0:1:748805><Allies>" killed "BAN rolyat<20><STEAM_0:1:78865><Axis>" with "m1carbine"
L 03/17/2024 - 21:02:27: "BAN gaul<17><STEAM_0:1:64565><Axis>" killed "MAFIA.ProstaR!<22><STEAM_0:1:3620667><Allies>" with "kar"
L 03/17/2024 - 21:02:28: "BAN dod<18><STEAM_0:0:3612473><Allies>" say_team "sorry"
L 03/17/2024 - 21:02:29: "BAN dod<18><STEAM_0:0:3612473><Allies>" joined team "Spectators"
L 03/17/2024 - 21:02:29: "BAN dod<18><STEAM_0:0:3612473><Allies>" committed suicide with "world" (world)
L 03/17/2024 - 21:02:29: "BAN dod<18><STEAM_0:0:3612473><Spectators>" joined team "Axis"
L 03/17/2024 - 21:02:29: "BAN dod<18><STEAM_0:0:3612473><Axis>" changed role to "#class_axis_mp44"
L 03/17/2024 - 21:02:32: "MAFIA.ProstaR!<22><STEAM_0:1:3620667><Allies>" changed role to "#class_allied_heavy"
L 03/17/2024 - 21:02:33: "BAN monday<25><STEAM_0:0:11692441><Axis>" killed "MAFIA.sean<29><STEAM_0:1:748805><Allies>" with "mp40"
L 03/17/2024 - 21:02:34: "MAFIA.sean<29><STEAM_0:1:748805><Allies>" joined team "Spectators"
L 03/17/2024 - 21:02:35: "MAFIA.sean<29><STEAM_0:1:748805><Spectators>" joined team "Allies"
L 03/17/2024 - 21:02:35: "MAFIA.riveroyster[dd]<26><STEAM_0:1:77131><Allies>" changed role to "#class_allied_heavy"
L 03/17/2024 - 21:02:36: Team "Axis" triggered a "dod_capture_area" - "The Fountain"
L 03/17/2024 - 21:02:36: "BAN monday<25><STEAM_0:0:11692441><Axis>" triggered a "dod_capture_area" - "The Fountain"
L 03/17/2024 - 21:02:36: "MAFIA.sean<29><STEAM_0:1:748805><Allies>" changed role to "#class_allied_garand"
L 03/17/2024 - 21:02:37: "MAFIA.riveroyster[dd]<26><STEAM_0:1:77131><Allies>" committed suicide with "world"
L 03/17/2024 - 21:02:40: "MAFIA.riveroyster[dd]<26><STEAM_0:1:77131><Allies>" joined team "Spectators"
L 03/17/2024 - 21:02:41: "MAFIA.riveroyster[dd]<26><STEAM_0:1:77131><Spectators>" joined team "Allies"
L 03/17/2024 - 21:02:41: "MAFIA.riveroyster[dd]<26><STEAM_0:1:77131><Allies>" changed role to "#class_allied_heavy"
L 03/17/2024 - 21:02:51: "MAFIA.ProstaR!<22><STEAM_0:1:3620667><Allies>" killed "BAN gaul<17><STEAM_0:1:64565><Axis>" with "bar"
L 03/17/2024 - 21:02:53: "MAFIA.riveroyster[dd]<26><STEAM_0:1:77131><Allies>" triggered a "dod_control_point" - "The Destroyed House"
L 03/17/2024 - 21:02:55: "MAFIA.ProstaR!<22><STEAM_0:1:3620667><Allies>" killed "BAN monday<25><STEAM_0:0:11692441><Axis>" with "kar"
L 03/17/2024 - 21:03:00: Team "Axis" triggered a "dod_capture_area" - "The Fountain"
L 03/17/2024 - 21:03:00: "BAN teamownererererer<24><STEAM_0:0:1642552><Axis>" triggered a "dod_capture_area" - "The Fountain"
L 03/17/2024 - 21:03:04: "BAN teamownererererer<24><STEAM_0:0:1642552><Axis>" killed "MAFIA.ProstaR!<22><STEAM_0:1:3620667><Allies>" with "k43"
L 03/17/2024 - 21:03:11: Team "Allies" triggered a "dod_capture_area" - "The Underpass"
L 03/17/2024 - 21:03:11: "MAFIA.riveroyster[dd]<26><STEAM_0:1:77131><Allies>" triggered a "dod_capture_area" - "The Underpass"
L 03/17/2024 - 21:03:12: "MAFIA.riveroyster[dd]<26><STEAM_0:1:77131><Allies>" killed "BAN rolyat<20><STEAM_0:1:78865><Axis>" with "bar"
L 03/17/2024 - 21:03:18: "BAN dod<18><STEAM_0:0:3612473><Axis>" killed "MAFIA.riveroyster[dd]<26><STEAM_0:1:77131><Allies>" with "mp44"
L 03/17/2024 - 21:03:24: "BAN teamownererererer<24><STEAM_0:0:1642552><Axis>" killed "MAFIA.sean<29><STEAM_0:1:748805><Allies>" with "grenade2"
L 03/17/2024 - 21:03:28: Team "Axis" triggered a "dod_capture_area" - "The Fountain"
L 03/17/2024 - 21:03:28: "BAN monday<25><STEAM_0:0:11692441><Axis>" triggered a "dod_capture_area" - "The Fountain"
L 03/17/2024 - 21:03:30: Team "Axis" triggered a "dod_capture_area" - "The Underpass"
L 03/17/2024 - 21:03:30: "BAN dod<18><STEAM_0:0:3612473><Axis>" triggered a "dod_capture_area" - "The Underpass"
L 03/17/2024 - 21:03:34: "MAFIA.kanguhhh<30><STEAM_0:0:90794><Allies>" killed "BAN teamownererererer<24><STEAM_0:0:1642552><Axis>" with "garand"
L 03/17/2024 - 21:03:34: "BAN monday<25><STEAM_0:0:11692441><Axis>" killed "MAFIA.kanguhhh<30><STEAM_0:0:90794><Allies>" with "luger"
L 03/17/2024 - 21:03:40: "BAN monday<25><STEAM_0:0:11692441><Axis>" killed "MAFIA.nein_<27><STEAM_0:1:25292511><Allies>" with "luger"
L 03/17/2024 - 21:03:46: "BAN rolyat<20><STEAM_0:1:78865><Axis>" say "ready"
L 03/17/2024 - 21:03:51: "MAFIA.sean<29><STEAM_0:1:748805><Allies>" killed "BAN dod<18><STEAM_0:0:3612473><Axis>" with "garand"
L 03/17/2024 - 21:03:53: Team "Axis" triggered a "dod_capture_area" - "The Underpass"
L 03/17/2024 - 21:03:53: "BAN rolyat<20><STEAM_0:1:78865><Axis>" triggered a "dod_capture_area" - "The Underpass"
L 03/17/2024 - 21:03:59: "MAFIA.sean<29><STEAM_0:1:748805><Allies>" killed "BAN rolyat<20><STEAM_0:1:78865><Axis>" with "garand"
L 03/17/2024 - 21:04:01: "MAFIA.sean<29><STEAM_0:1:748805><Allies>" killed "BAN monday<25><STEAM_0:0:11692441><Axis>" with "colt"
L 03/17/2024 - 21:04:04: "BAN gaul<17><STEAM_0:1:64565><Axis>" killed "MAFIA.kanguhhh<30><STEAM_0:0:90794><Allies>" with "luger"
L 03/17/2024 - 21:04:09: "BAN gaul<17><STEAM_0:1:64565><Axis>" killed "MAFIA.sean<29><STEAM_0:1:748805><Allies>" with "kar"
L 03/17/2024 - 21:04:10: "MAFIA.sean<29><STEAM_0:1:748805><Allies>" joined team "Spectators"
L 03/17/2024 - 21:04:10: "MAFIA.sean<29><STEAM_0:1:748805><Spectators>" joined team "Allies"
L 03/17/2024 - 21:04:11: "MAFIA.sean<29><STEAM_0:1:748805><Allies>" changed role to "#class_allied_garand"
L 03/17/2024 - 21:04:13: Team "Allies" triggered a "dod_capture_area" - "The Underpass"
L 03/17/2024 - 21:04:13: "MAFIA.riveroyster[dd]<26><STEAM_0:1:77131><Allies>" triggered a "dod_capture_area" - "The Underpass"
L 03/17/2024 - 21:04:14: "BAN rolyat<20><STEAM_0:1:78865><Axis>" say "ready"
L 03/17/2024 - 21:04:18: "BAN rolyat<20><STEAM_0:1:78865><Axis>" killed "MAFIA.riveroyster[dd]<26><STEAM_0:1:77131><Allies>" with "mp44"
L 03/17/2024 - 21:04:26: "MAFIA.ProstaR!<22><STEAM_0:1:3620667><Allies>" killed "BAN gaul<17><STEAM_0:1:64565><Axis>" with "bar"
L 03/17/2024 - 21:04:27: "MAFIA.ProstaR!<22><STEAM_0:1:3620667><Allies>" killed "BAN monday<25><STEAM_0:0:11692441><Axis>" with "bar"
L 03/17/2024 - 21:04:28: Team "Axis" triggered a "dod_capture_area" - "The Fountain"
L 03/17/2024 - 21:04:28: "BAN rolyat<20><STEAM_0:1:78865><Axis>" triggered a "dod_capture_area" - "The Fountain"
L 03/17/2024 - 21:04:31: Rcon: "rcon 85826327 "ktps5rcon" exec ktp_chemille.cfg" from "76.179.16.77:27005"
L 03/17/2024 - 21:04:31: Server cvar "mp_friendlyfire" = "1"
L 03/17/2024 - 21:04:31: Server cvar "sv_allowupload" = "0"
L 03/17/2024 - 21:04:31: Server cvar "mp_clan_readyrestart" = "1"
L 03/17/2024 - 21:04:31: Server say "KTP dod_chemille Match Config Executed"
L 03/17/2024 - 21:04:31: Server say "Version 12-28-2022"
L 03/17/2024 - 21:04:31: Server say "RECORD DEMOS, TURN ON MOSS, START CAPTURE WITH MOSS!!!! MOSS!!!"
L 03/17/2024 - 21:04:31: Server say "RECORD DEMOS, TURN ON MOSS, START CAPTURE WITH MOSS!!!! MOSS!!!"
L 03/17/2024 - 21:04:31: Server cvar "mp_clan_readyrestart" = "0"
L 03/17/2024 - 21:04:31: "BAN rolyat<20><STEAM_0:1:78865><Axis>" killed "MAFIA.ProstaR!<22><STEAM_0:1:3620667><Allies>" with "bar"
L 03/17/2024 - 21:04:37: "MAFIA.sean<29><STEAM_0:1:748805><Allies>" say "ready"
L 03/17/2024 - 21:04:38: "MAFIA.riveroyster[dd]<26><STEAM_0:1:77131><Allies>" killed "MAFIA.sean<29><STEAM_0:1:748805><Allies>" with "bar"
L 03/17/2024 - 21:04:39: "MAFIA.sean<29><STEAM_0:1:748805><Allies>" joined team "Spectators"
L 03/17/2024 - 21:04:39: "MAFIA.sean<29><STEAM_0:1:748805><Spectators>" joined team "Allies"
L 03/17/2024 - 21:04:40: "MAFIA.sean<29><STEAM_0:1:748805><Allies>" changed role to "#class_allied_garand"
L 03/17/2024 - 21:04:42: "MAFIA.kanguhhh<30><STEAM_0:0:90794><Allies>" killed "BAN rolyat<20><STEAM_0:1:78865><Axis>" with "garand"
L 03/17/2024 - 21:04:42: "BAN teamownererererer<24><STEAM_0:0:1642552><Axis>" say_team "r"
L 03/17/2024 - 21:04:44: "MAFIA.kanguhhh<30><STEAM_0:0:90794><Allies>" killed "BAN teamownererererer<24><STEAM_0:0:1642552><Axis>" with "garand"
L 03/17/2024 - 21:04:44: "BAN rolyat<20><STEAM_0:1:78865><Axis>" say "ready"
L 03/17/2024 - 21:04:48: "MAFIA.sean<29><STEAM_0:1:748805><Allies>" say "glhfmbimb"
L 03/17/2024 - 21:04:49: "MAFIA.kanguhhh<30><STEAM_0:0:90794><Allies>" killed "BAN dod<18><STEAM_0:0:3612473><Axis>" with "garand"
L 03/17/2024 - 21:04:49: "BAN cKi||A-<28><STEAM_0:0:32793027><Axis>" say "glhf"
L 03/17/2024 - 21:04:55: "BAN teamownererererer<24><STEAM_0:0:1642552><Axis>" say "glhf"
L 03/17/2024 - 21:04:55: "BAN monday<25><STEAM_0:0:11692441><Axis>" say "glhf"
L 03/17/2024 - 21:05:09: "BAN monday<25><STEAM_0:0:11692441><Axis>" triggered a "dod_control_point" - "The Church"
L 03/17/2024 - 21:05:11: "MAFIA.sean<29><STEAM_0:1:748805><Allies>" triggered a "dod_control_point" - "The Destroyed House"
L 03/17/2024 - 21:05:13: "BAN cKi||A-<28><STEAM_0:0:32793027><Axis>" killed "MAFIA.ProstaR!<22><STEAM_0:1:3620667><Allies>" with "kar"
L 03/17/2024 - 21:05:17: "BAN gaul<17><STEAM_0:1:64565><Axis>" killed "MAFIA.kanguhhh<30><STEAM_0:0:90794><Allies>" with "kar"
L 03/17/2024 - 21:05:19: "MAFIA.kanguhhh<30><STEAM_0:0:90794><Allies>" killed "BAN gaul<17><STEAM_0:1:64565><Axis>" with "grenade"
L 03/17/2024 - 21:05:19: Team "Axis" triggered a "dod_capture_area" - "The Underpass"
L 03/17/2024 - 21:05:19: "BAN dod<18><STEAM_0:0:3612473><Axis>" triggered a "dod_capture_area" - "The Underpass"
L 03/17/2024 - 21:05:22: Team "Axis" triggered a "dod_capture_area" - "The Fountain"
L 03/17/2024 - 21:05:22: "BAN monday<25><STEAM_0:0:11692441><Axis>" triggered a "dod_capture_area" - "The Fountain"
L 03/17/2024 - 21:05:31: "BAN cKi||A-<28><STEAM_0:0:32793027><Axis>" killed "MAFIA.nein_<27><STEAM_0:1:25292511><Allies>" with "kar"
L 03/17/2024 - 21:05:32: "BAN rolyat<20><STEAM_0:1:78865><Axis>" say_team "19:22"
L 03/17/2024 - 21:05:32: "MAFIA.riveroyster[dd]<26><STEAM_0:1:77131><Allies>" killed "BAN teamownererererer<24><STEAM_0:0:1642552><Axis>" with "bar"
L 03/17/2024 - 21:05:34: "BAN cKi||A-<28><STEAM_0:0:32793027><Axis>" killed "MAFIA.Pib<23><STEAM_0:0:417520><Allies>" with "luger"
L 03/17/2024 - 21:05:37: "MAFIA.riveroyster[dd]<26><STEAM_0:1:77131><Allies>" killed "BAN rolyat<20><STEAM_0:1:78865><Axis>" with "bar"
L 03/17/2024 - 21:05:38: "MAFIA.riveroyster[dd]<26><STEAM_0:1:77131><Allies>" killed "BAN dod<18><STEAM_0:0:3612473><Axis>" with "bar"
L 03/17/2024 - 21:05:39: Team "Allies" triggered a "dod_capture_area" - "The Underpass"
L 03/17/2024 - 21:05:39: "MAFIA.sean<29><STEAM_0:1:748805><Allies>" triggered a "dod_capture_area" - "The Underpass"
L 03/17/2024 - 21:05:53: "BAN monday<25><STEAM_0:0:11692441><Axis>" killed "MAFIA.sean<29><STEAM_0:1:748805><Allies>" with "scopedkar"
L 03/17/2024 - 21:05:55: "MAFIA.Pib<23><STEAM_0:0:417520><Allies>" killed "BAN cKi||A-<28><STEAM_0:0:32793027><Axis>" with "spring"
L 03/17/2024 - 21:05:56: "BAN cKi||A-<28><STEAM_0:0:32793027><Axis>" say_team "18:58 #The_Fountain -60"
L 03/17/2024 - 21:06:03: "MAFIA.Pib<23><STEAM_0:0:417520><Allies>" killed "BAN monday<25><STEAM_0:0:11692441><Axis>" with "colt"
L 03/17/2024 - 21:06:03: "MAFIA.riveroyster[dd]<26><STEAM_0:1:77131><Allies>" killed "BAN rolyat<20><STEAM_0:1:78865><Axis>" with "bar"
L 03/17/2024 - 21:06:08: "MAFIA.Pib<23><STEAM_0:0:417520><Allies>" killed "BAN gaul<17><STEAM_0:1:64565><Axis>" with "spring"
L 03/17/2024 - 21:06:11: "MAFIA.riveroyster[dd]<26><STEAM_0:1:77131><Allies>" killed "BAN dod<18><STEAM_0:0:3612473><Axis>" with "bar"
L 03/17/2024 - 21:06:18: Team "Allies" triggered a "dod_capture_area" - "The Fountain"
L 03/17/2024 - 21:06:18: "MAFIA.nein_<27><STEAM_0:1:25292511><Allies>" triggered a "dod_capture_area" - "The Fountain"
L 03/17/2024 - 21:06:21: "MAFIA.kanguhhh<30><STEAM_0:0:90794><Allies>" killed "BAN cKi||A-<28><STEAM_0:0:32793027><Axis>" with "kar"
L 03/17/2024 - 21:06:23: "BAN teamownererererer<24><STEAM_0:0:1642552><Axis>" killed "MAFIA.nein_<27><STEAM_0:1:25292511><Allies>" with "grenade2"
L 03/17/2024 - 21:06:24: "MAFIA.riveroyster[dd]<26><STEAM_0:1:77131><Allies>" killed "BAN teamownererererer<24><STEAM_0:0:1642552><Axis>" with "bar"
L 03/17/2024 - 21:06:32: "BAN monday<25><STEAM_0:0:11692441><Axis>" killed "MAFIA.kanguhhh<30><STEAM_0:0:90794><Allies>" with "scopedkar"
L 03/17/2024 - 21:06:32: "BAN rolyat<20><STEAM_0:1:78865><Axis>" killed "MAFIA.sean<29><STEAM_0:1:748805><Allies>" with "grenade2"
L 03/17/2024 - 21:06:42: "BAN rolyat<20><STEAM_0:1:78865><Axis>" killed "MAFIA.riveroyster[dd]<26><STEAM_0:1:77131><Allies>" with "mp44"
L 03/17/2024 - 21:06:49: Team "Axis" triggered a "dod_capture_area" - "The Fountain"
L 03/17/2024 - 21:06:49: "BAN monday<25><STEAM_0:0:11692441><Axis>" triggered a "dod_capture_area" - "The Fountain"
L 03/17/2024 - 21:06:49: Team "Axis" triggered a "dod_capture_area" - "The Underpass"
L 03/17/2024 - 21:06:49: "BAN rolyat<20><STEAM_0:1:78865><Axis>" triggered a "dod_capture_area" - "The Underpass"
L 03/17/2024 - 21:06:50: "MAFIA.ProstaR!<22><STEAM_0:1:3620667><Allies>" killed "BAN rolyat<20><STEAM_0:1:78865><Axis>" with "bar"
L 03/17/2024 - 21:06:50: "BAN dod<18><STEAM_0:0:3612473><Axis>" killed "MAFIA.ProstaR!<22><STEAM_0:1:3620667><Allies>" with "mp44"
L 03/17/2024 - 21:06:51: "BAN cKi||A-<28><STEAM_0:0:32793027><Axis>" killed "MAFIA.Pib<23><STEAM_0:0:417520><Allies>" with "grenade2"
L 03/17/2024 - 21:06:54: "BAN gaul<17><STEAM_0:1:64565><Axis>" killed "MAFIA.sean<29><STEAM_0:1:748805><Allies>" with "kar"
L 03/17/2024 - 21:06:57: "BAN rolyat<20><STEAM_0:1:78865><Axis>" say_team "17:57"
L 03/17/2024 - 21:06:58: "MAFIA.Pib<23><STEAM_0:0:417520><Allies>" say_team "17:56 Remaining, 100 health, Currently at #The_Destroyed_House"
L 03/17/2024 - 21:07:04: "MAFIA.kanguhhh<30><STEAM_0:0:90794><Allies>" killed "BAN gaul<17><STEAM_0:1:64565><Axis>" with "garand"
L 03/17/2024 - 21:07:05: "BAN monday<25><STEAM_0:0:11692441><Axis>" killed "MAFIA.kanguhhh<30><STEAM_0:0:90794><Allies>" with "scopedkar"
L 03/17/2024 - 21:07:08: "MAFIA.Pib<23><STEAM_0:0:417520><Allies>" killed "BAN cKi||A-<28><STEAM_0:0:32793027><Axis>" with "colt"
L 03/17/2024 - 21:07:08: "BAN cKi||A-<28><STEAM_0:0:32793027><Axis>" say_team "17:45 #The_Fountain -40"
L 03/17/2024 - 21:07:12: "BAN teamownererererer<24><STEAM_0:0:1642552><Axis>" killed "MAFIA.Pib<23><STEAM_0:0:417520><Allies>" with "grenade2"
L 03/17/2024 - 21:07:20: "BAN dod<18><STEAM_0:0:3612473><Axis>" killed "MAFIA.riveroyster[dd]<26><STEAM_0:1:77131><Allies>" with "bar"
L 03/17/2024 - 21:07:21: "MAFIA.kanguhhh<30><STEAM_0:0:90794><Allies>" killed "BAN monday<25><STEAM_0:0:11692441><Axis>" with "garand"
L 03/17/2024 - 21:07:24: "MAFIA.ProstaR!<22><STEAM_0:1:3620667><Allies>" killed "BAN dod<18><STEAM_0:0:3612473><Axis>" with "grenade"
L 03/17/2024 - 21:07:25: "BAN teamownererererer<24><STEAM_0:0:1642552><Axis>" killed "MAFIA.nein_<27><STEAM_0:1:25292511><Allies>" with "k43"
L 03/17/2024 - 21:07:31: "BAN cKi||A-<28><STEAM_0:0:32793027><Axis>" killed "MAFIA.kanguhhh<30><STEAM_0:0:90794><Allies>" with "kar"
L 03/17/2024 - 21:07:35: "BAN rolyat<20><STEAM_0:1:78865><Axis>" killed "MAFIA.ProstaR!<22><STEAM_0:1:3620667><Allies>" with "mp44"
L 03/17/2024 - 21:07:42: "BAN rolyat<20><STEAM_0:1:78865><Axis>" killed "MAFIA.riveroyster[dd]<26><STEAM_0:1:77131><Allies>" with "bar"
L 03/17/2024 - 21:07:45: "MAFIA.sean<29><STEAM_0:1:748805><Allies>" killed "BAN teamownererererer<24><STEAM_0:0:1642552><Axis>" with "garand"
L 03/17/2024 - 21:07:47: "BAN cKi||A-<28><STEAM_0:0:32793027><Axis>" killed "MAFIA.Pib<23><STEAM_0:0:417520><Allies>" with "kar"
L 03/17/2024 - 21:07:51: "BAN rolyat<20><STEAM_0:1:78865><Axis>" killed "MAFIA.ProstaR!<22><STEAM_0:1:3620667><Allies>" with "bar"
L 03/17/2024 - 21:07:52: "BAN cKi||A-<28><STEAM_0:0:32793027><Axis>" killed "MAFIA.sean<29><STEAM_0:1:748805><Allies>" with "kar"
L 03/17/2024 - 21:07:53: "MAFIA.nein_<27><STEAM_0:1:25292511><Allies>" killed "BAN rolyat<20><STEAM_0:1:78865><Axis>" with "thompson"
L 03/17/2024 - 21:07:54: "MAFIA.kanguhhh<30><STEAM_0:0:90794><Allies>" killed "BAN cKi||A-<28><STEAM_0:0:32793027><Axis>" with "garand"
L 03/17/2024 - 21:07:55: "BAN cKi||A-<28><STEAM_0:0:32793027><Axis>" say_team "16:59 #The_Destroyed_House -86"
L 03/17/2024 - 21:07:57: "MAFIA.Pib<23><STEAM_0:0:417520><Allies>" say_team "16:57 Remaining, 100 health, Currently at #The_Destroyed_House"
L 03/17/2024 - 21:08:11: "BAN gaul<17><STEAM_0:1:64565><Axis>" killed "MAFIA.Pib<23><STEAM_0:0:417520><Allies>" with "kar"
L 03/17/2024 - 21:08:11: "MAFIA.kanguhhh<30><STEAM_0:0:90794><Allies>" killed "BAN gaul<17><STEAM_0:1:64565><Axis>" with "garand"
L 03/17/2024 - 21:08:15: "BAN dod<18><STEAM_0:0:3612473><Axis>" killed "MAFIA.riveroyster[dd]<26><STEAM_0:1:77131><Allies>" with "mp44"
L 03/17/2024 - 21:08:27: "MAFIA.kanguhhh<30><STEAM_0:0:90794><Allies>" killed "BAN cKi||A-<28><STEAM_0:0:32793027><Axis>" with "kar"
L 03/17/2024 - 21:08:28: "BAN cKi||A-<28><STEAM_0:0:32793027><Axis>" say_team "16:26 #The_Fountain -60"
L 03/17/2024 - 21:08:30: "BAN monday<25><STEAM_0:0:11692441><Axis>" killed "MAFIA.nein_<27><STEAM_0:1:25292511><Allies>" with "scopedkar"
L 03/17/2024 - 21:08:37: "MAFIA.sean<29><STEAM_0:1:748805><Allies>" killed "MAFIA.ProstaR!<22><STEAM_0:1:3620667><Allies>" with "garand"
L 03/17/2024 - 21:08:40: "MAFIA.kanguhhh<30><STEAM_0:0:90794><Allies>" killed "BAN monday<25><STEAM_0:0:11692441><Axis>" with "kar"
L 03/17/2024 - 21:08:43: "BAN teamownererererer<24><STEAM_0:0:1642552><Axis>" killed "MAFIA.kanguhhh<30><STEAM_0:0:90794><Allies>" with "k43"
L 03/17/2024 - 21:08:48: "MAFIA.riveroyster[dd]<26><STEAM_0:1:77131><Allies>" killed "BAN dod<18><STEAM_0:0:3612473><Axis>" with "bar"
L 03/17/2024 - 21:08:51: "BAN gaul<17><STEAM_0:1:64565><Axis>" killed "MAFIA.Pib<23><STEAM_0:0:417520><Allies>" with "kar"
L 03/17/2024 - 21:08:51: "MAFIA.riveroyster[dd]<26><STEAM_0:1:77131><Allies>" killed "BAN rolyat<20><STEAM_0:1:78865><Axis>" with "bar"
L 03/17/2024 - 21:08:58: Team "Allies" triggered a "dod_capture_area" - "The Underpass"
L 03/17/2024 - 21:08:58: "MAFIA.sean<29><STEAM_0:1:748805><Allies>" triggered a "dod_capture_area" - "The Underpass"
L 03/17/2024 - 21:08:59: "BAN monday<25><STEAM_0:0:11692441><Axis>" killed "MAFIA.riveroyster[dd]<26><STEAM_0:1:77131><Allies>" with "scopedkar"
L 03/17/2024 - 21:09:01: "MAFIA.Pib<23><STEAM_0:0:417520><Allies>" say_team "15:52 Remaining, 100 health, Currently at #The_Destroyed_House"
L 03/17/2024 - 21:09:04: "MAFIA.nein_<27><STEAM_0:1:25292511><Allies>" killed "BAN teamownererererer<24><STEAM_0:0:1642552><Axis>" with "thompson"
L 03/17/2024 - 21:09:05: "MAFIA.sean<29><STEAM_0:1:748805><Allies>" killed "BAN monday<25><STEAM_0:0:11692441><Axis>" with "garand"
L 03/17/2024 - 21:09:05: "BAN gaul<17><STEAM_0:1:64565><Axis>" killed "MAFIA.nein_<27><STEAM_0:1:25292511><Allies>" with "kar"
L 03/17/2024 - 21:09:19: Team "Axis" triggered a "dod_capture_area" - "The Underpass"
L 03/17/2024 - 21:09:19: "BAN cKi||A-<28><STEAM_0:0:32793027><Axis>" triggered a "dod_capture_area" - "The Underpass"
L 03/17/2024 - 21:09:19: "MAFIA.Pib<23><STEAM_0:0:417520><Allies>" killed "BAN gaul<17><STEAM_0:1:64565><Axis>" with "spring"
L 03/17/2024 - 21:09:21: "BAN cKi||A-<28><STEAM_0:0:32793027><Axis>" killed "MAFIA.sean<29><STEAM_0:1:748805><Allies>" with "grenade2"
L 03/17/2024 - 21:09:22: "BAN cKi||A-<28><STEAM_0:0:32793027><Axis>" killed "MAFIA.ProstaR!<22><STEAM_0:1:3620667><Allies>" with "kar"
L 03/17/2024 - 21:09:31: "MAFIA.Pib<23><STEAM_0:0:417520><Allies>" killed "BAN teamownererererer<24><STEAM_0:0:1642552><Axis>" with "spring"
L 03/17/2024 - 21:09:33: "MAFIA.riveroyster[dd]<26><STEAM_0:1:77131><Allies>" killed "BAN cKi||A-<28><STEAM_0:0:32793027><Axis>" with "bar"
L 03/17/2024 - 21:09:34: "BAN cKi||A-<28><STEAM_0:0:32793027><Axis>" say_team "15:20 #The_Fountain -26"
L 03/17/2024 - 21:09:34: "BAN rolyat<20><STEAM_0:1:78865><Axis>" killed "MAFIA.Pib<23><STEAM_0:0:417520><Allies>" with "scopedkar"
L 03/17/2024 - 21:09:36: "BAN dod<18><STEAM_0:0:3612473><Axis>" killed "MAFIA.riveroyster[dd]<26><STEAM_0:1:77131><Allies>" with "bar"
L 03/17/2024 - 21:09:36: "MAFIA.nein_<27><STEAM_0:1:25292511><Allies>" killed "BAN rolyat<20><STEAM_0:1:78865><Axis>" with "thompson"
L 03/17/2024 - 21:09:44: "BAN dod<18><STEAM_0:0:3612473><Axis>" killed "MAFIA.sean<29><STEAM_0:1:748805><Allies>" with "bar"
L 03/17/2024 - 21:09:45: "BAN monday<25><STEAM_0:0:11692441><Axis>" killed "MAFIA.nein_<27><STEAM_0:1:25292511><Allies>" with "scopedkar"
L 03/17/2024 - 21:09:45: "MAFIA.ProstaR!<22><STEAM_0:1:3620667><Allies>" killed "BAN dod<18><STEAM_0:0:3612473><Axis>" with "bar"
L 03/17/2024 - 21:09:56: "MAFIA.sean<29><STEAM_0:1:748805><Allies>" say_team "14:58 Remaining, 100 health, Currently at #The_Destroyed_House"
L 03/17/2024 - 21:09:57: "MAFIA.sean<29><STEAM_0:1:748805><Allies>" say_team "14:57 Remaining, 100 health, Currently at #The_Destroyed_House"
L 03/17/2024 - 21:10:03: "MAFIA.Pib<23><STEAM_0:0:417520><Allies>" killed "BAN gaul<17><STEAM_0:1:64565><Axis>" with "colt"
L 03/17/2024 - 21:10:06: "BAN monday<25><STEAM_0:0:11692441><Axis>" killed "MAFIA.kanguhhh<30><STEAM_0:0:90794><Allies>" with "scopedkar"
L 03/17/2024 - 21:10:12: "BAN teamownererererer<24><STEAM_0:0:1642552><Axis>" killed "MAFIA.nein_<27><STEAM_0:1:25292511><Allies>" with "k43"
L 03/17/2024 - 21:10:13: "BAN cKi||A-<28><STEAM_0:0:32793027><Axis>" killed "MAFIA.Pib<23><STEAM_0:0:417520><Allies>" with "kar"
L 03/17/2024 - 21:10:16: "BAN rolyat<20><STEAM_0:1:78865><Axis>" killed "MAFIA.ProstaR!<22><STEAM_0:1:3620667><Allies>" with "mp44"
L 03/17/2024 - 21:10:21: "MAFIA.sean<29><STEAM_0:1:748805><Allies>" killed "BAN cKi||A-<28><STEAM_0:0:32793027><Axis>" with "garand"
L 03/17/2024 - 21:10:24: "MAFIA.riveroyster[dd]<26><STEAM_0:1:77131><Allies>" killed "BAN rolyat<20><STEAM_0:1:78865><Axis>" with "bar"
L 03/17/2024 - 21:10:31: "MAFIA.riveroyster[dd]<26><STEAM_0:1:77131><Allies>" killed "BAN dod<18><STEAM_0:0:3612473><Axis>" with "bar"
L 03/17/2024 - 21:10:32: "MAFIA.sean<29><STEAM_0:1:748805><Allies>" killed "BAN monday<25><STEAM_0:0:11692441><Axis>" with "garand"
L 03/17/2024 - 21:10:37: Team "Allies" triggered a "dod_capture_area" - "The Underpass"
L 03/17/2024 - 21:10:37: "MAFIA.riveroyster[dd]<26><STEAM_0:1:77131><Allies>" triggered a "dod_capture_area" - "The Underpass"
L 03/17/2024 - 21:10:41: "BAN teamownererererer<24><STEAM_0:0:1642552><Axis>" killed "MAFIA.sean<29><STEAM_0:1:748805><Allies>" with "k43"
L 03/17/2024 - 21:10:41: "BAN gaul<17><STEAM_0:1:64565><Axis>" killed "MAFIA.riveroyster[dd]<26><STEAM_0:1:77131><Allies>" with "kar"
L 03/17/2024 - 21:10:41: Team "Allies" triggered a "dod_capture_area" - "The Fountain"
L 03/17/2024 - 21:10:41: "MAFIA.kanguhhh<30><STEAM_0:0:90794><Allies>" triggered a "dod_capture_area" - "The Fountain"
L 03/17/2024 - 21:10:44: "BAN teamownererererer<24><STEAM_0:0:1642552><Axis>" killed "MAFIA.nein_<27><STEAM_0:1:25292511><Allies>" with "k43"
L 03/17/2024 - 21:10:45: "MAFIA.kanguhhh<30><STEAM_0:0:90794><Allies>" killed "BAN teamownererererer<24><STEAM_0:0:1642552><Axis>" with "grenade"
L 03/17/2024 - 21:10:45: "MAFIA.kanguhhh<30><STEAM_0:0:90794><Allies>" killed "MAFIA.Pib<23><STEAM_0:0:417520><Allies>" with "grenade"
L 03/17/2024 - 21:10:47: "BAN gaul<17><STEAM_0:1:64565><Axis>" killed "MAFIA.kanguhhh<30><STEAM_0:0:90794><Allies>" with "luger"
L 03/17/2024 - 21:10:53: "MAFIA.ProstaR!<22><STEAM_0:1:3620667><Allies>" killed "BAN rolyat<20><STEAM_0:1:78865><Axis>" with "bar"
L 03/17/2024 - 21:10:53: Team "Axis" triggered a "dod_capture_area" - "The Fountain"
L 03/17/2024 - 21:10:53: "BAN gaul<17><STEAM_0:1:64565><Axis>" triggered a "dod_capture_area" - "The Fountain"
L 03/17/2024 - 21:10:56: "MAFIA.ProstaR!<22><STEAM_0:1:3620667><Allies>" killed "BAN dod<18><STEAM_0:0:3612473><Axis>" with "bar"
L 03/17/2024 - 21:11:01: "BAN cKi||A-<28><STEAM_0:0:32793027><Axis>" killed "MAFIA.sean<29><STEAM_0:1:748805><Allies>" with "grenade2"
L 03/17/2024 - 21:11:04: "MAFIA.nein_<27><STEAM_0:1:25292511><Allies>" killed "BAN cKi||A-<28><STEAM_0:0:32793027><Axis>" with "thompson"
L 03/17/2024 - 21:11:05: "BAN cKi||A-<28><STEAM_0:0:32793027><Axis>" say_team "13:49 #The_Destroyed_House -20"
L 03/17/2024 - 21:11:14: "MAFIA.riveroyster[dd]<26><STEAM_0:1:77131><Allies>" killed "BAN gaul<17><STEAM_0:1:64565><Axis>" with "bar"
L 03/17/2024 - 21:11:26: "BAN rolyat<20><STEAM_0:1:78865><Axis>" say_team "13:28"
L 03/17/2024 - 21:11:31: "MAFIA.Pib<23><STEAM_0:0:417520><Allies>" killed "BAN gaul<17><STEAM_0:1:64565><Axis>" with "spring"
L 03/17/2024 - 21:11:32: "MAFIA.nein_<27><STEAM_0:1:25292511><Allies>" killed "BAN dod<18><STEAM_0:0:3612473><Axis>" with "kar"
L 03/17/2024 - 21:11:38: "MAFIA.nein_<27><STEAM_0:1:25292511><Allies>" killed "BAN rolyat<20><STEAM_0:1:78865><Axis>" with "kar"
L 03/17/2024 - 21:11:49: "BAN teamownererererer<24><STEAM_0:0:1642552><Axis>" killed "MAFIA.nein_<27><STEAM_0:1:25292511><Allies>" with "k43"
L 03/17/2024 - 21:11:49: "BAN cKi||A-<28><STEAM_0:0:32793027><Axis>" killed "MAFIA.Pib<23><STEAM_0:0:417520><Allies>" with "kar"
L 03/17/2024 - 21:11:49: "MAFIA.sean<29><STEAM_0:1:748805><Allies>" killed "BAN cKi||A-<28><STEAM_0:0:32793027><Axis>" with "grenade"
L 03/17/2024 - 21:11:50: "BAN cKi||A-<28><STEAM_0:0:32793027><Axis>" say_team "13:04 #The_Fountain -125"
L 03/17/2024 - 21:11:52: "BAN teamownererererer<24><STEAM_0:0:1642552><Axis>" killed "MAFIA.ProstaR!<22><STEAM_0:1:3620667><Allies>" with "k43"
L 03/17/2024 - 21:11:53: "MAFIA.sean<29><STEAM_0:1:748805><Allies>" killed "BAN monday<25><STEAM_0:0:11692441><Axis>" with "garand"
L 03/17/2024 - 21:11:56: Team "Allies" triggered a "dod_capture_area" - "The Fountain"
L 03/17/2024 - 21:11:56: "MAFIA.sean<29><STEAM_0:1:748805><Allies>" triggered a "dod_capture_area" - "The Fountain"
L 03/17/2024 - 21:11:58: "MAFIA.riveroyster[dd]<26><STEAM_0:1:77131><Allies>" killed "BAN gaul<17><STEAM_0:1:64565><Axis>" with "bar"
L 03/17/2024 - 21:11:59: "BAN rolyat<20><STEAM_0:1:78865><Axis>" committed suicide with "grenade2"
L 03/17/2024 - 21:12:01: Team "Axis" triggered a "dod_capture_area" - "The Underpass"
L 03/17/2024 - 21:12:01: "BAN teamownererererer<24><STEAM_0:0:1642552><Axis>" triggered a "dod_capture_area" - "The Underpass"
L 03/17/2024 - 21:12:03: "MAFIA.Pib<23><STEAM_0:0:417520><Allies>" say_team "12:51 Remaining, 100 health, Currently at #The_Destroyed_House"
L 03/17/2024 - 21:12:05: "BAN dod<18><STEAM_0:0:3612473><Axis>" killed "MAFIA.riveroyster[dd]<26><STEAM_0:1:77131><Allies>" with "mp44"
L 03/17/2024 - 21:12:10: "MAFIA.kanguhhh<30><STEAM_0:0:90794><Allies>" killed "BAN monday<25><STEAM_0:0:11692441><Axis>" with "grenade"
L 03/17/2024 - 21:12:11: "MAFIA.kanguhhh<30><STEAM_0:0:90794><Allies>" triggered a "dod_control_point" - "The Church"
L 03/17/2024 - 21:12:15: "BAN rolyat<20><STEAM_0:1:78865><Axis>" killed "MAFIA.kanguhhh<30><STEAM_0:0:90794><Allies>" with "mp44"
L 03/17/2024 - 21:12:16: "BAN rolyat<20><STEAM_0:1:78865><Axis>" triggered a "dod_control_point" - "The Church"
L 03/17/2024 - 21:12:17: "MAFIA.Pib<23><STEAM_0:0:417520><Allies>" killed "BAN dod<18><STEAM_0:0:3612473><Axis>" with "spring"
L 03/17/2024 - 21:12:19: "BAN rolyat<20><STEAM_0:1:78865><Axis>" say_team "12:35"
L 03/17/2024 - 21:12:22: "BAN gaul<17><STEAM_0:1:64565><Axis>" killed "MAFIA.Pib<23><STEAM_0:0:417520><Allies>" with "kar"
L 03/17/2024 - 21:12:27: "MAFIA.sean<29><STEAM_0:1:748805><Allies>" killed "BAN cKi||A-<28><STEAM_0:0:32793027><Axis>" with "kar"
L 03/17/2024 - 21:12:28: "BAN cKi||A-<28><STEAM_0:0:32793027><Axis>" say_team "12:26 #The_Fountain -20"
L 03/17/2024 - 21:12:29: "BAN gaul<17><STEAM_0:1:64565><Axis>" killed "MAFIA.sean<29><STEAM_0:1:748805><Allies>" with "kar"
L 03/17/2024 - 21:12:32: "BAN gaul<17><STEAM_0:1:64565><Axis>" killed "MAFIA.kanguhhh<30><STEAM_0:0:90794><Allies>" with "kar"
L 03/17/2024 - 21:12:32: Team "Axis" triggered a "dod_capture_area" - "The Fountain"
L 03/17/2024 - 21:12:32: "BAN gaul<17><STEAM_0:1:64565><Axis>" triggered a "dod_capture_area" - "The Fountain"
L 03/17/2024 - 21:12:38: "MAFIA.ProstaR!<22><STEAM_0:1:3620667><Allies>" killed "BAN rolyat<20><STEAM_0:1:78865><Axis>" with "bar"
L 03/17/2024 - 21:12:40: "MAFIA.riveroyster[dd]<26><STEAM_0:1:77131><Allies>" killed "MAFIA.nein_<27><STEAM_0:1:25292511><Allies>" with "grenade"
L 03/17/2024 - 21:12:40: "BAN teamownererererer<24><STEAM_0:0:1642552><Axis>" killed "MAFIA.ProstaR!<22><STEAM_0:1:3620667><Allies>" with "k43"
L 03/17/2024 - 21:12:46: "MAFIA.kanguhhh<30><STEAM_0:0:90794><Allies>" killed "BAN gaul<17><STEAM_0:1:64565><Axis>" with "garand"
L 03/17/2024 - 21:12:46: "BAN teamownererererer<24><STEAM_0:0:1642552><Axis>" killed "MAFIA.riveroyster[dd]<26><STEAM_0:1:77131><Allies>" with "k43"
L 03/17/2024 - 21:12:52: "BAN rolyat<20><STEAM_0:1:78865><Axis>" say_team "12:02"
L 03/17/2024 - 21:12:59: "MAFIA.kanguhhh<30><STEAM_0:0:90794><Allies>" killed "BAN monday<25><STEAM_0:0:11692441><Axis>" with "kar"
L 03/17/2024 - 21:13:13: "BAN rolyat<20><STEAM_0:1:78865><Axis>" say_team "11:41"
L 03/17/2024 - 21:13:14: "MAFIA.sean<29><STEAM_0:1:748805><Allies>" killed "BAN teamownererererer<24><STEAM_0:0:1642552><Axis>" with "garand"
L 03/17/2024 - 21:13:15: "BAN dod<18><STEAM_0:0:3612473><Axis>" killed "MAFIA.riveroyster[dd]<26><STEAM_0:1:77131><Allies>" with "bar"
L 03/17/2024 - 21:13:20: "BAN gaul<17><STEAM_0:1:64565><Axis>" killed "MAFIA.nein_<27><STEAM_0:1:25292511><Allies>" with "grenade2"
L 03/17/2024 - 21:13:21: "BAN dod<18><STEAM_0:0:3612473><Axis>" killed "MAFIA.sean<29><STEAM_0:1:748805><Allies>" with "bar"
L 03/17/2024 - 21:13:33: "BAN gaul<17><STEAM_0:1:64565><Axis>" killed "MAFIA.kanguhhh<30><STEAM_0:0:90794><Allies>" with "kar"
L 03/17/2024 - 21:13:40: "BAN rolyat<20><STEAM_0:1:78865><Axis>" killed "MAFIA.sean<29><STEAM_0:1:748805><Allies>" with "bar"
L 03/17/2024 - 21:13:41: "MAFIA.nein_<27><STEAM_0:1:25292511><Allies>" killed "BAN rolyat<20><STEAM_0:1:78865><Axis>" with "thompson"
L 03/17/2024 - 21:13:43: "BAN dod<18><STEAM_0:0:3612473><Axis>" say_team "10"
L 03/17/2024 - 21:13:47: "MAFIA.ProstaR!<22><STEAM_0:1:3620667><Allies>" killed "MAFIA.riveroyster[dd]<26><STEAM_0:1:77131><Allies>" with "bar"
L 03/17/2024 - 21:13:51: "MAFIA.Pib<23><STEAM_0:0:417520><Allies>" killed "BAN gaul<17><STEAM_0:1:64565><Axis>" with "spring"
L 03/17/2024 - 21:13:59: "MAFIA.kanguhhh<30><STEAM_0:0:90794><Allies>" killed "BAN cKi||A-<28><STEAM_0:0:32793027><Axis>" with "garand"
L 03/17/2024 - 21:13:59: "BAN cKi||A-<28><STEAM_0:0:32793027><Axis>" say_team "10:54 #The_Destroyed_House -19"
L 03/17/2024 - 21:14:03: "BAN dod<18><STEAM_0:0:3612473><Axis>" killed "MAFIA.ProstaR!<22><STEAM_0:1:3620667><Allies>" with "bar"
L 03/17/2024 - 21:14:05: "BAN monday<25><STEAM_0:0:11692441><Axis>" killed "MAFIA.kanguhhh<30><STEAM_0:0:90794><Allies>" with "scopedkar"
L 03/17/2024 - 21:14:05: "BAN dod<18><STEAM_0:0:3612473><Axis>" killed "MAFIA.sean<29><STEAM_0:1:748805><Allies>" with "bar"
L 03/17/2024 - 21:14:07: "BAN monday<25><STEAM_0:0:11692441><Axis>" killed "MAFIA.riveroyster[dd]<26><STEAM_0:1:77131><Allies>" with "scopedkar"
L 03/17/2024 - 21:14:13: "MAFIA.Pib<23><STEAM_0:0:417520><Allies>" killed "BAN dod<18><STEAM_0:0:3612473><Axis>" with "spring"
L 03/17/2024 - 21:14:13: "BAN monday<25><STEAM_0:0:11692441><Axis>" killed "MAFIA.nein_<27><STEAM_0:1:25292511><Allies>" with "scopedkar"
L 03/17/2024 - 21:14:17: "MAFIA.Pib<23><STEAM_0:0:417520><Allies>" killed "BAN monday<25><STEAM_0:0:11692441><Axis>" with "spring"
L 03/17/2024 - 21:14:17: "BAN teamownererererer<24><STEAM_0:0:1642552><Axis>" triggered a "dod_control_point" - "The Destroyed House"
L 03/17/2024 - 21:14:18: Team "Axis" won the round. Scores: Allies: 27, Axis: 92
L 03/17/2024 - 21:14:18: "MAFIA.sean<29><STEAM_0:1:748805><Allies>" say_team "10:36 Remaining, 100 health, Currently at #The_Destroyed_House"
L 03/17/2024 - 21:14:18: "MAFIA.Pib<23><STEAM_0:0:417520><Allies>" say_team "10:36 Remaining, 100 health, Currently at #The_Destroyed_House"
L 03/17/2024 - 21:14:21: "Allies" scored "27" with "6" players
L 03/17/2024 - 21:14:21: "Axis" scored "92" with "6" players
L 03/17/2024 - 21:14:35: "BAN monday<25><STEAM_0:0:11692441><Axis>" triggered a "dod_control_point" - "The Church"
L 03/17/2024 - 21:14:36: "MAFIA.ProstaR!<22><STEAM_0:1:3620667><Allies>" triggered a "dod_control_point" - "The Destroyed House"
L 03/17/2024 - 21:14:37: "MAFIA.Pib<23><STEAM_0:0:417520><Allies>" say_team "10:17 Remaining, 100 health, Currently at #The_Destroyed_House"
L 03/17/2024 - 21:14:43: "BAN teamownererererer<24><STEAM_0:0:1642552><Axis>" killed "MAFIA.nein_<27><STEAM_0:1:25292511><Allies>" with "k43"
L 03/17/2024 - 21:14:47: Team "Axis" triggered a "dod_capture_area" - "The Underpass"
L 03/17/2024 - 21:14:47: "BAN rolyat<20><STEAM_0:1:78865><Axis>" triggered a "dod_capture_area" - "The Underpass"
L 03/17/2024 - 21:14:49: "MAFIA.riveroyster[dd]<26><STEAM_0:1:77131><Allies>" killed "BAN rolyat<20><STEAM_0:1:78865><Axis>" with "bar"
L 03/17/2024 - 21:14:50: "BAN rolyat<20><STEAM_0:1:78865><Axis>" killed "MAFIA.riveroyster[dd]<26><STEAM_0:1:77131><Allies>" with "grenade2"
L 03/17/2024 - 21:14:57: "BAN cKi||A-<28><STEAM_0:0:32793027><Axis>" killed "MAFIA.kanguhhh<30><STEAM_0:0:90794><Allies>" with "grenade2"
L 03/17/2024 - 21:14:58: "BAN cKi||A-<28><STEAM_0:0:32793027><Axis>" killed "MAFIA.sean<29><STEAM_0:1:748805><Allies>" with "kar"
L 03/17/2024 - 21:14:58: "MAFIA.Pib<23><STEAM_0:0:417520><Allies>" killed "BAN cKi||A-<28><STEAM_0:0:32793027><Axis>" with "spring"
L 03/17/2024 - 21:14:59: "BAN cKi||A-<28><STEAM_0:0:32793027><Axis>" say_team "9:55 #The_Fountain -118"
L 03/17/2024 - 21:15:02: "BAN gaul<17><STEAM_0:1:64565><Axis>" killed "MAFIA.Pib<23><STEAM_0:0:417520><Allies>" with "kar"
L 03/17/2024 - 21:15:03: Team "Allies" triggered a "dod_capture_area" - "The Underpass"
L 03/17/2024 - 21:15:03: "MAFIA.ProstaR!<22><STEAM_0:1:3620667><Allies>" triggered a "dod_capture_area" - "The Underpass"
L 03/17/2024 - 21:15:05: Team "Axis" triggered a "dod_capture_area" - "The Fountain"
L 03/17/2024 - 21:15:05: "BAN gaul<17><STEAM_0:1:64565><Axis>" triggered a "dod_capture_area" - "The Fountain"
L 03/17/2024 - 21:15:11: "BAN gaul<17><STEAM_0:1:64565><Axis>" killed "MAFIA.nein_<27><STEAM_0:1:25292511><Allies>" with "kar"
L 03/17/2024 - 21:15:12: "MAFIA.Pib<23><STEAM_0:0:417520><Allies>" say_team "9:42 Remaining, 100 health, Currently at #The_Destroyed_House"
L 03/17/2024 - 21:15:12: "MAFIA.riveroyster[dd]<26><STEAM_0:1:77131><Allies>" killed "BAN gaul<17><STEAM_0:1:64565><Axis>" with "bar"
L 03/17/2024 - 21:15:15: "MAFIA.ProstaR!<22><STEAM_0:1:3620667><Allies>" killed "BAN teamownererererer<24><STEAM_0:0:1642552><Axis>" with "bar"
L 03/17/2024 - 21:15:15: "MAFIA.riveroyster[dd]<26><STEAM_0:1:77131><Allies>" killed "BAN monday<25><STEAM_0:0:11692441><Axis>" with "bar"
L 03/17/2024 - 21:15:17: "BAN cKi||A-<28><STEAM_0:0:32793027><Axis>" killed "MAFIA.riveroyster[dd]<26><STEAM_0:1:77131><Allies>" with "kar"
L 03/17/2024 - 21:15:38: "MAFIA.kanguhhh<30><STEAM_0:0:90794><Allies>" killed "BAN dod<18><STEAM_0:0:3612473><Axis>" with "garand"
L 03/17/2024 - 21:15:39: "BAN gaul<17><STEAM_0:1:64565><Axis>" killed "MAFIA.Pib<23><STEAM_0:0:417520><Allies>" with "kar"
L 03/17/2024 - 21:15:39: "MAFIA.nein_<27><STEAM_0:1:25292511><Allies>" killed "BAN cKi||A-<28><STEAM_0:0:32793027><Axis>" with "thompson"
L 03/17/2024 - 21:15:40: "BAN cKi||A-<28><STEAM_0:0:32793027><Axis>" say_team "9:13 #The_Fountain -50"
L 03/17/2024 - 21:15:41: "MAFIA.kanguhhh<30><STEAM_0:0:90794><Allies>" killed "BAN gaul<17><STEAM_0:1:64565><Axis>" with "garand"
L 03/17/2024 - 21:15:51: "BAN teamownererererer<24><STEAM_0:0:1642552><Axis>" killed "MAFIA.sean<29><STEAM_0:1:748805><Allies>" with "k43"
L 03/17/2024 - 21:15:52: "BAN rolyat<20><STEAM_0:1:78865><Axis>" killed "MAFIA.kanguhhh<30><STEAM_0:0:90794><Allies>" with "mp44"
L 03/17/2024 - 21:15:53: "BAN monday<25><STEAM_0:0:11692441><Axis>" killed "MAFIA.nein_<27><STEAM_0:1:25292511><Allies>" with "scopedkar"
L 03/17/2024 - 21:15:53: "MAFIA.sean<29><STEAM_0:1:748805><Allies>" killed "BAN monday<25><STEAM_0:0:11692441><Axis>" with "grenade"
L 03/17/2024 - 21:15:57: "MAFIA.Pib<23><STEAM_0:0:417520><Allies>" say_team "8:57 Remaining, 100 health, Currently at #The_Destroyed_House"
L 03/17/2024 - 21:16:03: "MAFIA.riveroyster[dd]<26><STEAM_0:1:77131><Allies>" killed "BAN teamownererererer<24><STEAM_0:0:1642552><Axis>" with "bar"
L 03/17/2024 - 21:16:17: "BAN rolyat<20><STEAM_0:1:78865><Axis>" killed "MAFIA.riveroyster[dd]<26><STEAM_0:1:77131><Allies>" with "garand"
L 03/17/2024 - 21:16:18: "MAFIA.ProstaR!<22><STEAM_0:1:3620667><Allies>" killed "BAN rolyat<20><STEAM_0:1:78865><Axis>" with "bar"
L 03/17/2024 - 21:16:19: "MAFIA.ProstaR!<22><STEAM_0:1:3620667><Allies>" killed "BAN dod<18><STEAM_0:0:3612473><Axis>" with "bar"
L 03/17/2024 - 21:16:28: "MAFIA.sean<29><STEAM_0:1:748805><Allies>" killed "BAN cKi||A-<28><STEAM_0:0:32793027><Axis>" with "garand"
L 03/17/2024 - 21:16:33: "BAN gaul<17><STEAM_0:1:64565><Axis>" killed "MAFIA.Pib<23><STEAM_0:0:417520><Allies>" with "grenade2"
L 03/17/2024 - 21:16:35: "MAFIA.sean<29><STEAM_0:1:748805><Allies>" killed "BAN gaul<17><STEAM_0:1:64565><Axis>" with "kar"
L 03/17/2024 - 21:16:35: "BAN rolyat<20><STEAM_0:1:78865><Axis>" say_team "8:18"
L 03/17/2024 - 21:16:38: "MAFIA.kanguhhh<30><STEAM_0:0:90794><Allies>" killed "BAN teamownererererer<24><STEAM_0:0:1642552><Axis>" with "garand"
L 03/17/2024 - 21:16:39: "MAFIA.sean<29><STEAM_0:1:748805><Allies>" killed "BAN monday<25><STEAM_0:0:11692441><Axis>" with "kar"
L 03/17/2024 - 21:16:42: Team "Allies" triggered a "dod_capture_area" - "The Fountain"
L 03/17/2024 - 21:16:42: "MAFIA.nein_<27><STEAM_0:1:25292511><Allies>" triggered a "dod_capture_area" - "The Fountain"
L 03/17/2024 - 21:16:42: "MAFIA.kanguhhh<30><STEAM_0:0:90794><Allies>" triggered a "dod_capture_area" - "The Fountain"
L 03/17/2024 - 21:16:49: "MAFIA.sean<29><STEAM_0:1:748805><Allies>" killed "BAN dod<18><STEAM_0:0:3612473><Axis>" with "kar"
L 03/17/2024 - 21:16:49: "MAFIA.nein_<27><STEAM_0:1:25292511><Allies>" killed "BAN cKi||A-<28><STEAM_0:0:32793027><Axis>" with "thompson"
L 03/17/2024 - 21:16:50: "MAFIA.Pib<23><STEAM_0:0:417520><Allies>" say_team "8:04 Remaining, 100 health, Currently at #The_Destroyed_House"
L 03/17/2024 - 21:16:50: "BAN cKi||A-<28><STEAM_0:0:32793027><Axis>" say_team "8:04 #The_Fountain -10"
L 03/17/2024 - 21:16:54: "BAN rolyat<20><STEAM_0:1:78865><Axis>" killed "MAFIA.sean<29><STEAM_0:1:748805><Allies>" with "mp44"
L 03/17/2024 - 21:16:59: "BAN gaul<17><STEAM_0:1:64565><Axis>" say_team "Timeleft:7:55"
L 03/17/2024 - 21:17:00: "BAN teamownererererer<24><STEAM_0:0:1642552><Axis>" killed "MAFIA.nein_<27><STEAM_0:1:25292511><Allies>" with "k43"
L 03/17/2024 - 21:17:01: "BAN rolyat<20><STEAM_0:1:78865><Axis>" killed "MAFIA.kanguhhh<30><STEAM_0:0:90794><Allies>" with "kar"
L 03/17/2024 - 21:17:12: Team "Axis" triggered a "dod_capture_area" - "The Fountain"
L 03/17/2024 - 21:17:12: "BAN rolyat<20><STEAM_0:1:78865><Axis>" triggered a "dod_capture_area" - "The Fountain"
L 03/17/2024 - 21:17:12: "MAFIA.sean<29><STEAM_0:1:748805><Allies>" say_team "7:42 Remaining, 100 health, Currently at #The_Destroyed_House"
L 03/17/2024 - 21:17:14: "MAFIA.sean<29><STEAM_0:1:748805><Allies>" say_team "7:40 Remaining, 100 health, Currently at #The_Destroyed_House"
L 03/17/2024 - 21:17:20: "BAN monday<25><STEAM_0:0:11692441><Axis>" killed "MAFIA.Pib<23><STEAM_0:0:417520><Allies>" with "scopedkar"
L 03/17/2024 - 21:17:22: "MAFIA.sean<29><STEAM_0:1:748805><Allies>" killed "BAN cKi||A-<28><STEAM_0:0:32793027><Axis>" with "garand"
L 03/17/2024 - 21:17:23: "BAN cKi||A-<28><STEAM_0:0:32793027><Axis>" say_team "7:31 #The_Fountain -61"
L 03/17/2024 - 21:17:23: "BAN gaul<17><STEAM_0:1:64565><Axis>" killed "MAFIA.sean<29><STEAM_0:1:748805><Allies>" with "kar"
L 03/17/2024 - 21:17:28: "BAN teamownererererer<24><STEAM_0:0:1642552><Axis>" killed "MAFIA.kanguhhh<30><STEAM_0:0:90794><Allies>" with "kar"
L 03/17/2024 - 21:17:30: "BAN rolyat<20><STEAM_0:1:78865><Axis>" killed "MAFIA.riveroyster[dd]<26><STEAM_0:1:77131><Allies>" with "kar"
L 03/17/2024 - 21:17:34: "MAFIA.ProstaR!<22><STEAM_0:1:3620667><Allies>" killed "BAN dod<18><STEAM_0:0:3612473><Axis>" with "bar"
L 03/17/2024 - 21:17:36: "MAFIA.Pib<23><STEAM_0:0:417520><Allies>" say_team "7:18 Remaining, 100 health, Currently at #The_Destroyed_House"
L 03/17/2024 - 21:17:40: "MAFIA.ProstaR!<22><STEAM_0:1:3620667><Allies>" killed "BAN rolyat<20><STEAM_0:1:78865><Axis>" with "bar"
L 03/17/2024 - 21:17:41: Team "Axis" triggered a "dod_capture_area" - "The Underpass"
L 03/17/2024 - 21:17:41: "BAN rolyat<20><STEAM_0:1:78865><Axis>" triggered a "dod_capture_area" - "The Underpass"
L 03/17/2024 - 21:17:43: "MAFIA.sean<29><STEAM_0:1:748805><Allies>" say_team "7:11 Remaining, 100 health, Currently at #The_Destroyed_House"
L 03/17/2024 - 21:17:44: "MAFIA.sean<29><STEAM_0:1:748805><Allies>" say_team "7:10 Remaining, 100 health, Currently at #The_Destroyed_House"
L 03/17/2024 - 21:17:46: Team "Allies" triggered a "dod_capture_area" - "The Underpass"
L 03/17/2024 - 21:17:46: "MAFIA.ProstaR!<22><STEAM_0:1:3620667><Allies>" triggered a "dod_capture_area" - "The Underpass"
L 03/17/2024 - 21:17:47: "MAFIA.ProstaR!<22><STEAM_0:1:3620667><Allies>" killed "BAN teamownererererer<24><STEAM_0:0:1642552><Axis>" with "bar"
L 03/17/2024 - 21:17:49: "BAN gaul<17><STEAM_0:1:64565><Axis>" killed "MAFIA.kanguhhh<30><STEAM_0:0:90794><Allies>" with "kar"
L 03/17/2024 - 21:17:50: "MAFIA.nein_<27><STEAM_0:1:25292511><Allies>" killed "BAN monday<25><STEAM_0:0:11692441><Axis>" with "thompson"
L 03/17/2024 - 21:17:51: "BAN gaul<17><STEAM_0:1:64565><Axis>" killed "MAFIA.Pib<23><STEAM_0:0:417520><Allies>" with "kar"
L 03/17/2024 - 21:17:53: "MAFIA.sean<29><STEAM_0:1:748805><Allies>" killed "BAN gaul<17><STEAM_0:1:64565><Axis>" with "grenade"
L 03/17/2024 - 21:17:58: "BAN cKi||A-<28><STEAM_0:0:32793027><Axis>" killed "MAFIA.nein_<27><STEAM_0:1:25292511><Allies>" with "kar"
L 03/17/2024 - 21:18:02: "BAN rolyat<20><STEAM_0:1:78865><Axis>" say_team "6:52"
L 03/17/2024 - 21:18:02: "BAN cKi||A-<28><STEAM_0:0:32793027><Axis>" killed "MAFIA.sean<29><STEAM_0:1:748805><Allies>" with "luger"
L 03/17/2024 - 21:18:15: "BAN rolyat<20><STEAM_0:1:78865><Axis>" killed "MAFIA.ProstaR!<22><STEAM_0:1:3620667><Allies>" with "mp44"
L 03/17/2024 - 21:18:27: "MAFIA.riveroyster[dd]<26><STEAM_0:1:77131><Allies>" killed "BAN rolyat<20><STEAM_0:1:78865><Axis>" with "bar"
L 03/17/2024 - 21:18:28: "MAFIA.kanguhhh<30><STEAM_0:0:90794><Allies>" killed "BAN gaul<17><STEAM_0:1:64565><Axis>" with "grenade"
L 03/17/2024 - 21:18:28: "MAFIA.kanguhhh<30><STEAM_0:0:90794><Allies>" killed "BAN cKi||A-<28><STEAM_0:0:32793027><Axis>" with "grenade"
L 03/17/2024 - 21:18:30: "MAFIA.nein_<27><STEAM_0:1:25292511><Allies>" killed "BAN monday<25><STEAM_0:0:11692441><Axis>" with "grenade"
L 03/17/2024 - 21:18:39: "BAN dod<18><STEAM_0:0:3612473><Axis>" killed "MAFIA.kanguhhh<30><STEAM_0:0:90794><Allies>" with "mp44"
L 03/17/2024 - 21:18:43: "BAN teamownererererer<24><STEAM_0:0:1642552><Axis>" killed "MAFIA.Pib<23><STEAM_0:0:417520><Allies>" with "k43"
L 03/17/2024 - 21:18:46: "MAFIA.nein_<27><STEAM_0:1:25292511><Allies>" triggered a "dod_control_point" - "The Church"
L 03/17/2024 - 21:18:48: "MAFIA.riveroyster[dd]<26><STEAM_0:1:77131><Allies>" killed "BAN dod<18><STEAM_0:0:3612473><Axis>" with "bar"
L 03/17/2024 - 21:18:49: "BAN monday<25><STEAM_0:0:11692441><Axis>" killed "MAFIA.nein_<27><STEAM_0:1:25292511><Allies>" with "scopedkar"
L 03/17/2024 - 21:18:49: "MAFIA.sean<29><STEAM_0:1:748805><Allies>" killed "BAN teamownererererer<24><STEAM_0:0:1642552><Axis>" with "kar"
L 03/17/2024 - 21:18:50: Team "Allies" triggered a "dod_capture_area" - "The Fountain"
L 03/17/2024 - 21:18:50: "MAFIA.riveroyster[dd]<26><STEAM_0:1:77131><Allies>" triggered a "dod_capture_area" - "The Fountain"
L 03/17/2024 - 21:18:50: Team "Allies" won the round. Scores: Allies: 92, Axis: 115
L 03/17/2024 - 21:18:53: "Allies" scored "92" with "6" players
L 03/17/2024 - 21:18:53: "Axis" scored "115" with "6" players
L 03/17/2024 - 21:18:54: "MAFIA.sean<29><STEAM_0:1:748805><Allies>" say_team "6:00 Remaining, 100 health, Currently at #The_Destroyed_House"
L 03/17/2024 - 21:18:58: "BAN cKi||A-<28><STEAM_0:0:32793027><Axis>" say_team "5:56 #The_Church 100"
L 03/17/2024 - 21:19:03: "BAN rolyat<20><STEAM_0:1:78865><Axis>" say_team "5:51"
L 03/17/2024 - 21:19:08: "MAFIA.Pib<23><STEAM_0:0:417520><Allies>" triggered a "dod_control_point" - "The Destroyed House"
L 03/17/2024 - 21:19:18: Team "Axis" triggered a "dod_capture_area" - "The Underpass"
L 03/17/2024 - 21:19:18: "BAN rolyat<20><STEAM_0:1:78865><Axis>" triggered a "dod_capture_area" - "The Underpass"
L 03/17/2024 - 21:19:19: Team "Axis" triggered a "dod_capture_area" - "The Fountain"
L 03/17/2024 - 21:19:19: "BAN monday<25><STEAM_0:0:11692441><Axis>" triggered a "dod_capture_area" - "The Fountain"
L 03/17/2024 - 21:19:22: "BAN rolyat<20><STEAM_0:1:78865><Axis>" killed "MAFIA.ProstaR!<22><STEAM_0:1:3620667><Allies>" with "mp44"
L 03/17/2024 - 21:19:24: "BAN rolyat<20><STEAM_0:1:78865><Axis>" killed "MAFIA.riveroyster[dd]<26><STEAM_0:1:77131><Allies>" with "mp44"
L 03/17/2024 - 21:19:26: "BAN teamownererererer<24><STEAM_0:0:1642552><Axis>" killed "MAFIA.Pib<23><STEAM_0:0:417520><Allies>" with "grenade2"
L 03/17/2024 - 21:19:29: "MAFIA.sean<29><STEAM_0:1:748805><Allies>" killed "BAN teamownererererer<24><STEAM_0:0:1642552><Axis>" with "garand"
L 03/17/2024 - 21:19:32: "BAN cKi||A-<28><STEAM_0:0:32793027><Axis>" killed "MAFIA.kanguhhh<30><STEAM_0:0:90794><Allies>" with "kar"
L 03/17/2024 - 21:19:32: "MAFIA.kanguhhh<30><STEAM_0:0:90794><Allies>" killed "BAN cKi||A-<28><STEAM_0:0:32793027><Axis>" with "grenade"
L 03/17/2024 - 21:19:33: "BAN cKi||A-<28><STEAM_0:0:32793027><Axis>" say_team "5:21 #The_Fountain -14"
L 03/17/2024 - 21:19:35: "BAN rolyat<20><STEAM_0:1:78865><Axis>" triggered a "dod_control_point" - "The Destroyed House"
L 03/17/2024 - 21:19:36: "MAFIA.nein_<27><STEAM_0:1:25292511><Allies>" killed "BAN rolyat<20><STEAM_0:1:78865><Axis>" with "thompson"
L 03/17/2024 - 21:19:37: "MAFIA.sean<29><STEAM_0:1:748805><Allies>" killed "BAN gaul<17><STEAM_0:1:64565><Axis>" with "garand"
L 03/17/2024 - 21:19:38: "MAFIA.nein_<27><STEAM_0:1:25292511><Allies>" triggered a "dod_control_point" - "The Destroyed House"
L 03/17/2024 - 21:19:42: Team "Allies" triggered a "dod_capture_area" - "The Fountain"
L 03/17/2024 - 21:19:42: "MAFIA.sean<29><STEAM_0:1:748805><Allies>" triggered a "dod_capture_area" - "The Fountain"
L 03/17/2024 - 21:19:45: "BAN monday<25><STEAM_0:0:11692441><Axis>" killed "MAFIA.Pib<23><STEAM_0:0:417520><Allies>" with "scopedkar"
L 03/17/2024 - 21:19:46: "BAN dod<18><STEAM_0:0:3612473><Axis>" killed "MAFIA.ProstaR!<22><STEAM_0:1:3620667><Allies>" with "mp44"
L 03/17/2024 - 21:19:46: "BAN cKi||A-<28><STEAM_0:0:32793027><Axis>" say_team "5:08 #The_Church 100"
L 03/17/2024 - 21:19:47: "BAN monday<25><STEAM_0:0:11692441><Axis>" killed "MAFIA.nein_<27><STEAM_0:1:25292511><Allies>" with "luger"
L 03/17/2024 - 21:19:49: "BAN dod<18><STEAM_0:0:3612473><Axis>" killed "MAFIA.riveroyster[dd]<26><STEAM_0:1:77131><Allies>" with "mp44"
L 03/17/2024 - 21:19:50: "MAFIA.kanguhhh<30><STEAM_0:0:90794><Allies>" killed "BAN dod<18><STEAM_0:0:3612473><Axis>" with "garand"
L 03/17/2024 - 21:19:51: "BAN gaul<17><STEAM_0:1:64565><Axis>" triggered a "dod_control_point" - "The Church"
L 03/17/2024 - 21:19:53: "BAN rolyat<20><STEAM_0:1:78865><Axis>" say_team "5:01"
L 03/17/2024 - 21:19:53: "MAFIA.kanguhhh<30><STEAM_0:0:90794><Allies>" killed "BAN monday<25><STEAM_0:0:11692441><Axis>" with "garand"
L 03/17/2024 - 21:19:57: "MAFIA.sean<29><STEAM_0:1:748805><Allies>" killed "BAN cKi||A-<28><STEAM_0:0:32793027><Axis>" with "grenade"
L 03/17/2024 - 21:19:58: "BAN cKi||A-<28><STEAM_0:0:32793027><Axis>" say_team "4:56 #The_Fountain -37"
L 03/17/2024 - 21:20:04: "BAN cKi||A-<28><STEAM_0:0:32793027><Axis>" say_team "4:50 #The_Church 100"
L 03/17/2024 - 21:20:07: "BAN teamownererererer<24><STEAM_0:0:1642552><Axis>" killed "MAFIA.sean<29><STEAM_0:1:748805><Allies>" with "luger"
L 03/17/2024 - 21:20:12: "BAN rolyat<20><STEAM_0:1:78865><Axis>" say_team "4:42"
L 03/17/2024 - 21:20:16: "BAN gaul<17><STEAM_0:1:64565><Axis>" killed "MAFIA.kanguhhh<30><STEAM_0:0:90794><Allies>" with "kar"
L 03/17/2024 - 21:20:18: "MAFIA.riveroyster[dd]<26><STEAM_0:1:77131><Allies>" killed "BAN rolyat<20><STEAM_0:1:78865><Axis>" with "bar"
L 03/17/2024 - 21:20:21: Team "Axis" triggered a "dod_capture_area" - "The Fountain"
L 03/17/2024 - 21:20:21: "BAN teamownererererer<24><STEAM_0:0:1642552><Axis>" triggered a "dod_capture_area" - "The Fountain"
L 03/17/2024 - 21:20:24: "BAN cKi||A-<28><STEAM_0:0:32793027><Axis>" killed "MAFIA.nein_<27><STEAM_0:1:25292511><Allies>" with "grenade2"
L 03/17/2024 - 21:20:26: "BAN dod<18><STEAM_0:0:3612473><Axis>" killed "MAFIA.ProstaR!<22><STEAM_0:1:3620667><Allies>" with "mp44"
L 03/17/2024 - 21:20:27: "MAFIA.riveroyster[dd]<26><STEAM_0:1:77131><Allies>" killed "BAN dod<18><STEAM_0:0:3612473><Axis>" with "bar"
L 03/17/2024 - 21:20:27: Team "Allies" triggered a "dod_capture_area" - "The Underpass"
L 03/17/2024 - 21:20:27: "MAFIA.riveroyster[dd]<26><STEAM_0:1:77131><Allies>" triggered a "dod_capture_area" - "The Underpass"
L 03/17/2024 - 21:20:29: "BAN rolyat<20><STEAM_0:1:78865><Axis>" say_team "4:25"
L 03/17/2024 - 21:20:30: "BAN gaul<17><STEAM_0:1:64565><Axis>" killed "MAFIA.riveroyster[dd]<26><STEAM_0:1:77131><Allies>" with "kar"
L 03/17/2024 - 21:20:37: Team "Axis" triggered a "dod_capture_area" - "The Underpass"
L 03/17/2024 - 21:20:37: "BAN gaul<17><STEAM_0:1:64565><Axis>" triggered a "dod_capture_area" - "The Underpass"
L 03/17/2024 - 21:20:39: "BAN monday<25><STEAM_0:0:11692441><Axis>" killed "MAFIA.sean<29><STEAM_0:1:748805><Allies>" with "scopedkar"
L 03/17/2024 - 21:20:42: "BAN rolyat<20><STEAM_0:1:78865><Axis>" say_team "4:12"
L 03/17/2024 - 21:20:42: "BAN cKi||A-<28><STEAM_0:0:32793027><Axis>" say_team "4:12 #The_Destroyed_House 27"
L 03/17/2024 - 21:21:00: "BAN monday<25><STEAM_0:0:11692441><Axis>" killed "MAFIA.kanguhhh<30><STEAM_0:0:90794><Allies>" with "scopedkar"
L 03/17/2024 - 21:21:04: "MAFIA.riveroyster[dd]<26><STEAM_0:1:77131><Allies>" killed "BAN gaul<17><STEAM_0:1:64565><Axis>" with "bar"
L 03/17/2024 - 21:21:05: "BAN monday<25><STEAM_0:0:11692441><Axis>" killed "MAFIA.Pib<23><STEAM_0:0:417520><Allies>" with "luger"
L 03/17/2024 - 21:21:10: "BAN teamownererererer<24><STEAM_0:0:1642552><Axis>" killed "MAFIA.nein_<27><STEAM_0:1:25292511><Allies>" with "k43"
L 03/17/2024 - 21:21:10: "BAN rolyat<20><STEAM_0:1:78865><Axis>" killed "MAFIA.riveroyster[dd]<26><STEAM_0:1:77131><Allies>" with "bar"
L 03/17/2024 - 21:21:13: "BAN cKi||A-<28><STEAM_0:0:32793027><Axis>" killed "MAFIA.sean<29><STEAM_0:1:748805><Allies>" with "kar"
L 03/17/2024 - 21:21:16: "MAFIA.ProstaR!<22><STEAM_0:1:3620667><Allies>" killed "BAN teamownererererer<24><STEAM_0:0:1642552><Axis>" with "bar"
L 03/17/2024 - 21:21:19: "MAFIA.riveroyster[dd]<26><STEAM_0:1:77131><Allies>" killed "BAN cKi||A-<28><STEAM_0:0:32793027><Axis>" with "bar"
L 03/17/2024 - 21:21:20: "BAN cKi||A-<28><STEAM_0:0:32793027><Axis>" say_team "3:34 #The_Destroyed_House -36"
L 03/17/2024 - 21:21:21: "MAFIA.kanguhhh<30><STEAM_0:0:90794><Allies>" killed "MAFIA.ProstaR!<22><STEAM_0:1:3620667><Allies>" with "grenade"
L 03/17/2024 - 21:21:24: "BAN monday<25><STEAM_0:0:11692441><Axis>" killed "MAFIA.kanguhhh<30><STEAM_0:0:90794><Allies>" with "scopedkar"
L 03/17/2024 - 21:21:26: "MAFIA.riveroyster[dd]<26><STEAM_0:1:77131><Allies>" killed "BAN rolyat<20><STEAM_0:1:78865><Axis>" with "bar"
L 03/17/2024 - 21:21:29: "BAN monday<25><STEAM_0:0:11692441><Axis>" killed "MAFIA.Pib<23><STEAM_0:0:417520><Allies>" with "luger"
L 03/17/2024 - 21:21:31: "BAN cKi||A-<28><STEAM_0:0:32793027><Axis>" say_team "3:22 #The_Church 100"
L 03/17/2024 - 21:21:32: "MAFIA.nein_<27><STEAM_0:1:25292511><Allies>" killed "BAN monday<25><STEAM_0:0:11692441><Axis>" with "thompson"
L 03/17/2024 - 21:21:36: "MAFIA.Pib<23><STEAM_0:0:417520><Allies>" say_team "3:18 Remaining, 100 health, Currently at #The_Destroyed_House"
L 03/17/2024 - 21:21:37: "BAN rolyat<20><STEAM_0:1:78865><Axis>" say_team "3:17"
L 03/17/2024 - 21:21:46: "BAN dod<18><STEAM_0:0:3612473><Axis>" killed "MAFIA.nein_<27><STEAM_0:1:25292511><Allies>" with "mp44"
L 03/17/2024 - 21:21:47: "BAN gaul<17><STEAM_0:1:64565><Axis>" killed "MAFIA.riveroyster[dd]<26><STEAM_0:1:77131><Allies>" with "grenade2"
L 03/17/2024 - 21:21:48: "MAFIA.Pib<23><STEAM_0:0:417520><Allies>" killed "BAN dod<18><STEAM_0:0:3612473><Axis>" with "spring"
L 03/17/2024 - 21:21:54: "MAFIA.sean<29><STEAM_0:1:748805><Allies>" killed "BAN teamownererererer<24><STEAM_0:0:1642552><Axis>" with "spring"
L 03/17/2024 - 21:21:56: "MAFIA.sean<29><STEAM_0:1:748805><Allies>" killed "BAN cKi||A-<28><STEAM_0:0:32793027><Axis>" with "spring"
L 03/17/2024 - 21:22:00: Team "Allies" triggered a "dod_capture_area" - "The Fountain"
L 03/17/2024 - 21:22:00: "MAFIA.sean<29><STEAM_0:1:748805><Allies>" triggered a "dod_capture_area" - "The Fountain"
L 03/17/2024 - 21:22:02: "BAN gaul<17><STEAM_0:1:64565><Axis>" killed "MAFIA.sean<29><STEAM_0:1:748805><Allies>" with "kar"
L 03/17/2024 - 21:22:04: "MAFIA.kanguhhh<30><STEAM_0:0:90794><Allies>" killed "BAN gaul<17><STEAM_0:1:64565><Axis>" with "garand"
L 03/17/2024 - 21:22:04: "BAN monday<25><STEAM_0:0:11692441><Axis>" killed "MAFIA.kanguhhh<30><STEAM_0:0:90794><Allies>" with "scopedkar"
L 03/17/2024 - 21:22:07: "MAFIA.Pib<23><STEAM_0:0:417520><Allies>" killed "BAN monday<25><STEAM_0:0:11692441><Axis>" with "spring"
L 03/17/2024 - 21:22:11: "BAN rolyat<20><STEAM_0:1:78865><Axis>" killed "MAFIA.ProstaR!<22><STEAM_0:1:3620667><Allies>" with "mp44"
L 03/17/2024 - 21:22:17: "BAN cKi||A-<28><STEAM_0:0:32793027><Axis>" killed "MAFIA.riveroyster[dd]<26><STEAM_0:1:77131><Allies>" with "kar"
L 03/17/2024 - 21:22:19: "BAN teamownererererer<24><STEAM_0:0:1642552><Axis>" killed "MAFIA.Pib<23><STEAM_0:0:417520><Allies>" with "grenade2"
L 03/17/2024 - 21:22:19: "MAFIA.nein_<27><STEAM_0:1:25292511><Allies>" killed "BAN rolyat<20><STEAM_0:1:78865><Axis>" with "thompson"
L 03/17/2024 - 21:22:22: Team "Axis" triggered a "dod_capture_area" - "The Fountain"
L 03/17/2024 - 21:22:22: "BAN cKi||A-<28><STEAM_0:0:32793027><Axis>" triggered a "dod_capture_area" - "The Fountain"
L 03/17/2024 - 21:22:25: "MAFIA.Pib<23><STEAM_0:0:417520><Allies>" say_team "2:29 Remaining, 1 health, Currently at #The_Destroyed_House"
L 03/17/2024 - 21:22:28: "BAN dod<18><STEAM_0:0:3612473><Axis>" killed "MAFIA.nein_<27><STEAM_0:1:25292511><Allies>" with "mp44"
L 03/17/2024 - 21:22:32: "BAN cKi||A-<28><STEAM_0:0:32793027><Axis>" killed "MAFIA.kanguhhh<30><STEAM_0:0:90794><Allies>" with "kar"
L 03/17/2024 - 21:22:34: "BAN rolyat<20><STEAM_0:1:78865><Axis>" say_team "2:20"
L 03/17/2024 - 21:22:36: "MAFIA.ProstaR!<22><STEAM_0:1:3620667><Allies>" killed "BAN cKi||A-<28><STEAM_0:0:32793027><Axis>" with "bar"
L 03/17/2024 - 21:22:37: "BAN cKi||A-<28><STEAM_0:0:32793027><Axis>" say_team "2:17 #The_Destroyed_House -204"
L 03/17/2024 - 21:22:42: "MAFIA.Pib<23><STEAM_0:0:417520><Allies>" killed "BAN gaul<17><STEAM_0:1:64565><Axis>" with "spring"
L 03/17/2024 - 21:22:43: "MAFIA.sean<29><STEAM_0:1:748805><Allies>" killed "BAN dod<18><STEAM_0:0:3612473><Axis>" with "garand"
L 03/17/2024 - 21:22:46: "BAN monday<25><STEAM_0:0:11692441><Axis>" killed "MAFIA.nein_<27><STEAM_0:1:25292511><Allies>" with "scopedkar"
L 03/17/2024 - 21:22:48: "BAN monday<25><STEAM_0:0:11692441><Axis>" killed "MAFIA.kanguhhh<30><STEAM_0:0:90794><Allies>" with "scopedkar"
L 03/17/2024 - 21:22:49: "BAN cKi||A-<28><STEAM_0:0:32793027><Axis>" say_team "2:05 #The_Fountain 1"
L 03/17/2024 - 21:22:58: "BAN teamownererererer<24><STEAM_0:0:1642552><Axis>" killed "MAFIA.sean<29><STEAM_0:1:748805><Allies>" with "k43"
L 03/17/2024 - 21:23:02: "BAN rolyat<20><STEAM_0:1:78865><Axis>" killed "MAFIA.ProstaR!<22><STEAM_0:1:3620667><Allies>" with "mp44"
L 03/17/2024 - 21:23:05: "MAFIA.Pib<23><STEAM_0:0:417520><Allies>" killed "BAN rolyat<20><STEAM_0:1:78865><Axis>" with "colt"
L 03/17/2024 - 21:23:06: "BAN teamownererererer<24><STEAM_0:0:1642552><Axis>" killed "MAFIA.riveroyster[dd]<26><STEAM_0:1:77131><Allies>" with "k43"
L 03/17/2024 - 21:23:10: "MAFIA.nein_<27><STEAM_0:1:25292511><Allies>" killed "BAN teamownererererer<24><STEAM_0:0:1642552><Axis>" with "thompson"
L 03/17/2024 - 21:23:10: "BAN monday<25><STEAM_0:0:11692441><Axis>" killed "MAFIA.Pib<23><STEAM_0:0:417520><Allies>" with "luger"
L 03/17/2024 - 21:23:15: "BAN monday<25><STEAM_0:0:11692441><Axis>" killed "MAFIA.nein_<27><STEAM_0:1:25292511><Allies>" with "scopedkar"
L 03/17/2024 - 21:23:17: "MAFIA.kanguhhh<30><STEAM_0:0:90794><Allies>" killed "BAN monday<25><STEAM_0:0:11692441><Axis>" with "garand"
L 03/17/2024 - 21:23:21: "BAN cKi||A-<28><STEAM_0:0:32793027><Axis>" killed "MAFIA.riveroyster[dd]<26><STEAM_0:1:77131><Allies>" with "grenade2"
L 03/17/2024 - 21:23:21: "MAFIA.sean<29><STEAM_0:1:748805><Allies>" killed "BAN gaul<17><STEAM_0:1:64565><Axis>" with "grenade"
L 03/17/2024 - 21:23:25: "BAN dod<18><STEAM_0:0:3612473><Axis>" killed "MAFIA.ProstaR!<22><STEAM_0:1:3620667><Allies>" with "grenade2"
L 03/17/2024 - 21:23:26: "BAN cKi||A-<28><STEAM_0:0:32793027><Axis>" killed "MAFIA.sean<29><STEAM_0:1:748805><Allies>" with "grenade2"
L 03/17/2024 - 21:23:26: "BAN rolyat<20><STEAM_0:1:78865><Axis>" say_team "1:28"
L 03/17/2024 - 21:23:27: "MAFIA.sean<29><STEAM_0:1:748805><Allies>" killed "BAN cKi||A-<28><STEAM_0:0:32793027><Axis>" with "grenade"
L 03/17/2024 - 21:23:28: "BAN cKi||A-<28><STEAM_0:0:32793027><Axis>" say_team "1:26 #The_Destroyed_House -57"
L 03/17/2024 - 21:23:31: "BAN dod<18><STEAM_0:0:3612473><Axis>" killed "MAFIA.kanguhhh<30><STEAM_0:0:90794><Allies>" with "mp44"
L 03/17/2024 - 21:23:33: "BAN gaul<17><STEAM_0:1:64565><Axis>" say_team "Timeleft:1:20"
L 03/17/2024 - 21:23:33: "MAFIA.Pib<23><STEAM_0:0:417520><Allies>" killed "BAN dod<18><STEAM_0:0:3612473><Axis>" with "garand"
L 03/17/2024 - 21:23:35: "BAN rolyat<20><STEAM_0:1:78865><Axis>" say_team "1:19"
L 03/17/2024 - 21:23:37: "BAN rolyat<20><STEAM_0:1:78865><Axis>" say_team "1:16"
L 03/17/2024 - 21:23:46: "MAFIA.nein_<27><STEAM_0:1:25292511><Allies>" killed "BAN teamownererererer<24><STEAM_0:0:1642552><Axis>" with "thompson"
L 03/17/2024 - 21:23:52: "BAN rolyat<20><STEAM_0:1:78865><Axis>" killed "MAFIA.sean<29><STEAM_0:1:748805><Allies>" with "mp44"
L 03/17/2024 - 21:23:55: "BAN rolyat<20><STEAM_0:1:78865><Axis>" say_team "0:58"
L 03/17/2024 - 21:23:57: "MAFIA.Pib<23><STEAM_0:0:417520><Allies>" say_team "0:57 Remaining, 87 health, Currently at #The_Destroyed_House"
L 03/17/2024 - 21:24:00: "BAN rolyat<20><STEAM_0:1:78865><Axis>" say_team "0:54"
L 03/17/2024 - 21:24:00: "MAFIA.kanguhhh<30><STEAM_0:0:90794><Allies>" killed "BAN gaul<17><STEAM_0:1:64565><Axis>" with "garand"
L 03/17/2024 - 21:24:02: "MAFIA.sean<29><STEAM_0:1:748805><Allies>" say_team "0:52 Remaining, 1 health, Currently at #The_Fountain"
L 03/17/2024 - 21:24:03: "BAN dod<18><STEAM_0:0:3612473><Axis>" killed "MAFIA.kanguhhh<30><STEAM_0:0:90794><Allies>" with "mp44"
L 03/17/2024 - 21:24:05: "BAN rolyat<20><STEAM_0:1:78865><Axis>" say_team "0:49"
L 03/17/2024 - 21:24:06: "BAN cKi||A-<28><STEAM_0:0:32793027><Axis>" killed "MAFIA.nein_<27><STEAM_0:1:25292511><Allies>" with "luger"
L 03/17/2024 - 21:24:11: "MAFIA.riveroyster[dd]<26><STEAM_0:1:77131><Allies>" killed "BAN cKi||A-<28><STEAM_0:0:32793027><Axis>" with "bar"
L 03/17/2024 - 21:24:12: "BAN cKi||A-<28><STEAM_0:0:32793027><Axis>" say_team "0:42 #The_Destroyed_House -23"
L 03/17/2024 - 21:24:17: "MAFIA.ProstaR!<22><STEAM_0:1:3620667><Allies>" killed "BAN rolyat<20><STEAM_0:1:78865><Axis>" with "kar"
L 03/17/2024 - 21:24:21: "BAN dod<18><STEAM_0:0:3612473><Axis>" killed "MAFIA.kanguhhh<30><STEAM_0:0:90794><Allies>" with "kar"
L 03/17/2024 - 21:24:22: "MAFIA.Pib<23><STEAM_0:0:417520><Allies>" killed "BAN dod<18><STEAM_0:0:3612473><Axis>" with "garand"
L 03/17/2024 - 21:24:23: Team "Allies" triggered a "dod_capture_area" - "The Underpass"
L 03/17/2024 - 21:24:23: "MAFIA.ProstaR!<22><STEAM_0:1:3620667><Allies>" triggered a "dod_capture_area" - "The Underpass"
L 03/17/2024 - 21:24:24: "BAN rolyat<20><STEAM_0:1:78865><Axis>" say_team "0:30"
L 03/17/2024 - 21:24:32: "MAFIA.nein_<27><STEAM_0:1:25292511><Allies>" killed "MAFIA.sean<29><STEAM_0:1:748805><Allies>" with "grenade"
L 03/17/2024 - 21:24:32: "BAN cKi||A-<28><STEAM_0:0:32793027><Axis>" say_team "0:21 #The_Church 100"
L 03/17/2024 - 21:24:33: "BAN rolyat<20><STEAM_0:1:78865><Axis>" say_team "0:21"
L 03/17/2024 - 21:24:36: "BAN teamownererererer<24><STEAM_0:0:1642552><Axis>" killed "MAFIA.riveroyster[dd]<26><STEAM_0:1:77131><Allies>" with "grenade2"
L 03/17/2024 - 21:24:40: "BAN rolyat<20><STEAM_0:1:78865><Axis>" say_team "0:14"
L 03/17/2024 - 21:24:41: "BAN cKi||A-<28><STEAM_0:0:32793027><Axis>" say_team "0:13 #The_Fountain 82"
L 03/17/2024 - 21:24:43: "BAN teamownererererer<24><STEAM_0:0:1642552><Axis>" killed "MAFIA.Pib<23><STEAM_0:0:417520><Allies>" with "k43"
L 03/17/2024 - 21:24:44: Team "Axis" triggered a "dod_capture_area" - "The Underpass"
L 03/17/2024 - 21:24:44: "BAN rolyat<20><STEAM_0:1:78865><Axis>" triggered a "dod_capture_area" - "The Underpass"
L 03/17/2024 - 21:24:44: "BAN teamownererererer<24><STEAM_0:0:1642552><Axis>" killed "MAFIA.nein_<27><STEAM_0:1:25292511><Allies>" with "k43"
L 03/17/2024 - 21:24:45: "BAN cKi||A-<28><STEAM_0:0:32793027><Axis>" say_team "0:09 #The_Destroyed_House 82"
L 03/17/2024 - 21:24:46: "BAN teamownererererer<24><STEAM_0:0:1642552><Axis>" committed suicide with "world" (world)
L 03/17/2024 - 21:24:48: "MAFIA.Pib<23><STEAM_0:0:417520><Allies>" say_team "0:06 Remaining, 100 health, Currently at #The_Destroyed_House"
L 03/17/2024 - 21:24:48: "MAFIA.ProstaR!<22><STEAM_0:1:3620667><Allies>" killed "BAN rolyat<20><STEAM_0:1:78865><Axis>" with "kar"
L 03/17/2024 - 21:24:48: "BAN gaul<17><STEAM_0:1:64565><Axis>" killed "MAFIA.ProstaR!<22><STEAM_0:1:3620667><Allies>" with "luger"
L 03/17/2024 - 21:24:49: "BAN rolyat<20><STEAM_0:1:78865><Axis>" say_team "0:05"
L 03/17/2024 - 21:24:50: "BAN cKi||A-<28><STEAM_0:0:32793027><Axis>" killed "MAFIA.kanguhhh<30><STEAM_0:0:90794><Allies>" with "kar"
L 03/17/2024 - 21:24:50: "BAN monday<25><STEAM_0:0:11692441><Axis>" triggered a "dod_control_point" - "The Destroyed House"
L 03/17/2024 - 21:24:50: Team "Axis" won the round. Scores: Allies: 105, Axis: 190
L 03/17/2024 - 21:24:52: "MAFIA.Pib<23><STEAM_0:0:417520><Allies>" say_team "0:02 Remaining, 100 health, Currently at #The_Destroyed_House"
L 03/17/2024 - 21:24:52: "MAFIA.sean<29><STEAM_0:1:748805><Allies>" say_team "0:02 Remaining, 100 health, Currently at #The_Destroyed_House"
L 03/17/2024 - 21:24:53: "Allies" scored "105" with "6" players
L 03/17/2024 - 21:24:53: "Axis" scored "190" with "6" players
L 03/17/2024 - 21:24:53: Final Scores: Allies: 105   Axis: 190
L 03/17/2024 - 21:25:03: "Allies" scored "105" with "6" players
L 03/17/2024 - 21:25:03: "Axis" scored "190" with "6" players
L 03/17/2024 - 21:25:03: [META] ini: Begin re-reading plugins list: c:/servers/onlinethunder2/dod/addons/metamod/plugins.ini
L 03/17/2024 - 21:25:03: [META] ini: Read plugin config for: AMX Mod X
L 03/17/2024 - 21:25:03: [META] ini: Finished reading plugins list: c:/servers/onlinethunder2/dod/addons/metamod/plugins.ini; Found 1 plugins
L 03/17/2024 - 21:25:03: [META] dll: Updating plugins...
L 03/17/2024 - 21:25:03: [META] dll: Finished updating 1 plugins; kept 1, loaded 0, unloaded 0, reloaded 0, delayed 0
L 03/17/2024 - 21:25:03: Log file closed
