L 03/17/2024 - 21:25:17: Log file started (file "logs\L0317132.log") (game "dod") (version "48/1.1.2.6/8308")
L 03/17/2024 - 21:25:17: "BAN monday<32><STEAM_0:0:11692441><>" connected, address "76.64.121.117:27005"
L 03/17/2024 - 21:25:17: "MAFIA.ProstaR!<33><STEAM_0:1:3620667><>" connected, address "24.154.28.69:27005"
L 03/17/2024 - 21:25:17: "MAFIA.kanguhhh<34><STEAM_0:0:90794><>" connected, address "69.232.250.237:27005"
L 03/17/2024 - 21:25:17: "MAFIA.riveroyster[dd]<35><STEAM_0:1:77131><>" connected, address "162.81.171.181:27005"
L 03/17/2024 - 21:25:17: "BAN cKi||A-<36><STEAM_0:0:32793027><>" connected, address "73.215.37.181:27005"
L 03/17/2024 - 21:25:17: "BAN monday<32><STEAM_0:0:11692441><>" STEAM USERID validated
L 03/17/2024 - 21:25:17: "MAFIA.ProstaR!<33><STEAM_0:1:3620667><>" STEAM USERID validated
L 03/17/2024 - 21:25:17: "MAFIA.kanguhhh<34><STEAM_0:0:90794><>" STEAM USERID validated
L 03/17/2024 - 21:25:17: "MAFIA.riveroyster[dd]<35><STEAM_0:1:77131><>" STEAM USERID validated
L 03/17/2024 - 21:25:17: "MAFIA.sean<37><STEAM_0:1:748805><>" connected, address "76.179.16.77:27005"
L 03/17/2024 - 21:25:17: "BAN cKi||A-<36><STEAM_0:0:32793027><>" STEAM USERID validated
L 03/17/2024 - 21:25:17: "MAFIA.sean<37><STEAM_0:1:748805><>" STEAM USERID validated
L 03/17/2024 - 21:25:18: "MAFIA.Pib<23><STEAM_0:0:417520><>" entered the game
L 03/17/2024 - 21:25:19: "BAN dod<18><STEAM_0:0:3612473><>" entered the game
L 03/17/2024 - 21:25:19: "BAN monday<32><STEAM_0:0:11692441><>" entered the game
L 03/17/2024 - 21:25:19: "MAFIA.ProstaR!<33><STEAM_0:1:3620667><>" entered the game
L 03/17/2024 - 21:25:19: "MAFIA.nein_<27><STEAM_0:1:25292511><>" entered the game
L 03/17/2024 - 21:25:19: "BAN teamownererererer<24><STEAM_0:0:1642552><>" entered the game
L 03/17/2024 - 21:25:19: "MAFIA.kanguhhh<34><STEAM_0:0:90794><>" entered the game
L 03/17/2024 - 21:25:19: "MAFIA.riveroyster[dd]<35><STEAM_0:1:77131><>" entered the game
L 03/17/2024 - 21:25:20: "BAN rolyat<20><STEAM_0:1:78865><>" entered the game
L 03/17/2024 - 21:25:20: "BAN cKi||A-<36><STEAM_0:0:32793027><>" entered the game
L 03/17/2024 - 21:25:20: "MAFIA.kanguhhh<34><STEAM_0:0:90794><>" joined team "Axis"
L 03/17/2024 - 21:25:20: "MAFIA.kanguhhh<34><STEAM_0:0:90794><Axis>" changed role to "#class_axis_kar98"
L 03/17/2024 - 21:25:20: "BAN gaul<17><STEAM_0:1:64565><>" entered the game
L 03/17/2024 - 21:25:20: "MAFIA.sean<37><STEAM_0:1:748805><>" entered the game
L 03/17/2024 - 21:25:20: "BAN dod<18><STEAM_0:0:3612473><>" joined team "Allies"
L 03/17/2024 - 21:25:21: "MAFIA.nein_<27><STEAM_0:1:25292511><>" joined team "Axis"
L 03/17/2024 - 21:25:21: "BAN dod<18><STEAM_0:0:3612473><Allies>" changed role to "#class_allied_heavy"
L 03/17/2024 - 21:25:21: "MAFIA.ProstaR!<33><STEAM_0:1:3620667><>" joined team "Allies"
L 03/17/2024 - 21:25:21: "BAN cKi||A-<36><STEAM_0:0:32793027><>" joined team "Allies"
L 03/17/2024 - 21:25:22: "BAN teamownererererer<24><STEAM_0:0:1642552><>" joined team "Allies"
L 03/17/2024 - 21:25:22: "MAFIA.sean<37><STEAM_0:1:748805><>" joined team "Axis"
L 03/17/2024 - 21:25:22: "BAN cKi||A-<36><STEAM_0:0:32793027><Allies>" changed role to "#class_allied_garand"
L 03/17/2024 - 21:25:23: "MAFIA.sean<37><STEAM_0:1:748805><Axis>" changed role to "#class_axis_kar98"
L 03/17/2024 - 21:25:23: "BAN teamownererererer<24><STEAM_0:0:1642552><Allies>" changed role to "#class_allied_garand"
L 03/17/2024 - 21:25:23: "MAFIA.riveroyster[dd]<35><STEAM_0:1:77131><>" joined team "Axis"
L 03/17/2024 - 21:25:23: "BAN gaul<17><STEAM_0:1:64565><>" joined team "Allies"
L 03/17/2024 - 21:25:23: "BAN gaul<17><STEAM_0:1:64565><Allies>" changed role to "#class_allied_garand"
L 03/17/2024 - 21:25:23: "MAFIA.nein_<27><STEAM_0:1:25292511><Axis>" changed role to "#class_axis_mp40"
L 03/17/2024 - 21:25:23: "MAFIA.riveroyster[dd]<35><STEAM_0:1:77131><Axis>" changed role to "#class_axis_mp44"
L 03/17/2024 - 21:25:24: "MAFIA.ProstaR!<33><STEAM_0:1:3620667><Allies>" changed role to "#class_allied_heavy"
L 03/17/2024 - 21:25:25: "BAN monday<32><STEAM_0:0:11692441><>" joined team "Allies"
L 03/17/2024 - 21:25:25: "BAN rolyat<20><STEAM_0:1:78865><>" joined team "Allies"
L 03/17/2024 - 21:25:25: "BAN monday<32><STEAM_0:0:11692441><Allies>" changed role to "#class_allied_sniper"
L 03/17/2024 - 21:25:26: "MAFIA.ProstaR!<33><STEAM_0:1:3620667><Allies>" joined team "Axis"
L 03/17/2024 - 21:25:27: "MAFIA.ProstaR!<33><STEAM_0:1:3620667><Axis>" changed role to "#class_axis_mp44"
L 03/17/2024 - 21:25:27: "BAN rolyat<20><STEAM_0:1:78865><Allies>" changed role to "#class_allied_thompson"
L 03/17/2024 - 21:25:29: "MAFIA.Pib<23><STEAM_0:0:417520><>" joined team "Axis"
L 03/17/2024 - 21:25:29: "MAFIA.Pib<23><STEAM_0:0:417520><Axis>" changed role to "#class_axis_sniper"
L 03/17/2024 - 21:25:50: "BAN rolyat<20><STEAM_0:1:78865><Allies>" changed role to "#class_allied_heavy"
L 03/17/2024 - 21:25:51: "BAN teamownererererer<24><STEAM_0:0:1642552><Allies>" say_team "r"
L 03/17/2024 - 21:25:53: "BAN dod<18><STEAM_0:0:3612473><Allies>" triggered a "dod_control_point" - "The Destroyed House"
L 03/17/2024 - 21:25:54: "MAFIA.sean<37><STEAM_0:1:748805><Axis>" triggered a "dod_control_point" - "The Church"
L 03/17/2024 - 21:26:01: "MAFIA.kanguhhh<34><STEAM_0:0:90794><Axis>" killed "BAN teamownererererer<24><STEAM_0:0:1642552><Allies>" with "kar"
L 03/17/2024 - 21:26:03: Team "Axis" triggered a "dod_capture_area" - "The Underpass"
L 03/17/2024 - 21:26:03: "MAFIA.riveroyster[dd]<35><STEAM_0:1:77131><Axis>" triggered a "dod_capture_area" - "The Underpass"
L 03/17/2024 - 21:26:03: "MAFIA.kanguhhh<34><STEAM_0:0:90794><Axis>" killed "BAN gaul<17><STEAM_0:1:64565><Allies>" with "kar"
L 03/17/2024 - 21:26:05: "MAFIA.riveroyster[dd]<35><STEAM_0:1:77131><Axis>" killed "BAN dod<18><STEAM_0:0:3612473><Allies>" with "mp44"
L 03/17/2024 - 21:26:08: "MAFIA.kanguhhh<34><STEAM_0:0:90794><Axis>" killed "BAN cKi||A-<36><STEAM_0:0:32793027><Allies>" with "kar"
L 03/17/2024 - 21:26:11: "MAFIA.riveroyster[dd]<35><STEAM_0:1:77131><Axis>" killed "BAN rolyat<20><STEAM_0:1:78865><Allies>" with "bar"
L 03/17/2024 - 21:26:17: Team "Axis" triggered a "dod_capture_area" - "The Underpass"
L 03/17/2024 - 21:26:17: "MAFIA.ProstaR!<33><STEAM_0:1:3620667><Axis>" triggered a "dod_capture_area" - "The Underpass"
L 03/17/2024 - 21:26:25: "BAN dod<18><STEAM_0:0:3612473><Allies>" killed "MAFIA.riveroyster[dd]<35><STEAM_0:1:77131><Axis>" with "bar"
L 03/17/2024 - 21:26:25: "MAFIA.kanguhhh<34><STEAM_0:0:90794><Axis>" killed "BAN dod<18><STEAM_0:0:3612473><Allies>" with "luger"
L 03/17/2024 - 21:26:27: "BAN rolyat<20><STEAM_0:1:78865><Allies>" killed "MAFIA.kanguhhh<34><STEAM_0:0:90794><Axis>" with "bar"
L 03/17/2024 - 21:26:30: "BAN dod<18><STEAM_0:0:3612473><Allies>" say_team "1"
L 03/17/2024 - 21:26:31: "MAFIA.sean<37><STEAM_0:1:748805><Axis>" killed "BAN cKi||A-<36><STEAM_0:0:32793027><Allies>" with "kar"
L 03/17/2024 - 21:26:34: Team "Axis" triggered a "dod_capture_area" - "The Fountain"
L 03/17/2024 - 21:26:34: "MAFIA.nein_<27><STEAM_0:1:25292511><Axis>" triggered a "dod_capture_area" - "The Fountain"
L 03/17/2024 - 21:26:34: "MAFIA.sean<37><STEAM_0:1:748805><Axis>" killed "BAN rolyat<20><STEAM_0:1:78865><Allies>" with "luger"
L 03/17/2024 - 21:26:35: Team "Axis" triggered a "dod_capture_area" - "The Fountain"
L 03/17/2024 - 21:26:35: "MAFIA.nein_<27><STEAM_0:1:25292511><Axis>" triggered a "dod_capture_area" - "The Fountain"
L 03/17/2024 - 21:26:36: "MAFIA.ProstaR!<33><STEAM_0:1:3620667><Axis>" killed "BAN teamownererererer<24><STEAM_0:0:1642552><Allies>" with "mp44"
L 03/17/2024 - 21:26:38: "BAN gaul<17><STEAM_0:1:64565><Allies>" killed "MAFIA.sean<37><STEAM_0:1:748805><Axis>" with "garand"
L 03/17/2024 - 21:26:40: "MAFIA.sean<37><STEAM_0:1:748805><Axis>" joined team "Spectators"
L 03/17/2024 - 21:26:40: "BAN gaul<17><STEAM_0:1:64565><Allies>" killed "MAFIA.ProstaR!<33><STEAM_0:1:3620667><Axis>" with "garand"
L 03/17/2024 - 21:26:40: "MAFIA.sean<37><STEAM_0:1:748805><Spectators>" joined team "Axis"
L 03/17/2024 - 21:26:40: "MAFIA.sean<37><STEAM_0:1:748805><Axis>" changed role to "#class_axis_kar98"
L 03/17/2024 - 21:26:49: "MAFIA.Pib<23><STEAM_0:0:417520><Axis>" killed "BAN monday<32><STEAM_0:0:11692441><Allies>" with "scopedkar"
L 03/17/2024 - 21:26:49: "MAFIA.nein_<27><STEAM_0:1:25292511><Axis>" killed "BAN cKi||A-<36><STEAM_0:0:32793027><Allies>" with "mp40"
L 03/17/2024 - 21:26:52: "MAFIA.nein_<27><STEAM_0:1:25292511><Axis>" killed "BAN dod<18><STEAM_0:0:3612473><Allies>" with "mp40"
L 03/17/2024 - 21:26:57: "MAFIA.Pib<23><STEAM_0:0:417520><Axis>" triggered a "dod_control_point" - "The Destroyed House"
L 03/17/2024 - 21:26:58: "BAN rolyat<20><STEAM_0:1:78865><Allies>" killed "MAFIA.Pib<23><STEAM_0:0:417520><Axis>" with "bar"
L 03/17/2024 - 21:26:59: "BAN gaul<17><STEAM_0:1:64565><Allies>" killed "MAFIA.riveroyster[dd]<35><STEAM_0:1:77131><Axis>" with "kar"
L 03/17/2024 - 21:27:01: "BAN rolyat<20><STEAM_0:1:78865><Allies>" say_team "18:12"
L 03/17/2024 - 21:27:02: Rcon: "rcon 85826327 "ktps5rcon" exec ktp_chemille.cfg" from "76.179.16.77:27005"
L 03/17/2024 - 21:27:02: Server cvar "mp_friendlyfire" = "1"
L 03/17/2024 - 21:27:02: Server cvar "sv_allowupload" = "0"
L 03/17/2024 - 21:27:02: Server cvar "mp_clan_readyrestart" = "1"
L 03/17/2024 - 21:27:02: Server say "KTP dod_chemille Match Config Executed"
L 03/17/2024 - 21:27:02: Server say "Version 12-28-2022"
L 03/17/2024 - 21:27:02: Server say "RECORD DEMOS, TURN ON MOSS, START CAPTURE WITH MOSS!!!! MOSS!!!"
L 03/17/2024 - 21:27:02: Server say "RECORD DEMOS, TURN ON MOSS, START CAPTURE WITH MOSS!!!! MOSS!!!"
L 03/17/2024 - 21:27:02: Server cvar "mp_clan_readyrestart" = "0"
L 03/17/2024 - 21:27:03: "BAN teamownererererer<24><STEAM_0:0:1642552><Allies>" killed "MAFIA.nein_<27><STEAM_0:1:25292511><Axis>" with "garand"
L 03/17/2024 - 21:27:03: "BAN rolyat<20><STEAM_0:1:78865><Allies>" say "ready"
L 03/17/2024 - 21:27:06: "MAFIA.kanguhhh<34><STEAM_0:0:90794><Axis>" killed "BAN teamownererererer<24><STEAM_0:0:1642552><Allies>" with "kar"
L 03/17/2024 - 21:27:08: "THUNDER - Chicago - HLTV<1><HLTV><>" joined team "Spectators"
L 03/17/2024 - 21:27:09: "THUNDER - Chicago - HLTV<1><HLTV><>" entered the game
L 03/17/2024 - 21:27:09: "MAFIA.ProstaR!<33><STEAM_0:1:3620667><Axis>" killed "BAN gaul<17><STEAM_0:1:64565><Allies>" with "mp44"
L 03/17/2024 - 21:27:14: "MAFIA.kanguhhh<34><STEAM_0:0:90794><Axis>" killed "BAN cKi||A-<36><STEAM_0:0:32793027><Allies>" with "kar"
L 03/17/2024 - 21:27:17: "MAFIA.kanguhhh<34><STEAM_0:0:90794><Axis>" killed "BAN monday<32><STEAM_0:0:11692441><Allies>" with "kar"
L 03/17/2024 - 21:27:19: Team "Axis" triggered a "dod_capture_area" - "The Underpass"
L 03/17/2024 - 21:27:19: "MAFIA.ProstaR!<33><STEAM_0:1:3620667><Axis>" triggered a "dod_capture_area" - "The Underpass"
L 03/17/2024 - 21:27:19: "MAFIA.sean<37><STEAM_0:1:748805><Axis>" say "ready"
L 03/17/2024 - 21:27:22: "MAFIA.Pib<23><STEAM_0:0:417520><Axis>" killed "MAFIA.nein_<27><STEAM_0:1:25292511><Axis>" with "spade"
L 03/17/2024 - 21:27:25: "BAN gaul<17><STEAM_0:1:64565><Allies>" killed "MAFIA.kanguhhh<34><STEAM_0:0:90794><Axis>" with "garand"
L 03/17/2024 - 21:27:29: "MAFIA.ProstaR!<33><STEAM_0:1:3620667><Axis>" killed "BAN dod<18><STEAM_0:0:3612473><Allies>" with "kar"
L 03/17/2024 - 21:27:34: "MAFIA.Pib<23><STEAM_0:0:417520><Axis>" say_team "19:54 Remaining, 100 health, Currently at #The_Church"
L 03/17/2024 - 21:27:44: "BAN monday<32><STEAM_0:0:11692441><Allies>" triggered a "dod_control_point" - "The Destroyed House"
L 03/17/2024 - 21:27:45: "MAFIA.ProstaR!<33><STEAM_0:1:3620667><Axis>" triggered a "dod_control_point" - "The Church"
L 03/17/2024 - 21:27:54: "BAN cKi||A-<36><STEAM_0:0:32793027><Allies>" killed "MAFIA.nein_<27><STEAM_0:1:25292511><Axis>" with "grenade"
L 03/17/2024 - 21:27:56: "BAN monday<32><STEAM_0:0:11692441><Allies>" killed "MAFIA.Pib<23><STEAM_0:0:417520><Axis>" with "spring"
L 03/17/2024 - 21:27:57: "BAN cKi||A-<36><STEAM_0:0:32793027><Allies>" killed "MAFIA.kanguhhh<34><STEAM_0:0:90794><Axis>" with "garandbutt"
L 03/17/2024 - 21:27:57: "MAFIA.sean<37><STEAM_0:1:748805><Axis>" killed "BAN teamownererererer<24><STEAM_0:0:1642552><Allies>" with "kar"
L 03/17/2024 - 21:27:58: "BAN teamownererererer<24><STEAM_0:0:1642552><Allies>" killed "MAFIA.sean<37><STEAM_0:1:748805><Axis>" with "grenade"
L 03/17/2024 - 21:27:59: Team "Allies" triggered a "dod_capture_area" - "The Fountain"
L 03/17/2024 - 21:27:59: "BAN cKi||A-<36><STEAM_0:0:32793027><Allies>" triggered a "dod_capture_area" - "The Fountain"
L 03/17/2024 - 21:28:03: Team "Allies" triggered a "dod_capture_area" - "The Underpass"
L 03/17/2024 - 21:28:03: "BAN gaul<17><STEAM_0:1:64565><Allies>" triggered a "dod_capture_area" - "The Underpass"
L 03/17/2024 - 21:28:03: "BAN rolyat<20><STEAM_0:1:78865><Allies>" killed "MAFIA.riveroyster[dd]<35><STEAM_0:1:77131><Axis>" with "grenade"
L 03/17/2024 - 21:28:04: "BAN dod<18><STEAM_0:0:3612473><Allies>" killed "BAN rolyat<20><STEAM_0:1:78865><Allies>" with "grenade"
L 03/17/2024 - 21:28:12: "BAN rolyat<20><STEAM_0:1:78865><Allies>" say_team "19:17"
L 03/17/2024 - 21:28:26: "MAFIA.sean<37><STEAM_0:1:748805><Axis>" killed "BAN gaul<17><STEAM_0:1:64565><Allies>" with "kar"
L 03/17/2024 - 21:28:30: "BAN monday<32><STEAM_0:0:11692441><Allies>" killed "MAFIA.sean<37><STEAM_0:1:748805><Axis>" with "spring"
L 03/17/2024 - 21:28:33: "BAN cKi||A-<36><STEAM_0:0:32793027><Allies>" killed "MAFIA.riveroyster[dd]<35><STEAM_0:1:77131><Axis>" with "kar"
L 03/17/2024 - 21:28:33: "MAFIA.kanguhhh<34><STEAM_0:0:90794><Axis>" killed "BAN cKi||A-<36><STEAM_0:0:32793027><Allies>" with "kar"
L 03/17/2024 - 21:28:34: "BAN cKi||A-<36><STEAM_0:0:32793027><Allies>" say_team "18:54 #The_Church -60"
L 03/17/2024 - 21:28:35: "BAN dod<18><STEAM_0:0:3612473><Allies>" killed "MAFIA.kanguhhh<34><STEAM_0:0:90794><Axis>" with "bar"
L 03/17/2024 - 21:28:35: "BAN teamownererererer<24><STEAM_0:0:1642552><Allies>" killed "MAFIA.nein_<27><STEAM_0:1:25292511><Axis>" with "grenade"
L 03/17/2024 - 21:28:44: "BAN dod<18><STEAM_0:0:3612473><Allies>" killed "MAFIA.ProstaR!<33><STEAM_0:1:3620667><Axis>" with "kar"
L 03/17/2024 - 21:28:51: "BAN rolyat<20><STEAM_0:1:78865><Allies>" say_team "18:38"
L 03/17/2024 - 21:28:52: "BAN monday<32><STEAM_0:0:11692441><Allies>" killed "MAFIA.nein_<27><STEAM_0:1:25292511><Axis>" with "spring"
L 03/17/2024 - 21:28:53: "MAFIA.sean<37><STEAM_0:1:748805><Axis>" killed "MAFIA.riveroyster[dd]<35><STEAM_0:1:77131><Axis>" with "grenade2"
L 03/17/2024 - 21:28:55: "MAFIA.kanguhhh<34><STEAM_0:0:90794><Axis>" killed "BAN monday<32><STEAM_0:0:11692441><Allies>" with "kar"
L 03/17/2024 - 21:28:58: "BAN dod<18><STEAM_0:0:3612473><Allies>" killed "MAFIA.sean<37><STEAM_0:1:748805><Axis>" with "kar"
L 03/17/2024 - 21:29:11: "MAFIA.ProstaR!<33><STEAM_0:1:3620667><Axis>" killed "BAN dod<18><STEAM_0:0:3612473><Allies>" with "mp44"
L 03/17/2024 - 21:29:17: "MAFIA.riveroyster[dd]<35><STEAM_0:1:77131><Axis>" killed "BAN gaul<17><STEAM_0:1:64565><Allies>" with "mp44"
L 03/17/2024 - 21:29:19: "MAFIA.Pib<23><STEAM_0:0:417520><Axis>" killed "BAN cKi||A-<36><STEAM_0:0:32793027><Allies>" with "scopedkar"
L 03/17/2024 - 21:29:21: "BAN cKi||A-<36><STEAM_0:0:32793027><Allies>" say_team "18:07 #The_Fountain -67"
L 03/17/2024 - 21:29:23: "BAN monday<32><STEAM_0:0:11692441><Allies>" killed "MAFIA.riveroyster[dd]<35><STEAM_0:1:77131><Axis>" with "spring"
L 03/17/2024 - 21:29:26: "MAFIA.kanguhhh<34><STEAM_0:0:90794><Axis>" killed "BAN monday<32><STEAM_0:0:11692441><Allies>" with "kar"
L 03/17/2024 - 21:29:29: "BAN teamownererererer<24><STEAM_0:0:1642552><Allies>" killed "MAFIA.kanguhhh<34><STEAM_0:0:90794><Axis>" with "garand"
L 03/17/2024 - 21:29:30: "MAFIA.Pib<23><STEAM_0:0:417520><Axis>" killed "BAN teamownererererer<24><STEAM_0:0:1642552><Allies>" with "scopedkar"
L 03/17/2024 - 21:29:31: "MAFIA.ProstaR!<33><STEAM_0:1:3620667><Axis>" killed "BAN rolyat<20><STEAM_0:1:78865><Allies>" with "kar"
L 03/17/2024 - 21:29:36: Team "Axis" triggered a "dod_capture_area" - "The Fountain"
L 03/17/2024 - 21:29:36: "MAFIA.Pib<23><STEAM_0:0:417520><Axis>" triggered a "dod_capture_area" - "The Fountain"
L 03/17/2024 - 21:29:41: "BAN cKi||A-<36><STEAM_0:0:32793027><Allies>" killed "MAFIA.Pib<23><STEAM_0:0:417520><Axis>" with "grenade"
L 03/17/2024 - 21:29:47: Team "Allies" triggered a "dod_capture_area" - "The Fountain"
L 03/17/2024 - 21:29:47: "BAN cKi||A-<36><STEAM_0:0:32793027><Allies>" triggered a "dod_capture_area" - "The Fountain"
L 03/17/2024 - 21:29:50: "MAFIA.sean<37><STEAM_0:1:748805><Axis>" killed "BAN gaul<17><STEAM_0:1:64565><Allies>" with "kar"
L 03/17/2024 - 21:29:56: "MAFIA.Pib<23><STEAM_0:0:417520><Axis>" say_team "17:33 Remaining, 100 health, Currently at #The_Church"
L 03/17/2024 - 21:29:59: "MAFIA.Pib<23><STEAM_0:0:417520><Axis>" say_team "17:29 Remaining, 100 health, Currently at #The_Church"
L 03/17/2024 - 21:30:01: "BAN rolyat<20><STEAM_0:1:78865><Allies>" killed "MAFIA.riveroyster[dd]<35><STEAM_0:1:77131><Axis>" with "grenade"
L 03/17/2024 - 21:30:05: "BAN monday<32><STEAM_0:0:11692441><Allies>" killed "MAFIA.kanguhhh<34><STEAM_0:0:90794><Axis>" with "spring"
L 03/17/2024 - 21:30:05: "MAFIA.nein_<27><STEAM_0:1:25292511><Axis>" killed "BAN teamownererererer<24><STEAM_0:0:1642552><Allies>" with "spring"
L 03/17/2024 - 21:30:05: "BAN cKi||A-<36><STEAM_0:0:32793027><Allies>" killed "MAFIA.sean<37><STEAM_0:1:748805><Axis>" with "garand"
L 03/17/2024 - 21:30:09: "MAFIA.nein_<27><STEAM_0:1:25292511><Axis>" killed "BAN cKi||A-<36><STEAM_0:0:32793027><Allies>" with "luger"
L 03/17/2024 - 21:30:09: "BAN monday<32><STEAM_0:0:11692441><Allies>" killed "MAFIA.nein_<27><STEAM_0:1:25292511><Axis>" with "spring"
L 03/17/2024 - 21:30:10: "MAFIA.Pib<23><STEAM_0:0:417520><Axis>" killed "BAN monday<32><STEAM_0:0:11692441><Allies>" with "scopedkar"
L 03/17/2024 - 21:30:11: "BAN cKi||A-<36><STEAM_0:0:32793027><Allies>" say_team "17:18 #The_Fountain -91"
L 03/17/2024 - 21:30:13: "BAN dod<18><STEAM_0:0:3612473><Allies>" killed "MAFIA.ProstaR!<33><STEAM_0:1:3620667><Axis>" with "bar"
L 03/17/2024 - 21:30:18: Team "Axis" triggered a "dod_capture_area" - "The Fountain"
L 03/17/2024 - 21:30:18: "MAFIA.Pib<23><STEAM_0:0:417520><Axis>" triggered a "dod_capture_area" - "The Fountain"
L 03/17/2024 - 21:30:24: "MAFIA.Pib<23><STEAM_0:0:417520><Axis>" killed "BAN rolyat<20><STEAM_0:1:78865><Allies>" with "kar"
L 03/17/2024 - 21:30:26: "BAN gaul<17><STEAM_0:1:64565><Allies>" killed "MAFIA.Pib<23><STEAM_0:0:417520><Axis>" with "garand"
L 03/17/2024 - 21:30:30: "BAN dod<18><STEAM_0:0:3612473><Allies>" killed "MAFIA.sean<37><STEAM_0:1:748805><Axis>" with "bar"
L 03/17/2024 - 21:30:36: "BAN cKi||A-<36><STEAM_0:0:32793027><Allies>" killed "MAFIA.kanguhhh<34><STEAM_0:0:90794><Axis>" with "grenade"
L 03/17/2024 - 21:30:36: "MAFIA.nein_<27><STEAM_0:1:25292511><Axis>" killed "BAN gaul<17><STEAM_0:1:64565><Allies>" with "grenade2"
L 03/17/2024 - 21:30:38: "BAN dod<18><STEAM_0:0:3612473><Allies>" killed "MAFIA.riveroyster[dd]<35><STEAM_0:1:77131><Axis>" with "bar"
L 03/17/2024 - 21:30:43: "MAFIA.ProstaR!<33><STEAM_0:1:3620667><Axis>" killed "BAN cKi||A-<36><STEAM_0:0:32793027><Allies>" with "mp44"
L 03/17/2024 - 21:30:43: "BAN cKi||A-<36><STEAM_0:0:32793027><Allies>" say_team "16:45 #The_Church -11"
L 03/17/2024 - 21:30:45: "BAN monday<32><STEAM_0:0:11692441><Allies>" killed "MAFIA.nein_<27><STEAM_0:1:25292511><Axis>" with "spring"
L 03/17/2024 - 21:30:48: Team "Allies" triggered a "dod_capture_area" - "The Fountain"
L 03/17/2024 - 21:30:48: "BAN monday<32><STEAM_0:0:11692441><Allies>" triggered a "dod_capture_area" - "The Fountain"
L 03/17/2024 - 21:30:53: "BAN cKi||A-<36><STEAM_0:0:32793027><Allies>" say_team "16:36 #The_Underpass 1"
L 03/17/2024 - 21:30:55: "BAN rolyat<20><STEAM_0:1:78865><Allies>" say_team "16:34"
L 03/17/2024 - 21:30:57: "MAFIA.sean<37><STEAM_0:1:748805><Axis>" killed "BAN gaul<17><STEAM_0:1:64565><Allies>" with "kar"
L 03/17/2024 - 21:31:00: "MAFIA.ProstaR!<33><STEAM_0:1:3620667><Axis>" killed "BAN monday<32><STEAM_0:0:11692441><Allies>" with "mp44"
L 03/17/2024 - 21:31:04: "MAFIA.ProstaR!<33><STEAM_0:1:3620667><Axis>" killed "BAN teamownererererer<24><STEAM_0:0:1642552><Allies>" with "mp44"
L 03/17/2024 - 21:31:06: "BAN dod<18><STEAM_0:0:3612473><Allies>" killed "MAFIA.ProstaR!<33><STEAM_0:1:3620667><Axis>" with "bar"
L 03/17/2024 - 21:31:07: "MAFIA.riveroyster[dd]<35><STEAM_0:1:77131><Axis>" killed "BAN dod<18><STEAM_0:0:3612473><Allies>" with "mp44"
L 03/17/2024 - 21:31:09: "BAN dod<18><STEAM_0:0:3612473><Allies>" say_team "100"
L 03/17/2024 - 21:31:10: Team "Axis" triggered a "dod_capture_area" - "The Fountain"
L 03/17/2024 - 21:31:10: "MAFIA.sean<37><STEAM_0:1:748805><Axis>" triggered a "dod_capture_area" - "The Fountain"
L 03/17/2024 - 21:31:13: "BAN rolyat<20><STEAM_0:1:78865><Allies>" killed "MAFIA.riveroyster[dd]<35><STEAM_0:1:77131><Axis>" with "bar"
L 03/17/2024 - 21:31:17: "MAFIA.Pib<23><STEAM_0:0:417520><Axis>" killed "BAN cKi||A-<36><STEAM_0:0:32793027><Allies>" with "kar"
L 03/17/2024 - 21:31:18: "BAN cKi||A-<36><STEAM_0:0:32793027><Allies>" say_team "16:11 #The_Fountain -20"
L 03/17/2024 - 21:31:23: "MAFIA.kanguhhh<34><STEAM_0:0:90794><Axis>" killed "BAN teamownererererer<24><STEAM_0:0:1642552><Allies>" with "kar"
L 03/17/2024 - 21:31:25: "BAN monday<32><STEAM_0:0:11692441><Allies>" killed "MAFIA.sean<37><STEAM_0:1:748805><Axis>" with "spring"
L 03/17/2024 - 21:31:35: "MAFIA.kanguhhh<34><STEAM_0:0:90794><Axis>" killed "BAN monday<32><STEAM_0:0:11692441><Allies>" with "kar"
L 03/17/2024 - 21:31:41: "BAN gaul<17><STEAM_0:1:64565><Allies>" killed "MAFIA.Pib<23><STEAM_0:0:417520><Axis>" with "kar"
L 03/17/2024 - 21:31:43: "BAN rolyat<20><STEAM_0:1:78865><Allies>" say_team "15:46"
L 03/17/2024 - 21:31:52: "BAN gaul<17><STEAM_0:1:64565><Allies>" killed "MAFIA.kanguhhh<34><STEAM_0:0:90794><Axis>" with "kar"
L 03/17/2024 - 21:31:52: "BAN cKi||A-<36><STEAM_0:0:32793027><Allies>" killed "MAFIA.sean<37><STEAM_0:1:748805><Axis>" with "spring"
L 03/17/2024 - 21:32:00: "MAFIA.nein_<27><STEAM_0:1:25292511><Axis>" killed "BAN cKi||A-<36><STEAM_0:0:32793027><Allies>" with "scopedkar"
L 03/17/2024 - 21:32:00: "BAN teamownererererer<24><STEAM_0:0:1642552><Allies>" killed "MAFIA.riveroyster[dd]<35><STEAM_0:1:77131><Axis>" with "kar"
L 03/17/2024 - 21:32:01: "BAN cKi||A-<36><STEAM_0:0:32793027><Allies>" say_team "15:28 #The_Fountain -20"
L 03/17/2024 - 21:32:03: "BAN dod<18><STEAM_0:0:3612473><Allies>" killed "MAFIA.nein_<27><STEAM_0:1:25292511><Axis>" with "bar"
L 03/17/2024 - 21:32:05: "MAFIA.ProstaR!<33><STEAM_0:1:3620667><Axis>" killed "BAN dod<18><STEAM_0:0:3612473><Allies>" with "mp44"
L 03/17/2024 - 21:32:08: "MAFIA.kanguhhh<34><STEAM_0:0:90794><Axis>" killed "BAN gaul<17><STEAM_0:1:64565><Allies>" with "kar"
L 03/17/2024 - 21:32:11: "BAN rolyat<20><STEAM_0:1:78865><Allies>" killed "MAFIA.ProstaR!<33><STEAM_0:1:3620667><Axis>" with "bar"
L 03/17/2024 - 21:32:12: Team "Allies" triggered a "dod_capture_area" - "The Fountain"
L 03/17/2024 - 21:32:12: "BAN teamownererererer<24><STEAM_0:0:1642552><Allies>" triggered a "dod_capture_area" - "The Fountain"
L 03/17/2024 - 21:32:20: "MAFIA.sean<37><STEAM_0:1:748805><Axis>" killed "BAN teamownererererer<24><STEAM_0:0:1642552><Allies>" with "kar"
L 03/17/2024 - 21:32:21: Team "Axis" triggered a "dod_capture_area" - "The Fountain"
L 03/17/2024 - 21:32:21: "MAFIA.sean<37><STEAM_0:1:748805><Axis>" triggered a "dod_capture_area" - "The Fountain"
L 03/17/2024 - 21:32:24: "BAN monday<32><STEAM_0:0:11692441><Allies>" killed "MAFIA.sean<37><STEAM_0:1:748805><Axis>" with "spring"
L 03/17/2024 - 21:32:27: "MAFIA.kanguhhh<34><STEAM_0:0:90794><Axis>" killed "BAN monday<32><STEAM_0:0:11692441><Allies>" with "kar"
L 03/17/2024 - 21:32:28: "BAN cKi||A-<36><STEAM_0:0:32793027><Allies>" killed "MAFIA.nein_<27><STEAM_0:1:25292511><Axis>" with "grenade"
L 03/17/2024 - 21:32:32: Team "Allies" triggered a "dod_capture_area" - "The Fountain"
L 03/17/2024 - 21:32:32: "BAN cKi||A-<36><STEAM_0:0:32793027><Allies>" triggered a "dod_capture_area" - "The Fountain"
L 03/17/2024 - 21:32:34: "MAFIA.riveroyster[dd]<35><STEAM_0:1:77131><Axis>" killed "BAN cKi||A-<36><STEAM_0:0:32793027><Allies>" with "mp44"
L 03/17/2024 - 21:32:35: "BAN cKi||A-<36><STEAM_0:0:32793027><Allies>" say_team "14:54 #The_Fountain -5"
L 03/17/2024 - 21:32:36: "BAN dod<18><STEAM_0:0:3612473><Allies>" killed "MAFIA.ProstaR!<33><STEAM_0:1:3620667><Axis>" with "grenade"
L 03/17/2024 - 21:32:38: Team "Axis" triggered a "dod_capture_area" - "The Fountain"
L 03/17/2024 - 21:32:38: "MAFIA.kanguhhh<34><STEAM_0:0:90794><Axis>" triggered a "dod_capture_area" - "The Fountain"
L 03/17/2024 - 21:32:41: "BAN rolyat<20><STEAM_0:1:78865><Allies>" say_team "14:48"
L 03/17/2024 - 21:32:41: "MAFIA.sean<37><STEAM_0:1:748805><Axis>" say_team "14:47 Remaining, 100 health, Currently at #The_Church"
L 03/17/2024 - 21:32:44: "MAFIA.riveroyster[dd]<35><STEAM_0:1:77131><Axis>" killed "BAN gaul<17><STEAM_0:1:64565><Allies>" with "mp44"
L 03/17/2024 - 21:32:46: "BAN cKi||A-<36><STEAM_0:0:32793027><Allies>" say_team "14:43 #The_Destroyed_House 1"
L 03/17/2024 - 21:32:46: "BAN dod<18><STEAM_0:0:3612473><Allies>" killed "MAFIA.riveroyster[dd]<35><STEAM_0:1:77131><Axis>" with "bar"
L 03/17/2024 - 21:32:50: "MAFIA.kanguhhh<34><STEAM_0:0:90794><Axis>" killed "BAN monday<32><STEAM_0:0:11692441><Allies>" with "grenade2"
L 03/17/2024 - 21:32:58: "MAFIA.sean<37><STEAM_0:1:748805><Axis>" killed "BAN dod<18><STEAM_0:0:3612473><Allies>" with "grenade2"
L 03/17/2024 - 21:32:58: "BAN teamownererererer<24><STEAM_0:0:1642552><Allies>" killed "MAFIA.kanguhhh<34><STEAM_0:0:90794><Axis>" with "garand"
L 03/17/2024 - 21:33:00: "BAN rolyat<20><STEAM_0:1:78865><Allies>" killed "MAFIA.sean<37><STEAM_0:1:748805><Axis>" with "bar"
L 03/17/2024 - 21:33:15: "BAN monday<32><STEAM_0:0:11692441><Allies>" killed "MAFIA.nein_<27><STEAM_0:1:25292511><Axis>" with "spring"
L 03/17/2024 - 21:33:17: "MAFIA.Pib<23><STEAM_0:0:417520><Axis>" killed "BAN cKi||A-<36><STEAM_0:0:32793027><Allies>" with "kar"
L 03/17/2024 - 21:33:18: "BAN cKi||A-<36><STEAM_0:0:32793027><Allies>" say_team "14:11 #The_Fountain -60"
L 03/17/2024 - 21:33:18: "BAN rolyat<20><STEAM_0:1:78865><Allies>" say_team "14:10"
L 03/17/2024 - 21:33:23: "MAFIA.Pib<23><STEAM_0:0:417520><Axis>" killed "BAN teamownererererer<24><STEAM_0:0:1642552><Allies>" with "luger"
L 03/17/2024 - 21:33:25: "BAN monday<32><STEAM_0:0:11692441><Allies>" killed "MAFIA.kanguhhh<34><STEAM_0:0:90794><Axis>" with "spring"
L 03/17/2024 - 21:33:26: "BAN gaul<17><STEAM_0:1:64565><Allies>" killed "MAFIA.Pib<23><STEAM_0:0:417520><Axis>" with "garand"
L 03/17/2024 - 21:33:30: "MAFIA.Pib<23><STEAM_0:0:417520><Axis>" say_team "13:58 Remaining, 100 health, Currently at #The_Church"
L 03/17/2024 - 21:33:31: Team "Allies" triggered a "dod_capture_area" - "The Fountain"
L 03/17/2024 - 21:33:31: "BAN gaul<17><STEAM_0:1:64565><Allies>" triggered a "dod_capture_area" - "The Fountain"
L 03/17/2024 - 21:33:32: "MAFIA.sean<37><STEAM_0:1:748805><Axis>" killed "BAN monday<32><STEAM_0:0:11692441><Allies>" with "kar"
L 03/17/2024 - 21:33:36: "BAN rolyat<20><STEAM_0:1:78865><Allies>" say_team "13:53"
L 03/17/2024 - 21:33:36: "MAFIA.sean<37><STEAM_0:1:748805><Axis>" killed "BAN gaul<17><STEAM_0:1:64565><Allies>" with "kar"
L 03/17/2024 - 21:33:38: "BAN rolyat<20><STEAM_0:1:78865><Allies>" say_team "13:50"
L 03/17/2024 - 21:33:40: Team "Axis" triggered a "dod_capture_area" - "The Fountain"
L 03/17/2024 - 21:33:40: "MAFIA.sean<37><STEAM_0:1:748805><Axis>" triggered a "dod_capture_area" - "The Fountain"
L 03/17/2024 - 21:33:48: "BAN dod<18><STEAM_0:0:3612473><Allies>" killed "MAFIA.riveroyster[dd]<35><STEAM_0:1:77131><Axis>" with "bar"
L 03/17/2024 - 21:33:49: "BAN cKi||A-<36><STEAM_0:0:32793027><Allies>" killed "MAFIA.sean<37><STEAM_0:1:748805><Axis>" with "garandbutt"
L 03/17/2024 - 21:33:56: "BAN cKi||A-<36><STEAM_0:0:32793027><Allies>" killed "MAFIA.kanguhhh<34><STEAM_0:0:90794><Axis>" with "kar"
L 03/17/2024 - 21:33:57: "MAFIA.ProstaR!<33><STEAM_0:1:3620667><Axis>" killed "BAN rolyat<20><STEAM_0:1:78865><Allies>" with "mp44"
L 03/17/2024 - 21:33:58: "BAN teamownererererer<24><STEAM_0:0:1642552><Allies>" killed "MAFIA.nein_<27><STEAM_0:1:25292511><Axis>" with "garand"
L 03/17/2024 - 21:34:04: Team "Allies" triggered a "dod_capture_area" - "The Fountain"
L 03/17/2024 - 21:34:04: "BAN cKi||A-<36><STEAM_0:0:32793027><Allies>" triggered a "dod_capture_area" - "The Fountain"
L 03/17/2024 - 21:34:06: "BAN cKi||A-<36><STEAM_0:0:32793027><Allies>" killed "MAFIA.Pib<23><STEAM_0:0:417520><Axis>" with "kar"
L 03/17/2024 - 21:34:06: "BAN dod<18><STEAM_0:0:3612473><Allies>" killed "MAFIA.ProstaR!<33><STEAM_0:1:3620667><Axis>" with "bar"
L 03/17/2024 - 21:34:07: "BAN rolyat<20><STEAM_0:1:78865><Allies>" say_team "13:21"
L 03/17/2024 - 21:34:18: "MAFIA.sean<37><STEAM_0:1:748805><Axis>" killed "BAN dod<18><STEAM_0:0:3612473><Allies>" with "kar"
L 03/17/2024 - 21:34:25: "BAN gaul<17><STEAM_0:1:64565><Allies>" killed "MAFIA.riveroyster[dd]<35><STEAM_0:1:77131><Axis>" with "kar"
L 03/17/2024 - 21:34:29: "MAFIA.sean<37><STEAM_0:1:748805><Axis>" killed "BAN gaul<17><STEAM_0:1:64565><Allies>" with "kar"
L 03/17/2024 - 21:34:34: "MAFIA.kanguhhh<34><STEAM_0:0:90794><Axis>" killed "BAN teamownererererer<24><STEAM_0:0:1642552><Allies>" with "kar"
L 03/17/2024 - 21:34:36: "BAN rolyat<20><STEAM_0:1:78865><Allies>" say_team "12:53"
L 03/17/2024 - 21:34:42: "BAN cKi||A-<36><STEAM_0:0:32793027><Allies>" killed "MAFIA.Pib<23><STEAM_0:0:417520><Axis>" with "kar"
L 03/17/2024 - 21:34:42: "BAN monday<32><STEAM_0:0:11692441><Allies>" killed "MAFIA.kanguhhh<34><STEAM_0:0:90794><Axis>" with "spring"
L 03/17/2024 - 21:34:44: Team "Axis" triggered a "dod_capture_area" - "The Fountain"
L 03/17/2024 - 21:34:44: "MAFIA.sean<37><STEAM_0:1:748805><Axis>" triggered a "dod_capture_area" - "The Fountain"
L 03/17/2024 - 21:34:44: "BAN cKi||A-<36><STEAM_0:0:32793027><Allies>" killed "MAFIA.ProstaR!<33><STEAM_0:1:3620667><Axis>" with "kar"
L 03/17/2024 - 21:34:50: "BAN gaul<17><STEAM_0:1:64565><Allies>" killed "MAFIA.sean<37><STEAM_0:1:748805><Axis>" with "garand"
L 03/17/2024 - 21:34:54: "MAFIA.riveroyster[dd]<35><STEAM_0:1:77131><Axis>" killed "BAN cKi||A-<36><STEAM_0:0:32793027><Allies>" with "mp44"
L 03/17/2024 - 21:34:55: "MAFIA.nein_<27><STEAM_0:1:25292511><Axis>" killed "BAN monday<32><STEAM_0:0:11692441><Allies>" with "kar"
L 03/17/2024 - 21:34:55: Team "Allies" triggered a "dod_capture_area" - "The Fountain"
L 03/17/2024 - 21:34:55: "BAN monday<32><STEAM_0:0:11692441><Allies>" triggered a "dod_capture_area" - "The Fountain"
L 03/17/2024 - 21:34:55: "BAN cKi||A-<36><STEAM_0:0:32793027><Allies>" say_team "12:33 #The_Church -25"
L 03/17/2024 - 21:34:56: "BAN rolyat<20><STEAM_0:1:78865><Allies>" say_team "12:33"
L 03/17/2024 - 21:34:58: "BAN gaul<17><STEAM_0:1:64565><Allies>" killed "MAFIA.nein_<27><STEAM_0:1:25292511><Axis>" with "garand"
L 03/17/2024 - 21:35:04: "MAFIA.riveroyster[dd]<35><STEAM_0:1:77131><Axis>" killed "BAN dod<18><STEAM_0:0:3612473><Allies>" with "kar"
L 03/17/2024 - 21:35:12: "BAN rolyat<20><STEAM_0:1:78865><Allies>" killed "MAFIA.riveroyster[dd]<35><STEAM_0:1:77131><Axis>" with "bar"
L 03/17/2024 - 21:35:15: "MAFIA.sean<37><STEAM_0:1:748805><Axis>" killed "BAN gaul<17><STEAM_0:1:64565><Allies>" with "luger"
L 03/17/2024 - 21:35:17: "MAFIA.Pib<23><STEAM_0:0:417520><Axis>" say_team "12:12 Remaining, 100 health, Currently at #The_Church"
L 03/17/2024 - 21:35:19: "BAN rolyat<20><STEAM_0:1:78865><Allies>" killed "MAFIA.sean<37><STEAM_0:1:748805><Axis>" with "bar"
L 03/17/2024 - 21:35:22: "BAN rolyat<20><STEAM_0:1:78865><Allies>" killed "MAFIA.ProstaR!<33><STEAM_0:1:3620667><Axis>" with "bar"
L 03/17/2024 - 21:35:22: "MAFIA.kanguhhh<34><STEAM_0:0:90794><Axis>" killed "BAN cKi||A-<36><STEAM_0:0:32793027><Allies>" with "kar"
L 03/17/2024 - 21:35:23: "BAN cKi||A-<36><STEAM_0:0:32793027><Allies>" say_team "12:06 #The_Fountain -20"
L 03/17/2024 - 21:35:27: "MAFIA.kanguhhh<34><STEAM_0:0:90794><Axis>" killed "BAN monday<32><STEAM_0:0:11692441><Allies>" with "kar"
L 03/17/2024 - 21:35:32: "BAN teamownererererer<24><STEAM_0:0:1642552><Allies>" killed "MAFIA.kanguhhh<34><STEAM_0:0:90794><Axis>" with "garand"
L 03/17/2024 - 21:35:39: "MAFIA.Pib<23><STEAM_0:0:417520><Axis>" killed "BAN teamownererererer<24><STEAM_0:0:1642552><Allies>" with "scopedkar"
L 03/17/2024 - 21:35:40: "BAN rolyat<20><STEAM_0:1:78865><Allies>" killed "MAFIA.nein_<27><STEAM_0:1:25292511><Axis>" with "bar"
L 03/17/2024 - 21:35:47: "MAFIA.ProstaR!<33><STEAM_0:1:3620667><Axis>" killed "BAN rolyat<20><STEAM_0:1:78865><Allies>" with "mp44"
L 03/17/2024 - 21:35:49: Team "Axis" triggered a "dod_capture_area" - "The Fountain"
L 03/17/2024 - 21:35:49: "MAFIA.Pib<23><STEAM_0:0:417520><Axis>" triggered a "dod_capture_area" - "The Fountain"
L 03/17/2024 - 21:35:51: "BAN cKi||A-<36><STEAM_0:0:32793027><Allies>" killed "MAFIA.sean<37><STEAM_0:1:748805><Axis>" with "garand"
L 03/17/2024 - 21:35:54: "BAN cKi||A-<36><STEAM_0:0:32793027><Allies>" killed "MAFIA.Pib<23><STEAM_0:0:417520><Axis>" with "garand"
L 03/17/2024 - 21:35:55: "MAFIA.riveroyster[dd]<35><STEAM_0:1:77131><Axis>" killed "BAN dod<18><STEAM_0:0:3612473><Allies>" with "mp44"
L 03/17/2024 - 21:35:56: "MAFIA.kanguhhh<34><STEAM_0:0:90794><Axis>" killed "BAN gaul<17><STEAM_0:1:64565><Allies>" with "kar"
L 03/17/2024 - 21:35:57: Team "Allies" triggered a "dod_capture_area" - "The Fountain"
L 03/17/2024 - 21:35:57: "BAN cKi||A-<36><STEAM_0:0:32793027><Allies>" triggered a "dod_capture_area" - "The Fountain"
L 03/17/2024 - 21:35:59: Team "Axis" triggered a "dod_capture_area" - "The Underpass"
L 03/17/2024 - 21:35:59: "MAFIA.riveroyster[dd]<35><STEAM_0:1:77131><Axis>" triggered a "dod_capture_area" - "The Underpass"
L 03/17/2024 - 21:36:00: "BAN monday<32><STEAM_0:0:11692441><Allies>" killed "MAFIA.kanguhhh<34><STEAM_0:0:90794><Axis>" with "spring"
L 03/17/2024 - 21:36:04: "MAFIA.sean<37><STEAM_0:1:748805><Axis>" say_team "11:25 Remaining, 100 health, Currently at #The_Church"
L 03/17/2024 - 21:36:06: "BAN monday<32><STEAM_0:0:11692441><Allies>" killed "MAFIA.nein_<27><STEAM_0:1:25292511><Axis>" with "spring"
L 03/17/2024 - 21:36:07: "MAFIA.ProstaR!<33><STEAM_0:1:3620667><Axis>" killed "BAN cKi||A-<36><STEAM_0:0:32793027><Allies>" with "kar"
L 03/17/2024 - 21:36:08: "BAN cKi||A-<36><STEAM_0:0:32793027><Allies>" say_team "11:21 #The_Church -20"
L 03/17/2024 - 21:36:09: "BAN rolyat<20><STEAM_0:1:78865><Allies>" say_team "11:19"
L 03/17/2024 - 21:36:12: "MAFIA.Pib<23><STEAM_0:0:417520><Axis>" say_team "11:17 Remaining, 100 health, Currently at #The_Church"
L 03/17/2024 - 21:36:14: "BAN teamownererererer<24><STEAM_0:0:1642552><Allies>" killed "MAFIA.sean<37><STEAM_0:1:748805><Axis>" with "grenade"
L 03/17/2024 - 21:36:17: "BAN cKi||A-<36><STEAM_0:0:32793027><Allies>" say_team "11:12 #The_Fountain 1"
L 03/17/2024 - 21:36:20: "MAFIA.ProstaR!<33><STEAM_0:1:3620667><Axis>" killed "BAN rolyat<20><STEAM_0:1:78865><Allies>" with "kar"
L 03/17/2024 - 21:36:27: "BAN monday<32><STEAM_0:0:11692441><Allies>" killed "MAFIA.Pib<23><STEAM_0:0:417520><Axis>" with "spring"
L 03/17/2024 - 21:36:29: "BAN monday<32><STEAM_0:0:11692441><Allies>" killed "MAFIA.nein_<27><STEAM_0:1:25292511><Axis>" with "spring"
L 03/17/2024 - 21:36:31: "MAFIA.ProstaR!<33><STEAM_0:1:3620667><Axis>" killed "BAN dod<18><STEAM_0:0:3612473><Allies>" with "kar"
L 03/17/2024 - 21:36:37: "MAFIA.kanguhhh<34><STEAM_0:0:90794><Axis>" killed "BAN monday<32><STEAM_0:0:11692441><Allies>" with "kar"
L 03/17/2024 - 21:36:41: "MAFIA.sean<37><STEAM_0:1:748805><Axis>" killed "BAN teamownererererer<24><STEAM_0:0:1642552><Allies>" with "kar"
L 03/17/2024 - 21:36:43: "BAN gaul<17><STEAM_0:1:64565><Allies>" killed "MAFIA.kanguhhh<34><STEAM_0:0:90794><Axis>" with "garand"
L 03/17/2024 - 21:36:50: "BAN gaul<17><STEAM_0:1:64565><Allies>" killed "MAFIA.sean<37><STEAM_0:1:748805><Axis>" with "kar"
L 03/17/2024 - 21:36:52: "MAFIA.ProstaR!<33><STEAM_0:1:3620667><Axis>" killed "BAN cKi||A-<36><STEAM_0:0:32793027><Allies>" with "kar"
L 03/17/2024 - 21:36:53: "BAN cKi||A-<36><STEAM_0:0:32793027><Allies>" say_team "10:36 #The_Destroyed_House -20"
L 03/17/2024 - 21:36:59: "BAN gaul<17><STEAM_0:1:64565><Allies>" killed "MAFIA.nein_<27><STEAM_0:1:25292511><Axis>" with "kar"
L 03/17/2024 - 21:37:00: "BAN dod<18><STEAM_0:0:3612473><Allies>" killed "MAFIA.ProstaR!<33><STEAM_0:1:3620667><Axis>" with "bar"
L 03/17/2024 - 21:37:04: "MAFIA.sean<37><STEAM_0:1:748805><Axis>" killed "BAN gaul<17><STEAM_0:1:64565><Allies>" with "kar"
L 03/17/2024 - 21:37:06: Team "Axis" triggered a "dod_capture_area" - "The Fountain"
L 03/17/2024 - 21:37:06: "MAFIA.Pib<23><STEAM_0:0:417520><Axis>" triggered a "dod_capture_area" - "The Fountain"
L 03/17/2024 - 21:37:12: "BAN monday<32><STEAM_0:0:11692441><Allies>" killed "MAFIA.kanguhhh<34><STEAM_0:0:90794><Axis>" with "spring"
L 03/17/2024 - 21:37:15: "BAN rolyat<20><STEAM_0:1:78865><Allies>" say_team "10:14"
L 03/17/2024 - 21:37:16: "BAN teamownererererer<24><STEAM_0:0:1642552><Allies>" killed "MAFIA.Pib<23><STEAM_0:0:417520><Axis>" with "garand"
L 03/17/2024 - 21:37:21: Team "Allies" triggered a "dod_capture_area" - "The Fountain"
L 03/17/2024 - 21:37:21: "BAN teamownererererer<24><STEAM_0:0:1642552><Allies>" triggered a "dod_capture_area" - "The Fountain"
L 03/17/2024 - 21:37:21: "BAN cKi||A-<36><STEAM_0:0:32793027><Allies>" triggered a "dod_capture_area" - "The Fountain"
L 03/17/2024 - 21:37:22: "BAN rolyat<20><STEAM_0:1:78865><Allies>" say_team "10:07"
L 03/17/2024 - 21:37:23: "BAN teamownererererer<24><STEAM_0:0:1642552><Allies>" killed "MAFIA.sean<37><STEAM_0:1:748805><Axis>" with "garand"
L 03/17/2024 - 21:37:29: "BAN cKi||A-<36><STEAM_0:0:32793027><Allies>" killed "MAFIA.ProstaR!<33><STEAM_0:1:3620667><Axis>" with "garand"
L 03/17/2024 - 21:37:42: "BAN cKi||A-<36><STEAM_0:0:32793027><Allies>" killed "MAFIA.Pib<23><STEAM_0:0:417520><Axis>" with "mp44"
L 03/17/2024 - 21:37:42: "BAN gaul<17><STEAM_0:1:64565><Allies>" killed "MAFIA.riveroyster[dd]<35><STEAM_0:1:77131><Axis>" with "garand"
L 03/17/2024 - 21:37:50: "MAFIA.nein_<27><STEAM_0:1:25292511><Axis>" killed "BAN rolyat<20><STEAM_0:1:78865><Allies>" with "mp40"
L 03/17/2024 - 21:37:52: "BAN cKi||A-<36><STEAM_0:0:32793027><Allies>" killed "MAFIA.ProstaR!<33><STEAM_0:1:3620667><Axis>" with "mp44"
L 03/17/2024 - 21:37:52: "MAFIA.kanguhhh<34><STEAM_0:0:90794><Axis>" killed "BAN cKi||A-<36><STEAM_0:0:32793027><Allies>" with "bayonet"
L 03/17/2024 - 21:37:53: "BAN cKi||A-<36><STEAM_0:0:32793027><Allies>" say_team "9:36 #The_Church -100"
L 03/17/2024 - 21:37:54: "BAN gaul<17><STEAM_0:1:64565><Allies>" killed "MAFIA.nein_<27><STEAM_0:1:25292511><Axis>" with "garand"
L 03/17/2024 - 21:37:55: Team "Allies" triggered a "dod_capture_area" - "The Underpass"
L 03/17/2024 - 21:37:55: "BAN teamownererererer<24><STEAM_0:0:1642552><Allies>" triggered a "dod_capture_area" - "The Underpass"
L 03/17/2024 - 21:37:57: "MAFIA.Pib<23><STEAM_0:0:417520><Axis>" say_team "9:32 Remaining, 100 health, Currently at #The_Church"
L 03/17/2024 - 21:38:00: "BAN rolyat<20><STEAM_0:1:78865><Allies>" say_team "9:29"
L 03/17/2024 - 21:38:13: "BAN dod<18><STEAM_0:0:3612473><Allies>" killed "MAFIA.kanguhhh<34><STEAM_0:0:90794><Axis>" with "kar"
L 03/17/2024 - 21:38:17: "BAN teamownererererer<24><STEAM_0:0:1642552><Allies>" killed "MAFIA.riveroyster[dd]<35><STEAM_0:1:77131><Axis>" with "kar"
L 03/17/2024 - 21:38:26: "BAN rolyat<20><STEAM_0:1:78865><Allies>" killed "MAFIA.sean<37><STEAM_0:1:748805><Axis>" with "bar"
L 03/17/2024 - 21:38:31: "MAFIA.nein_<27><STEAM_0:1:25292511><Axis>" killed "BAN cKi||A-<36><STEAM_0:0:32793027><Allies>" with "mp40"
L 03/17/2024 - 21:38:32: "BAN cKi||A-<36><STEAM_0:0:32793027><Allies>" say_team "8:57 #The_Fountain 0"
L 03/17/2024 - 21:38:39: "MAFIA.riveroyster[dd]<35><STEAM_0:1:77131><Axis>" killed "BAN gaul<17><STEAM_0:1:64565><Allies>" with "mp44"
L 03/17/2024 - 21:38:43: "BAN rolyat<20><STEAM_0:1:78865><Allies>" killed "MAFIA.nein_<27><STEAM_0:1:25292511><Axis>" with "bar"
L 03/17/2024 - 21:38:45: "BAN dod<18><STEAM_0:0:3612473><Allies>" killed "MAFIA.riveroyster[dd]<35><STEAM_0:1:77131><Axis>" with "kar"
L 03/17/2024 - 21:38:47: "BAN cKi||A-<36><STEAM_0:0:32793027><Allies>" say_team "8:41 #The_Destroyed_House 100"
L 03/17/2024 - 21:38:50: "BAN dod<18><STEAM_0:0:3612473><Allies>" killed "MAFIA.kanguhhh<34><STEAM_0:0:90794><Axis>" with "kar"
L 03/17/2024 - 21:38:50: "BAN rolyat<20><STEAM_0:1:78865><Allies>" killed "MAFIA.ProstaR!<33><STEAM_0:1:3620667><Axis>" with "bar"
L 03/17/2024 - 21:38:54: Team "Axis" triggered a "dod_capture_area" - "The Fountain"
L 03/17/2024 - 21:38:54: "MAFIA.Pib<23><STEAM_0:0:417520><Axis>" triggered a "dod_capture_area" - "The Fountain"
L 03/17/2024 - 21:38:55: "BAN dod<18><STEAM_0:0:3612473><Allies>" triggered a "dod_control_point" - "The Church"
L 03/17/2024 - 21:38:59: "BAN rolyat<20><STEAM_0:1:78865><Allies>" killed "MAFIA.sean<37><STEAM_0:1:748805><Axis>" with "kar"
L 03/17/2024 - 21:39:01: "MAFIA.Pib<23><STEAM_0:0:417520><Axis>" killed "BAN teamownererererer<24><STEAM_0:0:1642552><Allies>" with "kar"
L 03/17/2024 - 21:39:02: "BAN rolyat<20><STEAM_0:1:78865><Allies>" killed "MAFIA.nein_<27><STEAM_0:1:25292511><Axis>" with "kar"
L 03/17/2024 - 21:39:02: Team "Allies" triggered a "dod_capture_area" - "The Fountain"
L 03/17/2024 - 21:39:02: "BAN cKi||A-<36><STEAM_0:0:32793027><Allies>" triggered a "dod_capture_area" - "The Fountain"
L 03/17/2024 - 21:39:02: Team "Allies" won the round. Scores: Allies: 119, Axis: 50
L 03/17/2024 - 21:39:03: "MAFIA.sean<37><STEAM_0:1:748805><Axis>" say_team "8:26 Remaining, 1 health, Currently at #The_Church"
L 03/17/2024 - 21:39:05: "Allies" scored "119" with "6" players
L 03/17/2024 - 21:39:05: "Axis" scored "50" with "6" players
L 03/17/2024 - 21:39:20: "BAN cKi||A-<36><STEAM_0:0:32793027><Allies>" triggered a "dod_control_point" - "The Destroyed House"
L 03/17/2024 - 21:39:20: "BAN rolyat<20><STEAM_0:1:78865><Allies>" say_team "8:08"
L 03/17/2024 - 21:39:21: "MAFIA.sean<37><STEAM_0:1:748805><Axis>" triggered a "dod_control_point" - "The Church"
L 03/17/2024 - 21:39:24: "MAFIA.kanguhhh<34><STEAM_0:0:90794><Axis>" killed "BAN monday<32><STEAM_0:0:11692441><Allies>" with "kar"
L 03/17/2024 - 21:39:30: Team "Axis" triggered a "dod_capture_area" - "The Fountain"
L 03/17/2024 - 21:39:30: "MAFIA.kanguhhh<34><STEAM_0:0:90794><Axis>" triggered a "dod_capture_area" - "The Fountain"
L 03/17/2024 - 21:39:32: Team "Axis" triggered a "dod_capture_area" - "The Underpass"
L 03/17/2024 - 21:39:32: "MAFIA.ProstaR!<33><STEAM_0:1:3620667><Axis>" triggered a "dod_capture_area" - "The Underpass"
L 03/17/2024 - 21:39:34: "BAN teamownererererer<24><STEAM_0:0:1642552><Allies>" killed "BAN cKi||A-<36><STEAM_0:0:32793027><Allies>" with "grenade"
L 03/17/2024 - 21:39:35: "BAN cKi||A-<36><STEAM_0:0:32793027><Allies>" say_team "7:54 #The_Fountain -26"
L 03/17/2024 - 21:39:37: "BAN gaul<17><STEAM_0:1:64565><Allies>" killed "MAFIA.kanguhhh<34><STEAM_0:0:90794><Axis>" with "garand"
L 03/17/2024 - 21:39:38: "BAN dod<18><STEAM_0:0:3612473><Allies>" killed "MAFIA.ProstaR!<33><STEAM_0:1:3620667><Axis>" with "bar"
L 03/17/2024 - 21:39:40: "MAFIA.riveroyster[dd]<35><STEAM_0:1:77131><Axis>" killed "BAN dod<18><STEAM_0:0:3612473><Allies>" with "mp44"
L 03/17/2024 - 21:39:41: "BAN gaul<17><STEAM_0:1:64565><Allies>" killed "MAFIA.Pib<23><STEAM_0:0:417520><Axis>" with "garand"
L 03/17/2024 - 21:39:42: "MAFIA.riveroyster[dd]<35><STEAM_0:1:77131><Axis>" killed "BAN rolyat<20><STEAM_0:1:78865><Allies>" with "mp44"
L 03/17/2024 - 21:39:42: "MAFIA.nein_<27><STEAM_0:1:25292511><Axis>" killed "BAN teamownererererer<24><STEAM_0:0:1642552><Allies>" with "mp40"
L 03/17/2024 - 21:39:50: "MAFIA.sean<37><STEAM_0:1:748805><Axis>" killed "BAN gaul<17><STEAM_0:1:64565><Allies>" with "kar"
L 03/17/2024 - 21:39:52: "MAFIA.Pib<23><STEAM_0:0:417520><Axis>" say_team "7:37 Remaining, 100 health, Currently at #The_Church"
L 03/17/2024 - 21:39:56: "BAN cKi||A-<36><STEAM_0:0:32793027><Allies>" killed "MAFIA.nein_<27><STEAM_0:1:25292511><Axis>" with "grenade"
L 03/17/2024 - 21:39:56: "MAFIA.riveroyster[dd]<35><STEAM_0:1:77131><Axis>" killed "BAN monday<32><STEAM_0:0:11692441><Allies>" with "bar"
L 03/17/2024 - 21:40:03: "MAFIA.sean<37><STEAM_0:1:748805><Axis>" killed "BAN cKi||A-<36><STEAM_0:0:32793027><Allies>" with "kar"
L 03/17/2024 - 21:40:03: "BAN cKi||A-<36><STEAM_0:0:32793027><Allies>" say_team "7:25 #The_Destroyed_House -85"
L 03/17/2024 - 21:40:06: "MAFIA.riveroyster[dd]<35><STEAM_0:1:77131><Axis>" killed "BAN dod<18><STEAM_0:0:3612473><Allies>" with "bar"
L 03/17/2024 - 21:40:07: "BAN rolyat<20><STEAM_0:1:78865><Allies>" killed "MAFIA.riveroyster[dd]<35><STEAM_0:1:77131><Axis>" with "bar"
L 03/17/2024 - 21:40:16: "MAFIA.sean<37><STEAM_0:1:748805><Axis>" killed "BAN monday<32><STEAM_0:0:11692441><Allies>" with "kar"
L 03/17/2024 - 21:40:17: "MAFIA.Pib<23><STEAM_0:0:417520><Axis>" say_team "7:11 Remaining, 100 health, Currently at #The_Fountain"
L 03/17/2024 - 21:40:21: "MAFIA.kanguhhh<34><STEAM_0:0:90794><Axis>" killed "BAN teamownererererer<24><STEAM_0:0:1642552><Allies>" with "kar"
L 03/17/2024 - 21:40:23: "BAN cKi||A-<36><STEAM_0:0:32793027><Allies>" killed "MAFIA.sean<37><STEAM_0:1:748805><Axis>" with "grenade"
L 03/17/2024 - 21:40:24: "BAN cKi||A-<36><STEAM_0:0:32793027><Allies>" killed "MAFIA.kanguhhh<34><STEAM_0:0:90794><Axis>" with "garand"
L 03/17/2024 - 21:40:28: "MAFIA.Pib<23><STEAM_0:0:417520><Axis>" killed "BAN cKi||A-<36><STEAM_0:0:32793027><Allies>" with "scopedkar"
L 03/17/2024 - 21:40:31: "BAN gaul<17><STEAM_0:1:64565><Allies>" killed "MAFIA.Pib<23><STEAM_0:0:417520><Axis>" with "garand"
L 03/17/2024 - 21:40:32: "MAFIA.nein_<27><STEAM_0:1:25292511><Axis>" killed "BAN gaul<17><STEAM_0:1:64565><Allies>" with "grenade2"
L 03/17/2024 - 21:40:33: "BAN rolyat<20><STEAM_0:1:78865><Allies>" killed "MAFIA.ProstaR!<33><STEAM_0:1:3620667><Axis>" with "bar"
L 03/17/2024 - 21:40:37: "MAFIA.riveroyster[dd]<35><STEAM_0:1:77131><Axis>" killed "BAN rolyat<20><STEAM_0:1:78865><Allies>" with "mp44"
L 03/17/2024 - 21:40:39: "BAN cKi||A-<36><STEAM_0:0:32793027><Allies>" say_team "6:50 #The_Destroyed_House 100"
L 03/17/2024 - 21:40:41: "MAFIA.sean<37><STEAM_0:1:748805><Axis>" say_team "6:47 Remaining, 100 health, Currently at #The_Church"
L 03/17/2024 - 21:40:44: "MAFIA.riveroyster[dd]<35><STEAM_0:1:77131><Axis>" killed "BAN dod<18><STEAM_0:0:3612473><Allies>" with "luger"
L 03/17/2024 - 21:40:45: "BAN monday<32><STEAM_0:0:11692441><Allies>" killed "MAFIA.riveroyster[dd]<35><STEAM_0:1:77131><Axis>" with "colt"
L 03/17/2024 - 21:40:49: "MAFIA.nein_<27><STEAM_0:1:25292511><Axis>" killed "BAN cKi||A-<36><STEAM_0:0:32793027><Allies>" with "mp40"
L 03/17/2024 - 21:40:50: "BAN cKi||A-<36><STEAM_0:0:32793027><Allies>" killed "MAFIA.kanguhhh<34><STEAM_0:0:90794><Axis>" with "grenade"
L 03/17/2024 - 21:40:50: "BAN cKi||A-<36><STEAM_0:0:32793027><Allies>" say_team "6:38 #The_Fountain -40"
L 03/17/2024 - 21:41:01: "BAN cKi||A-<36><STEAM_0:0:32793027><Allies>" say_team "6:28 #The_Destroyed_House 100"
L 03/17/2024 - 21:41:01: "BAN monday<32><STEAM_0:0:11692441><Allies>" killed "MAFIA.sean<37><STEAM_0:1:748805><Axis>" with "spring"
L 03/17/2024 - 21:41:06: "BAN rolyat<20><STEAM_0:1:78865><Allies>" killed "MAFIA.ProstaR!<33><STEAM_0:1:3620667><Axis>" with "bar"
L 03/17/2024 - 21:41:11: "MAFIA.nein_<27><STEAM_0:1:25292511><Axis>" killed "BAN gaul<17><STEAM_0:1:64565><Allies>" with "mp40"
L 03/17/2024 - 21:41:12: Team "Allies" triggered a "dod_capture_area" - "The Underpass"
L 03/17/2024 - 21:41:12: "BAN rolyat<20><STEAM_0:1:78865><Allies>" triggered a "dod_capture_area" - "The Underpass"
L 03/17/2024 - 21:41:14: "BAN teamownererererer<24><STEAM_0:0:1642552><Allies>" killed "MAFIA.nein_<27><STEAM_0:1:25292511><Axis>" with "garand"
L 03/17/2024 - 21:41:15: "BAN teamownererererer<24><STEAM_0:0:1642552><Allies>" killed "MAFIA.Pib<23><STEAM_0:0:417520><Axis>" with "garand"
L 03/17/2024 - 21:41:22: "BAN cKi||A-<36><STEAM_0:0:32793027><Allies>" killed "MAFIA.kanguhhh<34><STEAM_0:0:90794><Axis>" with "garand"
L 03/17/2024 - 21:41:24: "BAN dod<18><STEAM_0:0:3612473><Allies>" killed "MAFIA.riveroyster[dd]<35><STEAM_0:1:77131><Axis>" with "bar"
L 03/17/2024 - 21:41:24: "MAFIA.sean<37><STEAM_0:1:748805><Axis>" say_team "6:04 Remaining, 100 health, Currently at #The_Church"
L 03/17/2024 - 21:41:26: Team "Allies" triggered a "dod_capture_area" - "The Fountain"
L 03/17/2024 - 21:41:26: "BAN cKi||A-<36><STEAM_0:0:32793027><Allies>" triggered a "dod_capture_area" - "The Fountain"
L 03/17/2024 - 21:41:34: "BAN dod<18><STEAM_0:0:3612473><Allies>" killed "MAFIA.sean<37><STEAM_0:1:748805><Axis>" with "bar"
L 03/17/2024 - 21:41:35: "BAN dod<18><STEAM_0:0:3612473><Allies>" killed "MAFIA.ProstaR!<33><STEAM_0:1:3620667><Axis>" with "bar"
L 03/17/2024 - 21:41:44: "BAN rolyat<20><STEAM_0:1:78865><Allies>" say_team "5:44"
L 03/17/2024 - 21:41:47: "BAN cKi||A-<36><STEAM_0:0:32793027><Allies>" killed "MAFIA.riveroyster[dd]<35><STEAM_0:1:77131><Axis>" with "kar"
L 03/17/2024 - 21:41:49: "BAN cKi||A-<36><STEAM_0:0:32793027><Allies>" killed "MAFIA.Pib<23><STEAM_0:0:417520><Axis>" with "kar"
L 03/17/2024 - 21:41:52: "BAN gaul<17><STEAM_0:1:64565><Allies>" killed "MAFIA.nein_<27><STEAM_0:1:25292511><Axis>" with "garand"
L 03/17/2024 - 21:41:53: "MAFIA.sean<37><STEAM_0:1:748805><Axis>" killed "BAN monday<32><STEAM_0:0:11692441><Allies>" with "kar"
L 03/17/2024 - 21:41:53: "BAN cKi||A-<36><STEAM_0:0:32793027><Allies>" killed "MAFIA.kanguhhh<34><STEAM_0:0:90794><Axis>" with "kar"
L 03/17/2024 - 21:41:55: "BAN cKi||A-<36><STEAM_0:0:32793027><Allies>" killed "MAFIA.ProstaR!<33><STEAM_0:1:3620667><Axis>" with "kar"
L 03/17/2024 - 21:41:59: "MAFIA.sean<37><STEAM_0:1:748805><Axis>" killed "BAN cKi||A-<36><STEAM_0:0:32793027><Allies>" with "kar"
L 03/17/2024 - 21:42:00: "BAN cKi||A-<36><STEAM_0:0:32793027><Allies>" say_team "5:29 #The_Church -127"
L 03/17/2024 - 21:42:01: "MAFIA.sean<37><STEAM_0:1:748805><Axis>" killed "BAN rolyat<20><STEAM_0:1:78865><Allies>" with "kar"
L 03/17/2024 - 21:42:04: "BAN teamownererererer<24><STEAM_0:0:1642552><Allies>" triggered a "dod_control_point" - "The Church"
L 03/17/2024 - 21:42:04: Team "Allies" won the round. Scores: Allies: 168, Axis: 64
L 03/17/2024 - 21:42:07: "Allies" scored "168" with "6" players
L 03/17/2024 - 21:42:07: "Axis" scored "64" with "6" players
L 03/17/2024 - 21:42:10: "MAFIA.Pib<23><STEAM_0:0:417520><Axis>" say_team "5:18 Remaining, 100 health, Currently at #The_Church"
L 03/17/2024 - 21:42:12: "MAFIA.sean<37><STEAM_0:1:748805><Axis>" say_team "5:17 Remaining, 100 health, Currently at #The_Church"
L 03/17/2024 - 21:42:21: "BAN cKi||A-<36><STEAM_0:0:32793027><Allies>" triggered a "dod_control_point" - "The Destroyed House"
L 03/17/2024 - 21:42:23: "MAFIA.Pib<23><STEAM_0:0:417520><Axis>" triggered a "dod_control_point" - "The Church"
L 03/17/2024 - 21:42:27: "BAN monday<32><STEAM_0:0:11692441><Allies>" killed "MAFIA.nein_<27><STEAM_0:1:25292511><Axis>" with "spring"
L 03/17/2024 - 21:42:29: "MAFIA.Pib<23><STEAM_0:0:417520><Axis>" killed "BAN monday<32><STEAM_0:0:11692441><Allies>" with "scopedkar"
L 03/17/2024 - 21:42:32: "MAFIA.Pib<23><STEAM_0:0:417520><Axis>" killed "BAN gaul<17><STEAM_0:1:64565><Allies>" with "scopedkar"
L 03/17/2024 - 21:42:36: Team "Axis" triggered a "dod_capture_area" - "The Underpass"
L 03/17/2024 - 21:42:36: "MAFIA.ProstaR!<33><STEAM_0:1:3620667><Axis>" triggered a "dod_capture_area" - "The Underpass"
L 03/17/2024 - 21:42:38: "MAFIA.Pib<23><STEAM_0:0:417520><Axis>" killed "BAN cKi||A-<36><STEAM_0:0:32793027><Allies>" with "luger"
L 03/17/2024 - 21:42:39: "BAN cKi||A-<36><STEAM_0:0:32793027><Allies>" say_team "4:50 #The_Fountain -26"
L 03/17/2024 - 21:42:39: Team "Axis" triggered a "dod_capture_area" - "The Fountain"
L 03/17/2024 - 21:42:39: "MAFIA.kanguhhh<34><STEAM_0:0:90794><Axis>" triggered a "dod_capture_area" - "The Fountain"
L 03/17/2024 - 21:42:39: "BAN teamownererererer<24><STEAM_0:0:1642552><Allies>" killed "MAFIA.Pib<23><STEAM_0:0:417520><Axis>" with "garand"
L 03/17/2024 - 21:42:42: "BAN teamownererererer<24><STEAM_0:0:1642552><Allies>" killed "MAFIA.kanguhhh<34><STEAM_0:0:90794><Axis>" with "garand"
L 03/17/2024 - 21:42:42: "BAN dod<18><STEAM_0:0:3612473><Allies>" committed suicide with "grenade"
L 03/17/2024 - 21:42:44: "MAFIA.riveroyster[dd]<35><STEAM_0:1:77131><Axis>" killed "BAN rolyat<20><STEAM_0:1:78865><Allies>" with "mp44"
L 03/17/2024 - 21:42:44: "MAFIA.sean<37><STEAM_0:1:748805><Axis>" killed "BAN teamownererererer<24><STEAM_0:0:1642552><Allies>" with "luger"
L 03/17/2024 - 21:42:49: "MAFIA.Pib<23><STEAM_0:0:417520><Axis>" say_team "4:39 Remaining, 1 health, Currently at #The_Fountain"
L 03/17/2024 - 21:42:51: "BAN rolyat<20><STEAM_0:1:78865><Allies>" say_team "4:38"
L 03/17/2024 - 21:42:54: "BAN monday<32><STEAM_0:0:11692441><Allies>" killed "MAFIA.sean<37><STEAM_0:1:748805><Axis>" with "spring"
L 03/17/2024 - 21:42:59: "BAN monday<32><STEAM_0:0:11692441><Allies>" killed "MAFIA.riveroyster[dd]<35><STEAM_0:1:77131><Axis>" with "kar"
L 03/17/2024 - 21:43:01: "MAFIA.ProstaR!<33><STEAM_0:1:3620667><Axis>" killed "BAN monday<32><STEAM_0:0:11692441><Allies>" with "bar"
L 03/17/2024 - 21:43:06: "MAFIA.nein_<27><STEAM_0:1:25292511><Axis>" killed "BAN teamownererererer<24><STEAM_0:0:1642552><Allies>" with "scopedkar"
L 03/17/2024 - 21:43:10: "MAFIA.Pib<23><STEAM_0:0:417520><Axis>" say_team "4:18 Remaining, 100 health, Currently at #The_Fountain"
L 03/17/2024 - 21:43:15: "BAN cKi||A-<36><STEAM_0:0:32793027><Allies>" killed "MAFIA.kanguhhh<34><STEAM_0:0:90794><Axis>" with "garand"
L 03/17/2024 - 21:43:22: "MAFIA.Pib<23><STEAM_0:0:417520><Axis>" killed "BAN cKi||A-<36><STEAM_0:0:32793027><Allies>" with "scopedkar"
L 03/17/2024 - 21:43:22: "BAN gaul<17><STEAM_0:1:64565><Allies>" killed "MAFIA.nein_<27><STEAM_0:1:25292511><Axis>" with "garand"
L 03/17/2024 - 21:43:22: "BAN dod<18><STEAM_0:0:3612473><Allies>" killed "MAFIA.ProstaR!<33><STEAM_0:1:3620667><Axis>" with "bar"
L 03/17/2024 - 21:43:22: "BAN cKi||A-<36><STEAM_0:0:32793027><Allies>" say_team "4:06 #The_Fountain -20"
L 03/17/2024 - 21:43:27: "MAFIA.Pib<23><STEAM_0:0:417520><Axis>" killed "BAN gaul<17><STEAM_0:1:64565><Allies>" with "kar"
L 03/17/2024 - 21:43:33: "BAN cKi||A-<36><STEAM_0:0:32793027><Allies>" say_team "3:56 #The_Fountain 1"
L 03/17/2024 - 21:43:34: "MAFIA.sean<37><STEAM_0:1:748805><Axis>" killed "BAN monday<32><STEAM_0:0:11692441><Allies>" with "kar"
L 03/17/2024 - 21:43:34: "BAN dod<18><STEAM_0:0:3612473><Allies>" killed "MAFIA.riveroyster[dd]<35><STEAM_0:1:77131><Axis>" with "bar"
L 03/17/2024 - 21:43:36: "BAN teamownererererer<24><STEAM_0:0:1642552><Allies>" killed "MAFIA.Pib<23><STEAM_0:0:417520><Axis>" with "garand"
L 03/17/2024 - 21:43:37: Team "Allies" triggered a "dod_capture_area" - "The Underpass"
L 03/17/2024 - 21:43:37: "BAN dod<18><STEAM_0:0:3612473><Allies>" triggered a "dod_capture_area" - "The Underpass"
L 03/17/2024 - 21:43:38: "MAFIA.sean<37><STEAM_0:1:748805><Axis>" killed "BAN teamownererererer<24><STEAM_0:0:1642552><Allies>" with "kar"
L 03/17/2024 - 21:43:43: "MAFIA.sean<37><STEAM_0:1:748805><Axis>" killed "BAN monday<32><STEAM_0:0:11692441><Allies>" with "kar"
L 03/17/2024 - 21:43:44: "BAN dod<18><STEAM_0:0:3612473><Allies>" killed "MAFIA.ProstaR!<33><STEAM_0:1:3620667><Axis>" with "bar"
L 03/17/2024 - 21:43:45: "MAFIA.nein_<27><STEAM_0:1:25292511><Axis>" killed "BAN dod<18><STEAM_0:0:3612473><Allies>" with "mp40"
L 03/17/2024 - 21:43:47: "BAN cKi||A-<36><STEAM_0:0:32793027><Allies>" killed "MAFIA.sean<37><STEAM_0:1:748805><Axis>" with "garand"
L 03/17/2024 - 21:43:48: "MAFIA.Pib<23><STEAM_0:0:417520><Axis>" say_team "3:40 Remaining, 100 health, Currently at #The_Church"
L 03/17/2024 - 21:43:52: "BAN rolyat<20><STEAM_0:1:78865><Allies>" say_team "3:37"
L 03/17/2024 - 21:43:53: "MAFIA.kanguhhh<34><STEAM_0:0:90794><Axis>" killed "BAN cKi||A-<36><STEAM_0:0:32793027><Allies>" with "grenade2"
L 03/17/2024 - 21:43:54: "BAN cKi||A-<36><STEAM_0:0:32793027><Allies>" say_team "3:35 #The_Destroyed_House -62"
L 03/17/2024 - 21:43:57: "BAN gaul<17><STEAM_0:1:64565><Allies>" killed "MAFIA.kanguhhh<34><STEAM_0:0:90794><Axis>" with "garand"
L 03/17/2024 - 21:43:59: "BAN rolyat<20><STEAM_0:1:78865><Allies>" killed "MAFIA.nein_<27><STEAM_0:1:25292511><Axis>" with "kar"
L 03/17/2024 - 21:44:00: "BAN cKi||A-<36><STEAM_0:0:32793027><Allies>" say_team "3:29 #The_Destroyed_House 1"
L 03/17/2024 - 21:44:05: "MAFIA.sean<37><STEAM_0:1:748805><Axis>" say_team "3:24 Remaining, 100 health, Currently at #The_Church"
L 03/17/2024 - 21:44:10: "MAFIA.riveroyster[dd]<35><STEAM_0:1:77131><Axis>" killed "BAN rolyat<20><STEAM_0:1:78865><Allies>" with "mp44"
L 03/17/2024 - 21:44:10: "MAFIA.Pib<23><STEAM_0:0:417520><Axis>" killed "BAN teamownererererer<24><STEAM_0:0:1642552><Allies>" with "scopedkar"
L 03/17/2024 - 21:44:12: "BAN gaul<17><STEAM_0:1:64565><Allies>" killed "MAFIA.Pib<23><STEAM_0:0:417520><Axis>" with "kar"
L 03/17/2024 - 21:44:17: "MAFIA.sean<37><STEAM_0:1:748805><Axis>" killed "BAN gaul<17><STEAM_0:1:64565><Allies>" with "kar"
L 03/17/2024 - 21:44:19: Team "Axis" triggered a "dod_capture_area" - "The Underpass"
L 03/17/2024 - 21:44:19: "MAFIA.riveroyster[dd]<35><STEAM_0:1:77131><Axis>" triggered a "dod_capture_area" - "The Underpass"
L 03/17/2024 - 21:44:20: "BAN dod<18><STEAM_0:0:3612473><Allies>" killed "MAFIA.riveroyster[dd]<35><STEAM_0:1:77131><Axis>" with "bar"
L 03/17/2024 - 21:44:22: "BAN dod<18><STEAM_0:0:3612473><Allies>" killed "MAFIA.ProstaR!<33><STEAM_0:1:3620667><Axis>" with "bar"
L 03/17/2024 - 21:44:22: "MAFIA.sean<37><STEAM_0:1:748805><Axis>" killed "BAN cKi||A-<36><STEAM_0:0:32793027><Allies>" with "kar"
L 03/17/2024 - 21:44:24: Team "Allies" triggered a "dod_capture_area" - "The Underpass"
L 03/17/2024 - 21:44:24: "BAN dod<18><STEAM_0:0:3612473><Allies>" triggered a "dod_capture_area" - "The Underpass"
L 03/17/2024 - 21:44:27: "MAFIA.Pib<23><STEAM_0:0:417520><Axis>" say_team "3:02 Remaining, 100 health, Currently at #The_Church"
L 03/17/2024 - 21:44:28: "BAN rolyat<20><STEAM_0:1:78865><Allies>" say_team "3:01"
L 03/17/2024 - 21:44:32: "MAFIA.sean<37><STEAM_0:1:748805><Axis>" killed "BAN dod<18><STEAM_0:0:3612473><Allies>" with "kar"
L 03/17/2024 - 21:44:34: "BAN cKi||A-<36><STEAM_0:0:32793027><Allies>" say_team "2:55 #The_Destroyed_House 1"
L 03/17/2024 - 21:44:38: "MAFIA.kanguhhh<34><STEAM_0:0:90794><Axis>" killed "BAN gaul<17><STEAM_0:1:64565><Allies>" with "kar"
L 03/17/2024 - 21:44:40: "BAN teamownererererer<24><STEAM_0:0:1642552><Allies>" killed "MAFIA.kanguhhh<34><STEAM_0:0:90794><Axis>" with "garand"
L 03/17/2024 - 21:44:42: Team "Axis" triggered a "dod_capture_area" - "The Underpass"
L 03/17/2024 - 21:44:42: "MAFIA.sean<37><STEAM_0:1:748805><Axis>" triggered a "dod_capture_area" - "The Underpass"
L 03/17/2024 - 21:44:42: "BAN cKi||A-<36><STEAM_0:0:32793027><Allies>" say_team "2:47 #The_Destroyed_House 100"
L 03/17/2024 - 21:44:49: "BAN rolyat<20><STEAM_0:1:78865><Allies>" killed "MAFIA.sean<37><STEAM_0:1:748805><Axis>" with "bar"
L 03/17/2024 - 21:44:52: "MAFIA.riveroyster[dd]<35><STEAM_0:1:77131><Axis>" killed "BAN monday<32><STEAM_0:0:11692441><Allies>" with "mp44"
L 03/17/2024 - 21:44:57: "BAN cKi||A-<36><STEAM_0:0:32793027><Allies>" killed "MAFIA.riveroyster[dd]<35><STEAM_0:1:77131><Axis>" with "garandbutt"
L 03/17/2024 - 21:44:58: "BAN rolyat<20><STEAM_0:1:78865><Allies>" killed "MAFIA.ProstaR!<33><STEAM_0:1:3620667><Axis>" with "kar"
L 03/17/2024 - 21:45:02: Team "Allies" triggered a "dod_capture_area" - "The Underpass"
L 03/17/2024 - 21:45:02: "BAN rolyat<20><STEAM_0:1:78865><Allies>" triggered a "dod_capture_area" - "The Underpass"
L 03/17/2024 - 21:45:05: "BAN rolyat<20><STEAM_0:1:78865><Allies>" killed "MAFIA.nein_<27><STEAM_0:1:25292511><Axis>" with "kar"
L 03/17/2024 - 21:45:06: "MAFIA.Pib<23><STEAM_0:0:417520><Axis>" killed "BAN cKi||A-<36><STEAM_0:0:32793027><Allies>" with "scopedkar"
L 03/17/2024 - 21:45:07: "BAN cKi||A-<36><STEAM_0:0:32793027><Allies>" say_team "2:22 #The_Fountain -20"
L 03/17/2024 - 21:45:10: "MAFIA.sean<37><STEAM_0:1:748805><Axis>" killed "BAN dod<18><STEAM_0:0:3612473><Allies>" with "kar"
L 03/17/2024 - 21:45:11: "BAN teamownererererer<24><STEAM_0:0:1642552><Allies>" killed "MAFIA.kanguhhh<34><STEAM_0:0:90794><Axis>" with "grenade"
L 03/17/2024 - 21:45:13: "BAN gaul<17><STEAM_0:1:64565><Allies>" killed "MAFIA.Pib<23><STEAM_0:0:417520><Axis>" with "garand"
L 03/17/2024 - 21:45:16: Team "Allies" triggered a "dod_capture_area" - "The Fountain"
L 03/17/2024 - 21:45:16: "BAN rolyat<20><STEAM_0:1:78865><Allies>" triggered a "dod_capture_area" - "The Fountain"
L 03/17/2024 - 21:45:16: "BAN cKi||A-<36><STEAM_0:0:32793027><Allies>" say_team "2:12 #The_Fountain 1"
L 03/17/2024 - 21:45:21: "MAFIA.Pib<23><STEAM_0:0:417520><Axis>" say_team "2:08 Remaining, 1 health, Currently at #The_Church"
L 03/17/2024 - 21:45:22: "MAFIA.sean<37><STEAM_0:1:748805><Axis>" killed "BAN gaul<17><STEAM_0:1:64565><Allies>" with "luger"
L 03/17/2024 - 21:45:23: "BAN rolyat<20><STEAM_0:1:78865><Allies>" killed "MAFIA.riveroyster[dd]<35><STEAM_0:1:77131><Axis>" with "kar"
L 03/17/2024 - 21:45:25: "MAFIA.ProstaR!<33><STEAM_0:1:3620667><Axis>" killed "BAN rolyat<20><STEAM_0:1:78865><Allies>" with "mp44"
L 03/17/2024 - 21:45:32: "BAN teamownererererer<24><STEAM_0:0:1642552><Allies>" killed "MAFIA.sean<37><STEAM_0:1:748805><Axis>" with "kar"
L 03/17/2024 - 21:45:38: "MAFIA.sean<37><STEAM_0:1:748805><Axis>" say_team "1:51 Remaining, 100 health, Currently at #The_Church"
L 03/17/2024 - 21:45:38: "MAFIA.nein_<27><STEAM_0:1:25292511><Axis>" killed "BAN cKi||A-<36><STEAM_0:0:32793027><Allies>" with "mp40"
L 03/17/2024 - 21:45:39: "BAN cKi||A-<36><STEAM_0:0:32793027><Allies>" say_team "1:50 #The_Fountain -20"
L 03/17/2024 - 21:45:39: "BAN monday<32><STEAM_0:0:11692441><Allies>" killed "MAFIA.nein_<27><STEAM_0:1:25292511><Axis>" with "spring"
L 03/17/2024 - 21:45:44: "BAN monday<32><STEAM_0:0:11692441><Allies>" killed "MAFIA.Pib<23><STEAM_0:0:417520><Axis>" with "spring"
L 03/17/2024 - 21:45:47: "BAN rolyat<20><STEAM_0:1:78865><Allies>" say_team "1:42"
L 03/17/2024 - 21:45:51: "BAN teamownererererer<24><STEAM_0:0:1642552><Allies>" killed "MAFIA.sean<37><STEAM_0:1:748805><Axis>" with "kar"
L 03/17/2024 - 21:45:52: "BAN monday<32><STEAM_0:0:11692441><Allies>" killed "MAFIA.kanguhhh<34><STEAM_0:0:90794><Axis>" with "spring"
L 03/17/2024 - 21:45:54: "MAFIA.ProstaR!<33><STEAM_0:1:3620667><Axis>" killed "BAN teamownererererer<24><STEAM_0:0:1642552><Allies>" with "mp44"
L 03/17/2024 - 21:45:54: "BAN dod<18><STEAM_0:0:3612473><Allies>" killed "MAFIA.ProstaR!<33><STEAM_0:1:3620667><Axis>" with "bar"
L 03/17/2024 - 21:45:59: "MAFIA.riveroyster[dd]<35><STEAM_0:1:77131><Axis>" killed "BAN dod<18><STEAM_0:0:3612473><Allies>" with "mp44"
L 03/17/2024 - 21:46:04: "BAN monday<32><STEAM_0:0:11692441><Allies>" killed "MAFIA.riveroyster[dd]<35><STEAM_0:1:77131><Axis>" with "kar"
L 03/17/2024 - 21:46:06: "MAFIA.sean<37><STEAM_0:1:748805><Axis>" say_team "1:22 Remaining, 100 health, Currently at #The_Church"
L 03/17/2024 - 21:46:08: "MAFIA.nein_<27><STEAM_0:1:25292511><Axis>" killed "BAN gaul<17><STEAM_0:1:64565><Allies>" with "mp40"
L 03/17/2024 - 21:46:09: "MAFIA.nein_<27><STEAM_0:1:25292511><Axis>" killed "BAN rolyat<20><STEAM_0:1:78865><Allies>" with "mp40"
L 03/17/2024 - 21:46:18: Team "Axis" triggered a "dod_capture_area" - "The Fountain"
L 03/17/2024 - 21:46:18: "MAFIA.nein_<27><STEAM_0:1:25292511><Axis>" triggered a "dod_capture_area" - "The Fountain"
L 03/17/2024 - 21:46:20: "BAN monday<32><STEAM_0:0:11692441><Allies>" killed "MAFIA.sean<37><STEAM_0:1:748805><Axis>" with "kar"
L 03/17/2024 - 21:46:24: "BAN cKi||A-<36><STEAM_0:0:32793027><Allies>" killed "MAFIA.nein_<27><STEAM_0:1:25292511><Axis>" with "garand"
L 03/17/2024 - 21:46:26: "BAN rolyat<20><STEAM_0:1:78865><Allies>" say_team "1:03"
L 03/17/2024 - 21:46:27: "BAN teamownererererer<24><STEAM_0:0:1642552><Allies>" killed "MAFIA.Pib<23><STEAM_0:0:417520><Axis>" with "garand"
L 03/17/2024 - 21:46:28: Team "Allies" triggered a "dod_capture_area" - "The Fountain"
L 03/17/2024 - 21:46:28: "BAN cKi||A-<36><STEAM_0:0:32793027><Allies>" triggered a "dod_capture_area" - "The Fountain"
L 03/17/2024 - 21:46:32: "MAFIA.ProstaR!<33><STEAM_0:1:3620667><Axis>" killed "BAN monday<32><STEAM_0:0:11692441><Allies>" with "grenade2"
L 03/17/2024 - 21:46:33: "BAN dod<18><STEAM_0:0:3612473><Allies>" killed "MAFIA.ProstaR!<33><STEAM_0:1:3620667><Axis>" with "bar"
L 03/17/2024 - 21:46:35: "MAFIA.riveroyster[dd]<35><STEAM_0:1:77131><Axis>" killed "BAN dod<18><STEAM_0:0:3612473><Allies>" with "mp44"
L 03/17/2024 - 21:46:38: "BAN cKi||A-<36><STEAM_0:0:32793027><Allies>" killed "MAFIA.kanguhhh<34><STEAM_0:0:90794><Axis>" with "kar"
L 03/17/2024 - 21:46:40: Team "Axis" triggered a "dod_capture_area" - "The Underpass"
L 03/17/2024 - 21:46:40: "MAFIA.riveroyster[dd]<35><STEAM_0:1:77131><Axis>" triggered a "dod_capture_area" - "The Underpass"
L 03/17/2024 - 21:46:42: "MAFIA.Pib<23><STEAM_0:0:417520><Axis>" say_team "0:46 Remaining, 100 health, Currently at #The_Church"
L 03/17/2024 - 21:46:48: "MAFIA.sean<37><STEAM_0:1:748805><Axis>" killed "BAN cKi||A-<36><STEAM_0:0:32793027><Allies>" with "kar"
L 03/17/2024 - 21:46:48: "BAN cKi||A-<36><STEAM_0:0:32793027><Allies>" say_team "0:40 #The_Church 0"
L 03/17/2024 - 21:46:50: "MAFIA.sean<37><STEAM_0:1:748805><Axis>" say_team "0:39 Remaining, 100 health, Currently at #The_Church"
L 03/17/2024 - 21:46:54: Team "Allies" triggered a "dod_capture_area" - "The Underpass"
L 03/17/2024 - 21:46:54: "BAN rolyat<20><STEAM_0:1:78865><Allies>" triggered a "dod_capture_area" - "The Underpass"
L 03/17/2024 - 21:46:54: "MAFIA.Pib<23><STEAM_0:0:417520><Axis>" say_team "0:35 Remaining, 100 health, Currently at #The_Church"
L 03/17/2024 - 21:46:56: "MAFIA.sean<37><STEAM_0:1:748805><Axis>" killed "BAN teamownererererer<24><STEAM_0:0:1642552><Allies>" with "kar"
L 03/17/2024 - 21:46:58: "BAN gaul<17><STEAM_0:1:64565><Allies>" killed "MAFIA.sean<37><STEAM_0:1:748805><Axis>" with "garand"
L 03/17/2024 - 21:47:00: "BAN cKi||A-<36><STEAM_0:0:32793027><Allies>" say_team "0:29 #The_Church 1"
L 03/17/2024 - 21:47:00: "BAN monday<32><STEAM_0:0:11692441><Allies>" killed "MAFIA.Pib<23><STEAM_0:0:417520><Axis>" with "spring"
L 03/17/2024 - 21:47:02: "BAN gaul<17><STEAM_0:1:64565><Allies>" killed "MAFIA.kanguhhh<34><STEAM_0:0:90794><Axis>" with "kar"
L 03/17/2024 - 21:47:03: "BAN monday<32><STEAM_0:0:11692441><Allies>" killed "MAFIA.nein_<27><STEAM_0:1:25292511><Axis>" with "colt"
L 03/17/2024 - 21:47:07: "MAFIA.ProstaR!<33><STEAM_0:1:3620667><Axis>" killed "BAN gaul<17><STEAM_0:1:64565><Allies>" with "mp44"
L 03/17/2024 - 21:47:11: "BAN cKi||A-<36><STEAM_0:0:32793027><Allies>" killed "MAFIA.riveroyster[dd]<35><STEAM_0:1:77131><Axis>" with "garand"
L 03/17/2024 - 21:47:13: "BAN cKi||A-<36><STEAM_0:0:32793027><Allies>" say_team "0:16 #The_Destroyed_House 100"
L 03/17/2024 - 21:47:15: "MAFIA.sean<37><STEAM_0:1:748805><Axis>" say_team "0:14 Remaining, 100 health, Currently at #The_Church"
L 03/17/2024 - 21:47:15: "MAFIA.Pib<23><STEAM_0:0:417520><Axis>" say_team "0:14 Remaining, 100 health, Currently at #The_Church"
L 03/17/2024 - 21:47:21: "MAFIA.ProstaR!<33><STEAM_0:1:3620667><Axis>" killed "BAN rolyat<20><STEAM_0:1:78865><Allies>" with "kar"
L 03/17/2024 - 21:47:21: "BAN dod<18><STEAM_0:0:3612473><Allies>" killed "MAFIA.nein_<27><STEAM_0:1:25292511><Axis>" with "bar"
L 03/17/2024 - 21:47:21: "MAFIA.kanguhhh<34><STEAM_0:0:90794><Axis>" killed "MAFIA.ProstaR!<33><STEAM_0:1:3620667><Axis>" with "kar"
L 03/17/2024 - 21:47:22: "BAN cKi||A-<36><STEAM_0:0:32793027><Allies>" say_team "0:07 #The_Fountain 100"
L 03/17/2024 - 21:47:25: "BAN rolyat<20><STEAM_0:1:78865><Allies>" say_team "0:04"
L 03/17/2024 - 21:47:25: "MAFIA.Pib<23><STEAM_0:0:417520><Axis>" killed "BAN dod<18><STEAM_0:0:3612473><Allies>" with "scopedkar"
L 03/17/2024 - 21:47:27: "BAN monday<32><STEAM_0:0:11692441><Allies>" killed "MAFIA.kanguhhh<34><STEAM_0:0:90794><Axis>" with "colt"
L 03/17/2024 - 21:47:28: "BAN rolyat<20><STEAM_0:1:78865><Allies>" say_team "0:01"
L 03/17/2024 - 21:47:28: Final Scores: Allies: 199   Axis: 92
L 03/17/2024 - 21:47:30: "BAN teamownererererer<24><STEAM_0:0:1642552><Allies>" say "gg"
L 03/17/2024 - 21:47:30: "MAFIA.Pib<23><STEAM_0:0:417520><Axis>" say "gg"
L 03/17/2024 - 21:47:31: "BAN monday<32><STEAM_0:0:11692441><Allies>" say "gg"
L 03/17/2024 - 21:47:31: "MAFIA.sean<37><STEAM_0:1:748805><Axis>" say "GG"
L 03/17/2024 - 21:47:32: "BAN gaul<17><STEAM_0:1:64565><Allies>" say "gg"
L 03/17/2024 - 21:47:32: "BAN rolyat<20><STEAM_0:1:78865><Allies>" say "gg"
L 03/17/2024 - 21:47:35: "MAFIA.riveroyster[dd]<35><STEAM_0:1:77131><Axis>" say "ygg"
L 03/17/2024 - 21:47:38: "Allies" scored "199" with "6" players
L 03/17/2024 - 21:47:38: "Axis" scored "92" with "6" players
L 03/17/2024 - 21:47:38: [META] ini: Begin re-reading plugins list: c:/servers/onlinethunder2/dod/addons/metamod/plugins.ini
L 03/17/2024 - 21:47:38: [META] ini: Read plugin config for: AMX Mod X
L 03/17/2024 - 21:47:38: [META] ini: Finished reading plugins list: c:/servers/onlinethunder2/dod/addons/metamod/plugins.ini; Found 1 plugins
L 03/17/2024 - 21:47:38: [META] dll: Updating plugins...
L 03/17/2024 - 21:47:38: [META] dll: Finished updating 1 plugins; kept 1, loaded 0, unloaded 0, reloaded 0, delayed 0
L 03/17/2024 - 21:47:38: Log file closed
