L 03/17/2024 - 17:06:16: Log file started (file "logs\L0317110.log") (game "dod") (version "48/1.1.2.6/8684")
L 03/17/2024 - 17:06:18: "muresan! puts on a #clinic<17><STEAM_0:0:6287><>" entered the game
L 03/17/2024 - 17:06:18: "-#over. Fifty<9><STEAM_0:0:14792857><>" entered the game
L 03/17/2024 - 17:06:19: "tomfoolery puts on a #clinic<12><STEAM_0:1:20567065><>" entered the game
L 03/17/2024 - 17:06:19: "insom puts on a #clinic<16><STEAM_0:0:8140064><>" entered the game
L 03/17/2024 - 17:06:19: "muresan! puts on a #clinic<17><STEAM_0:0:6287><>" joined team "Allies"
L 03/17/2024 - 17:06:19: "-#over. dev<7><STEAM_0:1:31962398><>" entered the game
L 03/17/2024 - 17:06:19: "-#over. patten<10><STEAM_0:1:93610><>" entered the game
L 03/17/2024 - 17:06:19: "muresan! puts on a #clinic<17><STEAM_0:0:6287><Allies>" changed role to "#class_allied_heavy"
L 03/17/2024 - 17:06:19: "Candyman puts on a #clinic<11><STEAM_0:0:1190626><>" entered the game
L 03/17/2024 - 17:06:19: "carpenter puts on a #clinic<15><STEAM_0:1:3518076><>" entered the game
L 03/17/2024 - 17:06:19: "-#over. Fifty<9><STEAM_0:0:14792857><>" joined team "Axis"
L 03/17/2024 - 17:06:20: "-#over. mataenanos<3><STEAM_0:0:2169339><>" entered the game
L 03/17/2024 - 17:06:20: "-#over. KumKum<8><STEAM_0:1:16442079><>" entered the game
L 03/17/2024 - 17:06:20: "SwAvEeee puts on a #clinic<13><STEAM_0:0:8737016><>" entered the game
L 03/17/2024 - 17:06:20: "-#over. SaCaMueLaX .revo#-<5><STEAM_0:0:7641042><>" entered the game
L 03/17/2024 - 17:06:21: "tomfoolery puts on a #clinic<12><STEAM_0:1:20567065><>" joined team "Allies"
L 03/17/2024 - 17:06:21: "Candyman puts on a #clinic<11><STEAM_0:0:1190626><>" joined team "Allies"
L 03/17/2024 - 17:06:21: "Candyman puts on a #clinic<11><STEAM_0:0:1190626><Allies>" changed role to "#class_allied_garand"
L 03/17/2024 - 17:06:21: "-#over. patten<10><STEAM_0:1:93610><>" joined team "Allies"
L 03/17/2024 - 17:06:21: "insom puts on a #clinic<16><STEAM_0:0:8140064><>" joined team "Allies"
L 03/17/2024 - 17:06:21: "tomfoolery puts on a #clinic<12><STEAM_0:1:20567065><Allies>" changed role to "#class_allied_heavy"
L 03/17/2024 - 17:06:21: "-#over. patten<10><STEAM_0:1:93610><Allies>" changed role to "#class_allied_sniper"
L 03/17/2024 - 17:06:21: "-#over. Fifty<9><STEAM_0:0:14792857><Axis>" changed role to "#class_axis_kar98"
L 03/17/2024 - 17:06:22: "insom puts on a #clinic<16><STEAM_0:0:8140064><Allies>" changed role to "#class_allied_garand"
L 03/17/2024 - 17:06:23: "-#over. SaCaMueLaX .revo#-<5><STEAM_0:0:7641042><>" joined team "Axis"
L 03/17/2024 - 17:06:23: "SwAvEeee puts on a #clinic<13><STEAM_0:0:8737016><>" joined team "Allies"
L 03/17/2024 - 17:06:23: "-#over. SaCaMueLaX .revo#-<5><STEAM_0:0:7641042><Axis>" changed role to "#class_axis_kar98"
L 03/17/2024 - 17:06:24: "-#over. KumKum<8><STEAM_0:1:16442079><>" joined team "Axis"
L 03/17/2024 - 17:06:24: "carpenter puts on a #clinic<15><STEAM_0:1:3518076><>" joined team "Allies"
L 03/17/2024 - 17:06:24: "SwAvEeee puts on a #clinic<13><STEAM_0:0:8737016><Allies>" changed role to "#class_allied_garand"
L 03/17/2024 - 17:06:25: "-#over. KumKum<8><STEAM_0:1:16442079><Axis>" changed role to "#class_axis_mp44"
L 03/17/2024 - 17:06:28: "carpenter puts on a #clinic<15><STEAM_0:1:3518076><Allies>" changed role to "#class_allied_carbine"
L 03/17/2024 - 17:06:33: "-#over. mataenanos<3><STEAM_0:0:2169339><>" joined team "Axis"
L 03/17/2024 - 17:06:33: "-#over. mataenanos<3><STEAM_0:0:2169339><Axis>" changed role to "#class_axis_k43"
L 03/17/2024 - 17:06:36: "-#over. patten<10><STEAM_0:1:93610><Allies>" joined team "Axis"
L 03/17/2024 - 17:06:36: "-#over. patten<10><STEAM_0:1:93610><Allies>" committed suicide with "world" (world)
L 03/17/2024 - 17:06:36: "-#over. patten<10><STEAM_0:1:93610><Axis>" changed role to "#class_axis_sniper"
L 03/17/2024 - 17:06:38: Rcon: "rcon 1652071549 "ktps5rcon" exec ktp_chemille.cfg" from "71.237.52.31:27005"
L 03/17/2024 - 17:06:38: Server cvar "mp_friendlyfire" = "1"
L 03/17/2024 - 17:06:38: Server cvar "sv_allowupload" = "0"
L 03/17/2024 - 17:06:38: Server cvar "mp_clan_readyrestart" = "1"
L 03/17/2024 - 17:06:38: Server say "KTP dod_chemille Match Config Executed"
L 03/17/2024 - 17:06:38: Server say "Version 12-28-2022"
L 03/17/2024 - 17:06:38: Server say "RECORD DEMOS, TURN ON MOSS, START CAPTURE WITH MOSS!!!! MOSS!!!"
L 03/17/2024 - 17:06:38: Server say "RECORD DEMOS, TURN ON MOSS, START CAPTURE WITH MOSS!!!! MOSS!!!"
L 03/17/2024 - 17:06:38: Server cvar "mp_clan_readyrestart" = "0"
L 03/17/2024 - 17:06:39: "tomfoolery puts on a #clinic<12><STEAM_0:1:20567065><Allies>" say "ready"
L 03/17/2024 - 17:06:40: "carpenter puts on a #clinic<15><STEAM_0:1:3518076><Allies>" changed role to "#class_allied_sniper"
L 03/17/2024 - 17:06:40: "-#over. dev<7><STEAM_0:1:31962398><>" joined team "Axis"
L 03/17/2024 - 17:06:40: "-#over. dev<7><STEAM_0:1:31962398><Axis>" changed role to "#class_axis_mp44"
L 03/17/2024 - 17:06:41: "tomfoolery puts on a #clinic<12><STEAM_0:1:20567065><Allies>" killed "carpenter puts on a #clinic<15><STEAM_0:1:3518076><Allies>" with "bar"
L 03/17/2024 - 17:06:43: "tomfoolery puts on a #clinic<12><STEAM_0:1:20567065><Allies>" killed "SwAvEeee puts on a #clinic<13><STEAM_0:0:8737016><Allies>" with "bar"
L 03/17/2024 - 17:06:43: "Candyman puts on a #clinic<11><STEAM_0:0:1190626><Allies>" killed "tomfoolery puts on a #clinic<12><STEAM_0:1:20567065><Allies>" with "garand"
L 03/17/2024 - 17:06:45: "Candyman puts on a #clinic<11><STEAM_0:0:1190626><Allies>" killed "muresan! puts on a #clinic<17><STEAM_0:0:6287><Allies>" with "garand"
L 03/17/2024 - 17:06:52: "-#over. Fifty<9><STEAM_0:0:14792857><Axis>" killed "-#over. mataenanos<3><STEAM_0:0:2169339><Axis>" with "kar"
L 03/17/2024 - 17:06:52: "carpenter puts on a #clinic<15><STEAM_0:1:3518076><Allies>" disconnected
L 03/17/2024 - 17:06:52: "carpenter puts on a #clinic<18><STEAM_0:1:3518076><>" connected, address "136.38.136.7:27005"
L 03/17/2024 - 17:06:52: "carpenter puts on a #clinic<18><STEAM_0:1:3518076><>" STEAM USERID validated
L 03/17/2024 - 17:06:54: "-#over. dev<7><STEAM_0:1:31962398><Axis>" killed "-#over. Fifty<9><STEAM_0:0:14792857><Axis>" with "mp44"
L 03/17/2024 - 17:06:54: "-#over. patten<10><STEAM_0:1:93610><Axis>" killed "-#over. dev<7><STEAM_0:1:31962398><Axis>" with "scopedkar"
L 03/17/2024 - 17:06:55: "carpenter puts on a #clinic<18><STEAM_0:1:3518076><>" entered the game
L 03/17/2024 - 17:06:56: "-#over. patten<10><STEAM_0:1:93610><Axis>" killed "-#over. KumKum<8><STEAM_0:1:16442079><Axis>" with "scopedkar"
L 03/17/2024 - 17:06:57: "-#over. Fifty<9><STEAM_0:0:14792857><Axis>" joined team "Spectators"
L 03/17/2024 - 17:06:57: "-#over. Fifty<9><STEAM_0:0:14792857><Spectators>" joined team "Axis"
L 03/17/2024 - 17:06:57: "-#over. Fifty<9><STEAM_0:0:14792857><Axis>" changed role to "#class_axis_kar98"
L 03/17/2024 - 17:06:57: "muresan! puts on a #clinic<17><STEAM_0:0:6287><Allies>" killed "tomfoolery puts on a #clinic<12><STEAM_0:1:20567065><Allies>" with "bar"
L 03/17/2024 - 17:06:57: "carpenter puts on a #clinic<18><STEAM_0:1:3518076><>" joined team "Allies"
L 03/17/2024 - 17:06:58: "-#over. patten<10><STEAM_0:1:93610><Axis>" killed "-#over. SaCaMueLaX .revo#-<5><STEAM_0:0:7641042><Axis>" with "luger"
L 03/17/2024 - 17:06:58: "carpenter puts on a #clinic<18><STEAM_0:1:3518076><Allies>" changed role to "#class_allied_sniper"
L 03/17/2024 - 17:06:59: "-#over. patten<10><STEAM_0:1:93610><Axis>" killed "-#over. Fifty<9><STEAM_0:0:14792857><Axis>" with "luger"
L 03/17/2024 - 17:07:01: "-#over. Fifty<9><STEAM_0:0:14792857><Axis>" joined team "Spectators"
L 03/17/2024 - 17:07:02: "-#over. Fifty<9><STEAM_0:0:14792857><Spectators>" joined team "Axis"
L 03/17/2024 - 17:07:02: "-#over. Fifty<9><STEAM_0:0:14792857><Axis>" changed role to "#class_axis_kar98"
L 03/17/2024 - 17:07:04: "-#over. patten<10><STEAM_0:1:93610><Axis>" killed "-#over. Fifty<9><STEAM_0:0:14792857><Axis>" with "luger"
L 03/17/2024 - 17:07:06: "insom puts on a #clinic<16><STEAM_0:0:8140064><Allies>" say "lo3"
L 03/17/2024 - 17:07:07: "-#over. Fifty<9><STEAM_0:0:14792857><Axis>" killed "-#over. patten<10><STEAM_0:1:93610><Axis>" with "kar"
L 03/17/2024 - 17:07:08: "-#over. Fifty<9><STEAM_0:0:14792857><Axis>" killed "-#over. mataenanos<3><STEAM_0:0:2169339><Axis>" with "luger"
L 03/17/2024 - 17:07:08: "-#over. patten<10><STEAM_0:1:93610><Axis>" joined team "Spectators"
L 03/17/2024 - 17:07:09: "-#over. patten<10><STEAM_0:1:93610><Spectators>" joined team "Axis"
L 03/17/2024 - 17:07:09: "-#over. patten<10><STEAM_0:1:93610><Axis>" changed role to "#class_axis_sniper"
L 03/17/2024 - 17:07:10: "muresan! puts on a #clinic<17><STEAM_0:0:6287><Allies>" say "travis if u talk to drew"
L 03/17/2024 - 17:07:11: "-#over. Fifty<9><STEAM_0:0:14792857><Axis>" killed "-#over. SaCaMueLaX .revo#-<5><STEAM_0:0:7641042><Axis>" with "kar"
L 03/17/2024 - 17:07:12: "-#over. patten<10><STEAM_0:1:93610><Axis>" killed "-#over. KumKum<8><STEAM_0:1:16442079><Axis>" with "luger"
L 03/17/2024 - 17:07:12: "-#over. Fifty<9><STEAM_0:0:14792857><Axis>" killed "-#over. patten<10><STEAM_0:1:93610><Axis>" with "luger"
L 03/17/2024 - 17:07:13: "-#over. SaCaMueLaX .revo#-<5><STEAM_0:0:7641042><Axis>" joined team "Spectators"
L 03/17/2024 - 17:07:13: "muresan! puts on a #clinic<17><STEAM_0:0:6287><Allies>" say "tell him to stop by "
L 03/17/2024 - 17:07:14: "-#over. patten<10><STEAM_0:1:93610><Axis>" joined team "Spectators"
L 03/17/2024 - 17:07:14: "-#over. patten<10><STEAM_0:1:93610><Spectators>" joined team "Axis"
L 03/17/2024 - 17:07:14: "-#over. patten<10><STEAM_0:1:93610><Axis>" changed role to "#class_axis_sniper"
L 03/17/2024 - 17:07:14: "-#over. SaCaMueLaX .revo#-<5><STEAM_0:0:7641042><Spectators>" joined team "Axis"
L 03/17/2024 - 17:07:14: "-#over. SaCaMueLaX .revo#-<5><STEAM_0:0:7641042><Axis>" changed role to "#class_axis_kar98"
L 03/17/2024 - 17:07:16: "-#over. SaCaMueLaX .revo#-<5><STEAM_0:0:7641042><Axis>" killed "-#over. Fifty<9><STEAM_0:0:14792857><Axis>" with "kar"
L 03/17/2024 - 17:07:16: Team "Allies" triggered a "dod_capture_area" - "The Fountain"
L 03/17/2024 - 17:07:16: "Candyman puts on a #clinic<11><STEAM_0:0:1190626><Allies>" triggered a "dod_capture_area" - "The Fountain"
L 03/17/2024 - 17:07:17: "tomfoolery puts on a #clinic<12><STEAM_0:1:20567065><Allies>" killed "SwAvEeee puts on a #clinic<13><STEAM_0:0:8737016><Allies>" with "bar"
L 03/17/2024 - 17:07:19: "-#over. mataenanos<3><STEAM_0:0:2169339><Axis>" say "ready"
L 03/17/2024 - 17:07:20: "-#over. SaCaMueLaX .revo#-<5><STEAM_0:0:7641042><Axis>" killed "-#over. mataenanos<3><STEAM_0:0:2169339><Axis>" with "luger"
L 03/17/2024 - 17:07:20: "muresan! puts on a #clinic<17><STEAM_0:0:6287><Allies>" say "i miss that guy"
L 03/17/2024 - 17:07:21: "-#over. KumKum<8><STEAM_0:1:16442079><Axis>" killed "-#over. Fifty<9><STEAM_0:0:14792857><Axis>" with "mp44"
L 03/17/2024 - 17:07:22: "tomfoolery puts on a #clinic<12><STEAM_0:1:20567065><Allies>" say "glhf"
L 03/17/2024 - 17:07:23: "-#over. Fifty<9><STEAM_0:0:14792857><Axis>" say "gl guys"
L 03/17/2024 - 17:07:24: "-#over. patten<10><STEAM_0:1:93610><Axis>" killed "-#over. SaCaMueLaX .revo#-<5><STEAM_0:0:7641042><Axis>" with "spade"
L 03/17/2024 - 17:07:24: "-#over. KumKum<8><STEAM_0:1:16442079><Axis>" killed "-#over. patten<10><STEAM_0:1:93610><Axis>" with "mp44"
L 03/17/2024 - 17:07:28: "Candyman puts on a #clinic<11><STEAM_0:0:1190626><Allies>" killed "-#over. dev<7><STEAM_0:1:31962398><Axis>" with "garand"
L 03/17/2024 - 17:07:28: "-#over. SaCaMueLaX .revo#-<5><STEAM_0:0:7641042><Axis>" say "hfgl"
L 03/17/2024 - 17:07:31: "muresan! puts on a #clinic<17><STEAM_0:0:6287><Allies>" say "gl hf"
L 03/17/2024 - 17:07:43: "tomfoolery puts on a #clinic<12><STEAM_0:1:20567065><Allies>" triggered a "dod_control_point" - "The Destroyed House"
L 03/17/2024 - 17:07:48: "-#over. KumKum<8><STEAM_0:1:16442079><Axis>" triggered a "dod_control_point" - "The Church"
L 03/17/2024 - 17:07:56: "icyHOT - Atlanta - HLTV<1><HLTV><>" joined team "Spectators"
L 03/17/2024 - 17:07:56: "icyHOT - Atlanta - HLTV<1><HLTV><>" entered the game
L 03/17/2024 - 17:07:57: "-#over. patten<10><STEAM_0:1:93610><Axis>" killed "Candyman puts on a #clinic<11><STEAM_0:0:1190626><Allies>" with "scopedkar"
L 03/17/2024 - 17:07:59: "SwAvEeee puts on a #clinic<13><STEAM_0:0:8737016><Allies>" killed "-#over. Fifty<9><STEAM_0:0:14792857><Axis>" with "garand"
L 03/17/2024 - 17:08:00: "carpenter puts on a #clinic<18><STEAM_0:1:3518076><Allies>" killed "-#over. patten<10><STEAM_0:1:93610><Axis>" with "spring"
L 03/17/2024 - 17:08:01: "-#over. Fifty<9><STEAM_0:0:14792857><Axis>" killed "carpenter puts on a #clinic<18><STEAM_0:1:3518076><Allies>" with "grenade2"
L 03/17/2024 - 17:08:08: "insom puts on a #clinic<16><STEAM_0:0:8140064><Allies>" killed "-#over. mataenanos<3><STEAM_0:0:2169339><Axis>" with "garand"
L 03/17/2024 - 17:08:09: Team "Axis" triggered a "dod_capture_area" - "The Underpass"
L 03/17/2024 - 17:08:09: "-#over. dev<7><STEAM_0:1:31962398><Axis>" triggered a "dod_capture_area" - "The Underpass"
L 03/17/2024 - 17:08:12: "SwAvEeee puts on a #clinic<13><STEAM_0:0:8737016><Allies>" killed "-#over. KumKum<8><STEAM_0:1:16442079><Axis>" with "garand"
L 03/17/2024 - 17:08:13: "-#over. SaCaMueLaX .revo#-<5><STEAM_0:0:7641042><Axis>" killed "SwAvEeee puts on a #clinic<13><STEAM_0:0:8737016><Allies>" with "kar"
L 03/17/2024 - 17:08:16: "-#over. SaCaMueLaX .revo#-<5><STEAM_0:0:7641042><Axis>" killed "insom puts on a #clinic<16><STEAM_0:0:8140064><Allies>" with "kar"
L 03/17/2024 - 17:08:20: "-#over. dev<7><STEAM_0:1:31962398><Axis>" killed "tomfoolery puts on a #clinic<12><STEAM_0:1:20567065><Allies>" with "mp44"
L 03/17/2024 - 17:08:21: Team "Axis" triggered a "dod_capture_area" - "The Fountain"
L 03/17/2024 - 17:08:21: "-#over. SaCaMueLaX .revo#-<5><STEAM_0:0:7641042><Axis>" triggered a "dod_capture_area" - "The Fountain"
L 03/17/2024 - 17:08:21: "tomfoolery puts on a #clinic<12><STEAM_0:1:20567065><Allies>" say "wat"
L 03/17/2024 - 17:08:26: "-#over. dev<7><STEAM_0:1:31962398><Axis>" killed "muresan! puts on a #clinic<17><STEAM_0:0:6287><Allies>" with "bar"
L 03/17/2024 - 17:08:28: "carpenter puts on a #clinic<18><STEAM_0:1:3518076><Allies>" killed "-#over. patten<10><STEAM_0:1:93610><Axis>" with "spring"
L 03/17/2024 - 17:08:29: "carpenter puts on a #clinic<18><STEAM_0:1:3518076><Allies>" killed "-#over. SaCaMueLaX .revo#-<5><STEAM_0:0:7641042><Axis>" with "colt"
L 03/17/2024 - 17:08:39: "muresan! puts on a #clinic<17><STEAM_0:0:6287><Allies>" say "?? devin how did u see me "
L 03/17/2024 - 17:08:44: "SwAvEeee puts on a #clinic<13><STEAM_0:0:8737016><Allies>" killed "-#over. dev<7><STEAM_0:1:31962398><Axis>" with "grenade"
L 03/17/2024 - 17:08:44: "SwAvEeee puts on a #clinic<13><STEAM_0:0:8737016><Allies>" killed "tomfoolery puts on a #clinic<12><STEAM_0:1:20567065><Allies>" with "grenade"
L 03/17/2024 - 17:08:52: "carpenter puts on a #clinic<18><STEAM_0:1:3518076><Allies>" killed "-#over. KumKum<8><STEAM_0:1:16442079><Axis>" with "kar"
L 03/17/2024 - 17:08:55: "muresan! puts on a #clinic<17><STEAM_0:0:6287><Allies>" killed "-#over. mataenanos<3><STEAM_0:0:2169339><Axis>" with "bar"
L 03/17/2024 - 17:08:58: "-#over. SaCaMueLaX .revo#-<5><STEAM_0:0:7641042><Axis>" killed "-#over. Fifty<9><STEAM_0:0:14792857><Axis>" with "grenade2"
L 03/17/2024 - 17:09:02: "-#over. SaCaMueLaX .revo#-<5><STEAM_0:0:7641042><Axis>" say_team "grenade @ #The_Fountain "
L 03/17/2024 - 17:09:08: Team "Allies" triggered a "dod_capture_area" - "The Fountain"
L 03/17/2024 - 17:09:08: "carpenter puts on a #clinic<18><STEAM_0:1:3518076><Allies>" triggered a "dod_capture_area" - "The Fountain"
L 03/17/2024 - 17:09:12: Team "Allies" triggered a "dod_capture_area" - "The Underpass"
L 03/17/2024 - 17:09:12: "muresan! puts on a #clinic<17><STEAM_0:0:6287><Allies>" triggered a "dod_capture_area" - "The Underpass"
L 03/17/2024 - 17:09:13: "SwAvEeee puts on a #clinic<13><STEAM_0:0:8737016><Allies>" killed "-#over. KumKum<8><STEAM_0:1:16442079><Axis>" with "bar"
L 03/17/2024 - 17:09:13: "SwAvEeee puts on a #clinic<13><STEAM_0:0:8737016><Allies>" killed "-#over. dev<7><STEAM_0:1:31962398><Axis>" with "bar"
L 03/17/2024 - 17:09:14: "-#over. SaCaMueLaX .revo#-<5><STEAM_0:0:7641042><Axis>" killed "carpenter puts on a #clinic<18><STEAM_0:1:3518076><Allies>" with "luger"
L 03/17/2024 - 17:09:20: "-#over. patten<10><STEAM_0:1:93610><Axis>" killed "insom puts on a #clinic<16><STEAM_0:0:8140064><Allies>" with "scopedkar"
L 03/17/2024 - 17:09:23: "-#over. mataenanos<3><STEAM_0:0:2169339><Axis>" killed "SwAvEeee puts on a #clinic<13><STEAM_0:0:8737016><Allies>" with "k43"
L 03/17/2024 - 17:09:23: "Candyman puts on a #clinic<11><STEAM_0:0:1190626><Allies>" killed "-#over. SaCaMueLaX .revo#-<5><STEAM_0:0:7641042><Axis>" with "garand"
L 03/17/2024 - 17:09:28: "Candyman puts on a #clinic<11><STEAM_0:0:1190626><Allies>" killed "-#over. patten<10><STEAM_0:1:93610><Axis>" with "garand"
L 03/17/2024 - 17:09:30: "muresan! puts on a #clinic<17><STEAM_0:0:6287><Allies>" killed "-#over. Fifty<9><STEAM_0:0:14792857><Axis>" with "bar"
L 03/17/2024 - 17:09:34: "-#over. mataenanos<3><STEAM_0:0:2169339><Axis>" killed "muresan! puts on a #clinic<17><STEAM_0:0:6287><Allies>" with "k43"
L 03/17/2024 - 17:09:48: "-#over. SaCaMueLaX .revo#-<5><STEAM_0:0:7641042><Axis>" say_team "grenade @ #The_Church "
L 03/17/2024 - 17:09:56: "-#over. mataenanos<3><STEAM_0:0:2169339><Axis>" killed "Candyman puts on a #clinic<11><STEAM_0:0:1190626><Allies>" with "k43"
L 03/17/2024 - 17:09:57: "insom puts on a #clinic<16><STEAM_0:0:8140064><Allies>" killed "-#over. KumKum<8><STEAM_0:1:16442079><Axis>" with "garand"
L 03/17/2024 - 17:09:58: "carpenter puts on a #clinic<18><STEAM_0:1:3518076><Allies>" killed "-#over. SaCaMueLaX .revo#-<5><STEAM_0:0:7641042><Axis>" with "spring"
L 03/17/2024 - 17:09:59: "insom puts on a #clinic<16><STEAM_0:0:8140064><Allies>" killed "-#over. Fifty<9><STEAM_0:0:14792857><Axis>" with "garand"
L 03/17/2024 - 17:10:00: "SwAvEeee puts on a #clinic<13><STEAM_0:0:8737016><Allies>" killed "-#over. dev<7><STEAM_0:1:31962398><Axis>" with "garand"
L 03/17/2024 - 17:10:01: "insom puts on a #clinic<16><STEAM_0:0:8140064><Allies>" killed "-#over. mataenanos<3><STEAM_0:0:2169339><Axis>" with "kar"
L 03/17/2024 - 17:10:02: "-#over. patten<10><STEAM_0:1:93610><Axis>" killed "insom puts on a #clinic<16><STEAM_0:0:8140064><Allies>" with "luger"
L 03/17/2024 - 17:10:16: "SwAvEeee puts on a #clinic<13><STEAM_0:0:8737016><Allies>" killed "-#over. patten<10><STEAM_0:1:93610><Axis>" with "kar"
L 03/17/2024 - 17:10:23: "-#over. SaCaMueLaX .revo#-<5><STEAM_0:0:7641042><Axis>" killed "tomfoolery puts on a #clinic<12><STEAM_0:1:20567065><Allies>" with "kar"
L 03/17/2024 - 17:10:24: "-#over. mataenanos<3><STEAM_0:0:2169339><Axis>" killed "SwAvEeee puts on a #clinic<13><STEAM_0:0:8737016><Allies>" with "k43"
L 03/17/2024 - 17:10:26: "muresan! puts on a #clinic<17><STEAM_0:0:6287><Allies>" killed "-#over. SaCaMueLaX .revo#-<5><STEAM_0:0:7641042><Axis>" with "bar"
L 03/17/2024 - 17:10:41: "insom puts on a #clinic<16><STEAM_0:0:8140064><Allies>" killed "-#over. Fifty<9><STEAM_0:0:14792857><Axis>" with "garand"
L 03/17/2024 - 17:10:45: "muresan! puts on a #clinic<17><STEAM_0:0:6287><Allies>" killed "-#over. SaCaMueLaX .revo#-<5><STEAM_0:0:7641042><Axis>" with "bar"
L 03/17/2024 - 17:10:53: "-#over. patten<10><STEAM_0:1:93610><Axis>" killed "insom puts on a #clinic<16><STEAM_0:0:8140064><Allies>" with "scopedkar"
L 03/17/2024 - 17:10:54: "Candyman puts on a #clinic<11><STEAM_0:0:1190626><Allies>" killed "-#over. mataenanos<3><STEAM_0:0:2169339><Axis>" with "garand"
L 03/17/2024 - 17:10:59: "Candyman puts on a #clinic<11><STEAM_0:0:1190626><Allies>" killed "-#over. dev<7><STEAM_0:1:31962398><Axis>" with "garand"
L 03/17/2024 - 17:11:11: "-#over. patten<10><STEAM_0:1:93610><Axis>" killed "muresan! puts on a #clinic<17><STEAM_0:0:6287><Allies>" with "scopedkar"
L 03/17/2024 - 17:11:15: "-#over. patten<10><STEAM_0:1:93610><Axis>" killed "carpenter puts on a #clinic<18><STEAM_0:1:3518076><Allies>" with "bar"
L 03/17/2024 - 17:11:19: "Candyman puts on a #clinic<11><STEAM_0:0:1190626><Allies>" killed "-#over. mataenanos<3><STEAM_0:0:2169339><Axis>" with "kar"
L 03/17/2024 - 17:11:20: "-#over. SaCaMueLaX .revo#-<5><STEAM_0:0:7641042><Axis>" killed "insom puts on a #clinic<16><STEAM_0:0:8140064><Allies>" with "kar"
L 03/17/2024 - 17:11:20: "tomfoolery puts on a #clinic<12><STEAM_0:1:20567065><Allies>" killed "-#over. Fifty<9><STEAM_0:0:14792857><Axis>" with "bar"
L 03/17/2024 - 17:11:25: "Candyman puts on a #clinic<11><STEAM_0:0:1190626><Allies>" killed "-#over. KumKum<8><STEAM_0:1:16442079><Axis>" with "kar"
L 03/17/2024 - 17:11:26: Team "Axis" triggered a "dod_capture_area" - "The Fountain"
L 03/17/2024 - 17:11:26: "-#over. SaCaMueLaX .revo#-<5><STEAM_0:0:7641042><Axis>" triggered a "dod_capture_area" - "The Fountain"
L 03/17/2024 - 17:11:26: "-#over. dev<7><STEAM_0:1:31962398><Axis>" killed "Candyman puts on a #clinic<11><STEAM_0:0:1190626><Allies>" with "mp44"
L 03/17/2024 - 17:11:38: "-#over. dev<7><STEAM_0:1:31962398><Axis>" killed "SwAvEeee puts on a #clinic<13><STEAM_0:0:8737016><Allies>" with "mp44"
L 03/17/2024 - 17:11:40: "-#over. SaCaMueLaX .revo#-<5><STEAM_0:0:7641042><Axis>" killed "carpenter puts on a #clinic<18><STEAM_0:1:3518076><Allies>" with "kar"
L 03/17/2024 - 17:11:41: "tomfoolery puts on a #clinic<12><STEAM_0:1:20567065><Allies>" killed "-#over. dev<7><STEAM_0:1:31962398><Axis>" with "bar"
L 03/17/2024 - 17:11:49: "tomfoolery puts on a #clinic<12><STEAM_0:1:20567065><Allies>" killed "-#over. mataenanos<3><STEAM_0:0:2169339><Axis>" with "bar"
L 03/17/2024 - 17:11:53: "-#over. KumKum<8><STEAM_0:1:16442079><Axis>" killed "-#over. patten<10><STEAM_0:1:93610><Axis>" with "grenade2"
L 03/17/2024 - 17:11:57: "-#over. Fifty<9><STEAM_0:0:14792857><Axis>" killed "tomfoolery puts on a #clinic<12><STEAM_0:1:20567065><Allies>" with "kar"
L 03/17/2024 - 17:11:58: "-#over. SaCaMueLaX .revo#-<5><STEAM_0:0:7641042><Axis>" killed "Candyman puts on a #clinic<11><STEAM_0:0:1190626><Allies>" with "grenade2"
L 03/17/2024 - 17:12:04: "insom puts on a #clinic<16><STEAM_0:0:8140064><Allies>" killed "-#over. SaCaMueLaX .revo#-<5><STEAM_0:0:7641042><Axis>" with "garand"
L 03/17/2024 - 17:12:05: "muresan! puts on a #clinic<17><STEAM_0:0:6287><Allies>" killed "-#over. KumKum<8><STEAM_0:1:16442079><Axis>" with "bar"
L 03/17/2024 - 17:12:14: "-#over. dev<7><STEAM_0:1:31962398><Axis>" killed "SwAvEeee puts on a #clinic<13><STEAM_0:0:8737016><Allies>" with "mp44"
L 03/17/2024 - 17:12:18: "insom puts on a #clinic<16><STEAM_0:0:8140064><Allies>" killed "-#over. SaCaMueLaX .revo#-<5><STEAM_0:0:7641042><Axis>" with "garand"
L 03/17/2024 - 17:12:24: "muresan! puts on a #clinic<17><STEAM_0:0:6287><Allies>" killed "-#over. dev<7><STEAM_0:1:31962398><Axis>" with "bar"
L 03/17/2024 - 17:12:24: "insom puts on a #clinic<16><STEAM_0:0:8140064><Allies>" triggered a "dod_control_point" - "The Church"
L 03/17/2024 - 17:12:26: "insom puts on a #clinic<16><STEAM_0:0:8140064><Allies>" killed "-#over. KumKum<8><STEAM_0:1:16442079><Axis>" with "kar"
L 03/17/2024 - 17:12:28: "carpenter puts on a #clinic<18><STEAM_0:1:3518076><Allies>" killed "-#over. mataenanos<3><STEAM_0:0:2169339><Axis>" with "spring"
L 03/17/2024 - 17:12:29: "-#over. Fifty<9><STEAM_0:0:14792857><Axis>" killed "carpenter puts on a #clinic<18><STEAM_0:1:3518076><Allies>" with "kar"
L 03/17/2024 - 17:12:29: "muresan! puts on a #clinic<17><STEAM_0:0:6287><Allies>" committed suicide with "world" (world)
L 03/17/2024 - 17:12:31: "insom puts on a #clinic<16><STEAM_0:0:8140064><Allies>" killed "-#over. patten<10><STEAM_0:1:93610><Axis>" with "kar"
L 03/17/2024 - 17:12:35: "Candyman puts on a #clinic<11><STEAM_0:0:1190626><Allies>" killed "-#over. Fifty<9><STEAM_0:0:14792857><Axis>" with "garand"
L 03/17/2024 - 17:12:39: "insom puts on a #clinic<16><STEAM_0:0:8140064><Allies>" killed "-#over. mataenanos<3><STEAM_0:0:2169339><Axis>" with "kar"
L 03/17/2024 - 17:12:40: Team "Allies" triggered a "dod_capture_area" - "The Fountain"
L 03/17/2024 - 17:12:40: "Candyman puts on a #clinic<11><STEAM_0:0:1190626><Allies>" triggered a "dod_capture_area" - "The Fountain"
L 03/17/2024 - 17:12:40: Team "Allies" won the round. Scores: Allies: 67, Axis: 21
L 03/17/2024 - 17:12:43: "Allies" scored "67" with "6" players
L 03/17/2024 - 17:12:43: "Axis" scored "21" with "6" players
L 03/17/2024 - 17:12:57: "muresan! puts on a #clinic<17><STEAM_0:0:6287><Allies>" triggered a "dod_control_point" - "The Destroyed House"
L 03/17/2024 - 17:12:59: "-#over. SaCaMueLaX .revo#-<5><STEAM_0:0:7641042><Axis>" triggered a "dod_control_point" - "The Church"
L 03/17/2024 - 17:13:01: "-#over. Fifty<9><STEAM_0:0:14792857><Axis>" killed "Candyman puts on a #clinic<11><STEAM_0:0:1190626><Allies>" with "kar"
L 03/17/2024 - 17:13:07: Team "Axis" triggered a "dod_capture_area" - "The Underpass"
L 03/17/2024 - 17:13:07: "-#over. dev<7><STEAM_0:1:31962398><Axis>" triggered a "dod_capture_area" - "The Underpass"
L 03/17/2024 - 17:13:13: "-#over. Fifty<9><STEAM_0:0:14792857><Axis>" killed "insom puts on a #clinic<16><STEAM_0:0:8140064><Allies>" with "grenade2"
L 03/17/2024 - 17:13:13: "-#over. mataenanos<3><STEAM_0:0:2169339><Axis>" killed "tomfoolery puts on a #clinic<12><STEAM_0:1:20567065><Allies>" with "grenade2"
L 03/17/2024 - 17:13:14: "tomfoolery puts on a #clinic<12><STEAM_0:1:20567065><Allies>" killed "-#over. dev<7><STEAM_0:1:31962398><Axis>" with "grenade"
L 03/17/2024 - 17:13:18: "-#over. Fifty<9><STEAM_0:0:14792857><Axis>" killed "carpenter puts on a #clinic<18><STEAM_0:1:3518076><Allies>" with "grenade2"
L 03/17/2024 - 17:13:18: "SwAvEeee puts on a #clinic<13><STEAM_0:0:8737016><Allies>" killed "-#over. Fifty<9><STEAM_0:0:14792857><Axis>" with "grenade"
L 03/17/2024 - 17:13:18: Team "Axis" triggered a "dod_capture_area" - "The Fountain"
L 03/17/2024 - 17:13:18: "-#over. SaCaMueLaX .revo#-<5><STEAM_0:0:7641042><Axis>" triggered a "dod_capture_area" - "The Fountain"
L 03/17/2024 - 17:13:20: "-#over. patten<10><STEAM_0:1:93610><Axis>" killed "SwAvEeee puts on a #clinic<13><STEAM_0:0:8737016><Allies>" with "scopedkar"
L 03/17/2024 - 17:13:32: "-#over. mataenanos<3><STEAM_0:0:2169339><Axis>" killed "muresan! puts on a #clinic<17><STEAM_0:0:6287><Allies>" with "k43"
L 03/17/2024 - 17:13:34: "insom puts on a #clinic<16><STEAM_0:0:8140064><Allies>" killed "-#over. patten<10><STEAM_0:1:93610><Axis>" with "garand"
L 03/17/2024 - 17:13:40: "insom puts on a #clinic<16><STEAM_0:0:8140064><Allies>" killed "-#over. SaCaMueLaX .revo#-<5><STEAM_0:0:7641042><Axis>" with "garand"
L 03/17/2024 - 17:13:58: "-#over. Fifty<9><STEAM_0:0:14792857><Axis>" killed "insom puts on a #clinic<16><STEAM_0:0:8140064><Allies>" with "kar"
L 03/17/2024 - 17:13:58: "-#over. mataenanos<3><STEAM_0:0:2169339><Axis>" killed "tomfoolery puts on a #clinic<12><STEAM_0:1:20567065><Allies>" with "bar"
L 03/17/2024 - 17:14:02: "carpenter puts on a #clinic<18><STEAM_0:1:3518076><Allies>" killed "-#over. Fifty<9><STEAM_0:0:14792857><Axis>" with "spring"
L 03/17/2024 - 17:14:05: "-#over. patten<10><STEAM_0:1:93610><Axis>" killed "carpenter puts on a #clinic<18><STEAM_0:1:3518076><Allies>" with "scopedkar"
L 03/17/2024 - 17:14:12: "muresan! puts on a #clinic<17><STEAM_0:0:6287><Allies>" killed "SwAvEeee puts on a #clinic<13><STEAM_0:0:8737016><Allies>" with "grenade"
L 03/17/2024 - 17:14:12: "muresan! puts on a #clinic<17><STEAM_0:0:6287><Allies>" committed suicide with "grenade"
L 03/17/2024 - 17:14:14: "-#over. dev<7><STEAM_0:1:31962398><Axis>" killed "Candyman puts on a #clinic<11><STEAM_0:0:1190626><Allies>" with "mp44"
L 03/17/2024 - 17:14:21: "-#over. dev<7><STEAM_0:1:31962398><Axis>" triggered a "dod_control_point" - "The Destroyed House"
L 03/17/2024 - 17:14:21: Team "Axis" won the round. Scores: Allies: 68, Axis: 72
L 03/17/2024 - 17:14:22: "muresan! puts on a #clinic<17><STEAM_0:0:6287><Allies>" say_team "13:06"
L 03/17/2024 - 17:14:23: "tomfoolery puts on a #clinic<12><STEAM_0:1:20567065><Allies>" killed "-#over. mataenanos<3><STEAM_0:0:2169339><Axis>" with "grenade"
L 03/17/2024 - 17:14:24: "Allies" scored "68" with "6" players
L 03/17/2024 - 17:14:24: "Axis" scored "72" with "6" players
L 03/17/2024 - 17:14:40: "tomfoolery puts on a #clinic<12><STEAM_0:1:20567065><Allies>" triggered a "dod_control_point" - "The Destroyed House"
L 03/17/2024 - 17:14:40: "-#over. SaCaMueLaX .revo#-<5><STEAM_0:0:7641042><Axis>" triggered a "dod_control_point" - "The Church"
L 03/17/2024 - 17:14:41: "-#over. patten<10><STEAM_0:1:93610><Axis>" killed "carpenter puts on a #clinic<18><STEAM_0:1:3518076><Allies>" with "scopedkar"
L 03/17/2024 - 17:14:47: "-#over. patten<10><STEAM_0:1:93610><Axis>" killed "SwAvEeee puts on a #clinic<13><STEAM_0:0:8737016><Allies>" with "scopedkar"
L 03/17/2024 - 17:14:49: "-#over. patten<10><STEAM_0:1:93610><Axis>" killed "Candyman puts on a #clinic<11><STEAM_0:0:1190626><Allies>" with "scopedkar"
L 03/17/2024 - 17:14:50: Team "Axis" triggered a "dod_capture_area" - "The Underpass"
L 03/17/2024 - 17:14:50: "-#over. KumKum<8><STEAM_0:1:16442079><Axis>" triggered a "dod_capture_area" - "The Underpass"
L 03/17/2024 - 17:14:50: "muresan! puts on a #clinic<17><STEAM_0:0:6287><Allies>" killed "-#over. KumKum<8><STEAM_0:1:16442079><Axis>" with "grenade"
L 03/17/2024 - 17:14:55: "-#over. dev<7><STEAM_0:1:31962398><Axis>" killed "tomfoolery puts on a #clinic<12><STEAM_0:1:20567065><Allies>" with "grenade2"
L 03/17/2024 - 17:14:55: Team "Axis" triggered a "dod_capture_area" - "The Fountain"
L 03/17/2024 - 17:14:55: "-#over. SaCaMueLaX .revo#-<5><STEAM_0:0:7641042><Axis>" triggered a "dod_capture_area" - "The Fountain"
L 03/17/2024 - 17:14:55: "-#over. patten<10><STEAM_0:1:93610><Axis>" triggered a "dod_capture_area" - "The Fountain"
L 03/17/2024 - 17:14:55: "-#over. Fifty<9><STEAM_0:0:14792857><Axis>" killed "insom puts on a #clinic<16><STEAM_0:0:8140064><Allies>" with "grenade2"
L 03/17/2024 - 17:15:02: "carpenter puts on a #clinic<18><STEAM_0:1:3518076><Allies>" killed "-#over. SaCaMueLaX .revo#-<5><STEAM_0:0:7641042><Axis>" with "spring"
L 03/17/2024 - 17:15:05: "muresan! puts on a #clinic<17><STEAM_0:0:6287><Allies>" killed "-#over. dev<7><STEAM_0:1:31962398><Axis>" with "bar"
L 03/17/2024 - 17:15:06: "-#over. mataenanos<3><STEAM_0:0:2169339><Axis>" killed "muresan! puts on a #clinic<17><STEAM_0:0:6287><Allies>" with "k43"
L 03/17/2024 - 17:15:11: "SwAvEeee puts on a #clinic<13><STEAM_0:0:8737016><Allies>" killed "-#over. patten<10><STEAM_0:1:93610><Axis>" with "kar"
L 03/17/2024 - 17:15:12: "-#over. Fifty<9><STEAM_0:0:14792857><Axis>" killed "Candyman puts on a #clinic<11><STEAM_0:0:1190626><Allies>" with "kar"
L 03/17/2024 - 17:15:14: "-#over. Fifty<9><STEAM_0:0:14792857><Axis>" killed "insom puts on a #clinic<16><STEAM_0:0:8140064><Allies>" with "kar"
L 03/17/2024 - 17:15:17: "-#over. Fifty<9><STEAM_0:0:14792857><Axis>" triggered a "dod_control_point" - "The Destroyed House"
L 03/17/2024 - 17:15:17: Team "Axis" won the round. Scores: Allies: 69, Axis: 119
L 03/17/2024 - 17:15:19: "muresan! puts on a #clinic<17><STEAM_0:0:6287><Allies>" say_team "12:10"
L 03/17/2024 - 17:15:20: "Allies" scored "69" with "6" players
L 03/17/2024 - 17:15:20: "Axis" scored "119" with "6" players
L 03/17/2024 - 17:15:31: "-#over. dev<7><STEAM_0:1:31962398><Axis>" changed role to "#class_axis_mp40"
L 03/17/2024 - 17:15:35: "insom puts on a #clinic<16><STEAM_0:0:8140064><Allies>" triggered a "dod_control_point" - "The Destroyed House"
L 03/17/2024 - 17:15:39: "-#over. dev<7><STEAM_0:1:31962398><Axis>" triggered a "dod_control_point" - "The Church"
L 03/17/2024 - 17:15:42: "SwAvEeee puts on a #clinic<13><STEAM_0:0:8737016><Allies>" killed "-#over. Fifty<9><STEAM_0:0:14792857><Axis>" with "grenade"
L 03/17/2024 - 17:15:45: "-#over. patten<10><STEAM_0:1:93610><Axis>" killed "SwAvEeee puts on a #clinic<13><STEAM_0:0:8737016><Allies>" with "scopedkar"
L 03/17/2024 - 17:15:46: "-#over. mataenanos<3><STEAM_0:0:2169339><Axis>" committed suicide with "grenade2"
L 03/17/2024 - 17:15:48: "Candyman puts on a #clinic<11><STEAM_0:0:1190626><Allies>" killed "-#over. SaCaMueLaX .revo#-<5><STEAM_0:0:7641042><Axis>" with "garand"
L 03/17/2024 - 17:15:50: "carpenter puts on a #clinic<18><STEAM_0:1:3518076><Allies>" killed "-#over. patten<10><STEAM_0:1:93610><Axis>" with "spring"
L 03/17/2024 - 17:15:52: "-#over. dev<7><STEAM_0:1:31962398><Axis>" killed "Candyman puts on a #clinic<11><STEAM_0:0:1190626><Allies>" with "mp44"
L 03/17/2024 - 17:15:53: "-#over. dev<7><STEAM_0:1:31962398><Axis>" killed "insom puts on a #clinic<16><STEAM_0:0:8140064><Allies>" with "mp44"
L 03/17/2024 - 17:15:54: "carpenter puts on a #clinic<18><STEAM_0:1:3518076><Allies>" killed "-#over. dev<7><STEAM_0:1:31962398><Axis>" with "spring"
L 03/17/2024 - 17:16:01: Team "Allies" triggered a "dod_capture_area" - "The Fountain"
L 03/17/2024 - 17:16:01: "carpenter puts on a #clinic<18><STEAM_0:1:3518076><Allies>" triggered a "dod_capture_area" - "The Fountain"
L 03/17/2024 - 17:16:11: "tomfoolery puts on a #clinic<12><STEAM_0:1:20567065><Allies>" killed "-#over. KumKum<8><STEAM_0:1:16442079><Axis>" with "bar"
L 03/17/2024 - 17:16:13: "carpenter puts on a #clinic<18><STEAM_0:1:3518076><Allies>" killed "-#over. dev<7><STEAM_0:1:31962398><Axis>" with "kar"
L 03/17/2024 - 17:16:14: "-#over. SaCaMueLaX .revo#-<5><STEAM_0:0:7641042><Axis>" killed "tomfoolery puts on a #clinic<12><STEAM_0:1:20567065><Allies>" with "kar"
L 03/17/2024 - 17:16:15: Team "Allies" triggered a "dod_capture_area" - "The Underpass"
L 03/17/2024 - 17:16:15: "muresan! puts on a #clinic<17><STEAM_0:0:6287><Allies>" triggered a "dod_capture_area" - "The Underpass"
L 03/17/2024 - 17:16:17: "-#over. SaCaMueLaX .revo#-<5><STEAM_0:0:7641042><Axis>" killed "muresan! puts on a #clinic<17><STEAM_0:0:6287><Allies>" with "kar"
L 03/17/2024 - 17:16:18: "-#over. dev<7><STEAM_0:1:31962398><Axis>" killed "carpenter puts on a #clinic<18><STEAM_0:1:3518076><Allies>" with "grenade2"
L 03/17/2024 - 17:16:27: "-#over. patten<10><STEAM_0:1:93610><Axis>" killed "Candyman puts on a #clinic<11><STEAM_0:0:1190626><Allies>" with "scopedkar"
L 03/17/2024 - 17:16:33: "-#over. mataenanos<3><STEAM_0:0:2169339><Axis>" killed "SwAvEeee puts on a #clinic<13><STEAM_0:0:8737016><Allies>" with "mp40"
L 03/17/2024 - 17:16:36: "-#over. SaCaMueLaX .revo#-<5><STEAM_0:0:7641042><Axis>" killed "insom puts on a #clinic<16><STEAM_0:0:8140064><Allies>" with "kar"
L 03/17/2024 - 17:16:37: "-#over. dev<7><STEAM_0:1:31962398><Axis>" changed role to "#class_axis_mp44"
L 03/17/2024 - 17:16:38: Team "Axis" triggered a "dod_capture_area" - "The Underpass"
L 03/17/2024 - 17:16:38: "-#over. mataenanos<3><STEAM_0:0:2169339><Axis>" triggered a "dod_capture_area" - "The Underpass"
L 03/17/2024 - 17:16:41: Team "Axis" triggered a "dod_capture_area" - "The Fountain"
L 03/17/2024 - 17:16:41: "-#over. SaCaMueLaX .revo#-<5><STEAM_0:0:7641042><Axis>" triggered a "dod_capture_area" - "The Fountain"
L 03/17/2024 - 17:16:49: "muresan! puts on a #clinic<17><STEAM_0:0:6287><Allies>" killed "-#over. mataenanos<3><STEAM_0:0:2169339><Axis>" with "grenade"
L 03/17/2024 - 17:16:50: "tomfoolery puts on a #clinic<12><STEAM_0:1:20567065><Allies>" killed "-#over. dev<7><STEAM_0:1:31962398><Axis>" with "grenade"
L 03/17/2024 - 17:16:51: "carpenter puts on a #clinic<18><STEAM_0:1:3518076><Allies>" killed "-#over. SaCaMueLaX .revo#-<5><STEAM_0:0:7641042><Axis>" with "spring"
L 03/17/2024 - 17:16:51: "-#over. KumKum<8><STEAM_0:1:16442079><Axis>" killed "muresan! puts on a #clinic<17><STEAM_0:0:6287><Allies>" with "grenade2"
L 03/17/2024 - 17:16:58: "-#over. Fifty<9><STEAM_0:0:14792857><Axis>" killed "Candyman puts on a #clinic<11><STEAM_0:0:1190626><Allies>" with "kar"
L 03/17/2024 - 17:17:02: "insom puts on a #clinic<16><STEAM_0:0:8140064><Allies>" killed "-#over. Fifty<9><STEAM_0:0:14792857><Axis>" with "garand"
L 03/17/2024 - 17:17:10: "-#over. patten<10><STEAM_0:1:93610><Axis>" killed "insom puts on a #clinic<16><STEAM_0:0:8140064><Allies>" with "scopedkar"
L 03/17/2024 - 17:17:18: Team "Allies" triggered a "dod_capture_area" - "The Underpass"
L 03/17/2024 - 17:17:18: "tomfoolery puts on a #clinic<12><STEAM_0:1:20567065><Allies>" triggered a "dod_capture_area" - "The Underpass"
L 03/17/2024 - 17:17:21: "SwAvEeee puts on a #clinic<13><STEAM_0:0:8737016><Allies>" killed "-#over. KumKum<8><STEAM_0:1:16442079><Axis>" with "bar"
L 03/17/2024 - 17:17:23: "-#over. mataenanos<3><STEAM_0:0:2169339><Axis>" killed "SwAvEeee puts on a #clinic<13><STEAM_0:0:8737016><Allies>" with "grenade2"
L 03/17/2024 - 17:17:24: "-#over. patten<10><STEAM_0:1:93610><Axis>" killed "Candyman puts on a #clinic<11><STEAM_0:0:1190626><Allies>" with "scopedkar"
L 03/17/2024 - 17:17:30: "-#over. SaCaMueLaX .revo#-<5><STEAM_0:0:7641042><Axis>" killed "carpenter puts on a #clinic<18><STEAM_0:1:3518076><Allies>" with "kar"
L 03/17/2024 - 17:17:32: "muresan! puts on a #clinic<17><STEAM_0:0:6287><Allies>" killed "-#over. mataenanos<3><STEAM_0:0:2169339><Axis>" with "grenade"
L 03/17/2024 - 17:17:32: "-#over. SaCaMueLaX .revo#-<5><STEAM_0:0:7641042><Axis>" killed "insom puts on a #clinic<16><STEAM_0:0:8140064><Allies>" with "kar"
L 03/17/2024 - 17:17:38: "-#over. dev<7><STEAM_0:1:31962398><Axis>" killed "tomfoolery puts on a #clinic<12><STEAM_0:1:20567065><Allies>" with "mp44"
L 03/17/2024 - 17:17:44: "muresan! puts on a #clinic<17><STEAM_0:0:6287><Allies>" killed "-#over. Fifty<9><STEAM_0:0:14792857><Axis>" with "bar"
L 03/17/2024 - 17:17:44: "-#over. SaCaMueLaX .revo#-<5><STEAM_0:0:7641042><Axis>" triggered a "dod_control_point" - "The Destroyed House"
L 03/17/2024 - 17:17:44: "muresan! puts on a #clinic<17><STEAM_0:0:6287><Allies>" killed "-#over. dev<7><STEAM_0:1:31962398><Axis>" with "bar"
L 03/17/2024 - 17:17:45: "-#over. SaCaMueLaX .revo#-<5><STEAM_0:0:7641042><Axis>" killed "Candyman puts on a #clinic<11><STEAM_0:0:1190626><Allies>" with "kar"
L 03/17/2024 - 17:17:46: "SwAvEeee puts on a #clinic<13><STEAM_0:0:8737016><Allies>" killed "-#over. SaCaMueLaX .revo#-<5><STEAM_0:0:7641042><Axis>" with "garand"
L 03/17/2024 - 17:17:48: "carpenter puts on a #clinic<18><STEAM_0:1:3518076><Allies>" triggered a "dod_control_point" - "The Destroyed House"
L 03/17/2024 - 17:17:50: "-#over. patten<10><STEAM_0:1:93610><Axis>" killed "SwAvEeee puts on a #clinic<13><STEAM_0:0:8737016><Allies>" with "luger"
L 03/17/2024 - 17:17:51: "insom puts on a #clinic<16><STEAM_0:0:8140064><Allies>" killed "-#over. patten<10><STEAM_0:1:93610><Axis>" with "colt"
L 03/17/2024 - 17:17:57: "-#over. mataenanos<3><STEAM_0:0:2169339><Axis>" killed "muresan! puts on a #clinic<17><STEAM_0:0:6287><Allies>" with "grenade2"
L 03/17/2024 - 17:18:02: Team "Axis" triggered a "dod_capture_area" - "The Underpass"
L 03/17/2024 - 17:18:02: "-#over. KumKum<8><STEAM_0:1:16442079><Axis>" triggered a "dod_capture_area" - "The Underpass"
L 03/17/2024 - 17:18:11: "carpenter puts on a #clinic<18><STEAM_0:1:3518076><Allies>" killed "-#over. SaCaMueLaX .revo#-<5><STEAM_0:0:7641042><Axis>" with "spring"
L 03/17/2024 - 17:18:12: "muresan! puts on a #clinic<17><STEAM_0:0:6287><Allies>" say_team "9:16"
L 03/17/2024 - 17:18:15: "carpenter puts on a #clinic<18><STEAM_0:1:3518076><Allies>" killed "-#over. patten<10><STEAM_0:1:93610><Axis>" with "spring"
L 03/17/2024 - 17:18:19: "-#over. dev<7><STEAM_0:1:31962398><Axis>" killed "carpenter puts on a #clinic<18><STEAM_0:1:3518076><Allies>" with "mp44"
L 03/17/2024 - 17:18:20: "insom puts on a #clinic<16><STEAM_0:0:8140064><Allies>" killed "-#over. dev<7><STEAM_0:1:31962398><Axis>" with "kar"
L 03/17/2024 - 17:18:23: "SwAvEeee puts on a #clinic<13><STEAM_0:0:8737016><Allies>" killed "-#over. Fifty<9><STEAM_0:0:14792857><Axis>" with "garand"
L 03/17/2024 - 17:18:23: "-#over. mataenanos<3><STEAM_0:0:2169339><Axis>" killed "muresan! puts on a #clinic<17><STEAM_0:0:6287><Allies>" with "bar"
L 03/17/2024 - 17:18:25: Team "Allies" triggered a "dod_capture_area" - "The Fountain"
L 03/17/2024 - 17:18:25: "Candyman puts on a #clinic<11><STEAM_0:0:1190626><Allies>" triggered a "dod_capture_area" - "The Fountain"
L 03/17/2024 - 17:18:33: "Candyman puts on a #clinic<11><STEAM_0:0:1190626><Allies>" killed "-#over. mataenanos<3><STEAM_0:0:2169339><Axis>" with "mp44"
L 03/17/2024 - 17:18:33: "tomfoolery puts on a #clinic<12><STEAM_0:1:20567065><Allies>" killed "-#over. KumKum<8><STEAM_0:1:16442079><Axis>" with "bar"
L 03/17/2024 - 17:18:45: "-#over. dev<7><STEAM_0:1:31962398><Axis>" killed "Candyman puts on a #clinic<11><STEAM_0:0:1190626><Allies>" with "mp44"
L 03/17/2024 - 17:18:48: "insom puts on a #clinic<16><STEAM_0:0:8140064><Allies>" killed "-#over. Fifty<9><STEAM_0:0:14792857><Axis>" with "kar"
L 03/17/2024 - 17:18:54: "-#over. SaCaMueLaX .revo#-<5><STEAM_0:0:7641042><Axis>" killed "carpenter puts on a #clinic<18><STEAM_0:1:3518076><Allies>" with "kar"
L 03/17/2024 - 17:18:56: "-#over. SaCaMueLaX .revo#-<5><STEAM_0:0:7641042><Axis>" killed "SwAvEeee puts on a #clinic<13><STEAM_0:0:8737016><Allies>" with "kar"
L 03/17/2024 - 17:18:56: Team "Allies" triggered a "dod_capture_area" - "The Underpass"
L 03/17/2024 - 17:18:56: "tomfoolery puts on a #clinic<12><STEAM_0:1:20567065><Allies>" triggered a "dod_capture_area" - "The Underpass"
L 03/17/2024 - 17:18:57: "-#over. dev<7><STEAM_0:1:31962398><Axis>" killed "insom puts on a #clinic<16><STEAM_0:0:8140064><Allies>" with "mp44"
L 03/17/2024 - 17:19:01: Team "Axis" triggered a "dod_capture_area" - "The Fountain"
L 03/17/2024 - 17:19:01: "-#over. SaCaMueLaX .revo#-<5><STEAM_0:0:7641042><Axis>" triggered a "dod_capture_area" - "The Fountain"
L 03/17/2024 - 17:19:03: "muresan! puts on a #clinic<17><STEAM_0:0:6287><Allies>" killed "-#over. dev<7><STEAM_0:1:31962398><Axis>" with "bar"
L 03/17/2024 - 17:19:05: "muresan! puts on a #clinic<17><STEAM_0:0:6287><Allies>" killed "-#over. KumKum<8><STEAM_0:1:16442079><Axis>" with "bar"
L 03/17/2024 - 17:19:10: "muresan! puts on a #clinic<17><STEAM_0:0:6287><Allies>" killed "-#over. mataenanos<3><STEAM_0:0:2169339><Axis>" with "bar"
L 03/17/2024 - 17:19:14: "-#over. SaCaMueLaX .revo#-<5><STEAM_0:0:7641042><Axis>" killed "Candyman puts on a #clinic<11><STEAM_0:0:1190626><Allies>" with "kar"
L 03/17/2024 - 17:19:17: "-#over. SaCaMueLaX .revo#-<5><STEAM_0:0:7641042><Axis>" killed "insom puts on a #clinic<16><STEAM_0:0:8140064><Allies>" with "kar"
L 03/17/2024 - 17:19:18: "-#over. patten<10><STEAM_0:1:93610><Axis>" killed "tomfoolery puts on a #clinic<12><STEAM_0:1:20567065><Allies>" with "scopedkar"
L 03/17/2024 - 17:19:23: "carpenter puts on a #clinic<18><STEAM_0:1:3518076><Allies>" killed "-#over. SaCaMueLaX .revo#-<5><STEAM_0:0:7641042><Axis>" with "spring"
L 03/17/2024 - 17:19:28: "-#over. Fifty<9><STEAM_0:0:14792857><Axis>" killed "muresan! puts on a #clinic<17><STEAM_0:0:6287><Allies>" with "grenade2"
L 03/17/2024 - 17:19:31: "SwAvEeee puts on a #clinic<13><STEAM_0:0:8737016><Allies>" killed "-#over. mataenanos<3><STEAM_0:0:2169339><Axis>" with "grenade"
L 03/17/2024 - 17:19:41: "-#over. patten<10><STEAM_0:1:93610><Axis>" killed "carpenter puts on a #clinic<18><STEAM_0:1:3518076><Allies>" with "scopedkar"
L 03/17/2024 - 17:19:41: "SwAvEeee puts on a #clinic<13><STEAM_0:0:8737016><Allies>" killed "-#over. dev<7><STEAM_0:1:31962398><Axis>" with "garand"
L 03/17/2024 - 17:19:46: "carpenter puts on a #clinic<18><STEAM_0:1:3518076><Allies>" say_team "7:42"
L 03/17/2024 - 17:19:48: "muresan! puts on a #clinic<17><STEAM_0:0:6287><Allies>" say_team "7:40"
L 03/17/2024 - 17:19:49: "SwAvEeee puts on a #clinic<13><STEAM_0:0:8737016><Allies>" killed "-#over. KumKum<8><STEAM_0:1:16442079><Axis>" with "garand"
L 03/17/2024 - 17:19:51: "Candyman puts on a #clinic<11><STEAM_0:0:1190626><Allies>" killed "-#over. SaCaMueLaX .revo#-<5><STEAM_0:0:7641042><Axis>" with "kar"
L 03/17/2024 - 17:19:54: "-#over. mataenanos<3><STEAM_0:0:2169339><Axis>" killed "SwAvEeee puts on a #clinic<13><STEAM_0:0:8737016><Allies>" with "grenade2"
L 03/17/2024 - 17:19:55: "-#over. patten<10><STEAM_0:1:93610><Axis>" killed "Candyman puts on a #clinic<11><STEAM_0:0:1190626><Allies>" with "scopedkar"
L 03/17/2024 - 17:20:00: "-#over. Fifty<9><STEAM_0:0:14792857><Axis>" killed "insom puts on a #clinic<16><STEAM_0:0:8140064><Allies>" with "kar"
L 03/17/2024 - 17:20:12: "tomfoolery puts on a #clinic<12><STEAM_0:1:20567065><Allies>" killed "-#over. mataenanos<3><STEAM_0:0:2169339><Axis>" with "bar"
L 03/17/2024 - 17:20:17: "-#over. dev<7><STEAM_0:1:31962398><Axis>" killed "tomfoolery puts on a #clinic<12><STEAM_0:1:20567065><Allies>" with "mp44"
L 03/17/2024 - 17:20:19: "muresan! puts on a #clinic<17><STEAM_0:0:6287><Allies>" killed "-#over. dev<7><STEAM_0:1:31962398><Axis>" with "bar"
L 03/17/2024 - 17:20:24: "muresan! puts on a #clinic<17><STEAM_0:0:6287><Allies>" killed "-#over. KumKum<8><STEAM_0:1:16442079><Axis>" with "bar"
L 03/17/2024 - 17:20:25: "muresan! puts on a #clinic<17><STEAM_0:0:6287><Allies>" killed "-#over. patten<10><STEAM_0:1:93610><Axis>" with "bar"
L 03/17/2024 - 17:20:29: "-#over. SaCaMueLaX .revo#-<5><STEAM_0:0:7641042><Axis>" killed "-#over. Fifty<9><STEAM_0:0:14792857><Axis>" with "kar"
L 03/17/2024 - 17:20:39: "-#over. SaCaMueLaX .revo#-<5><STEAM_0:0:7641042><Axis>" killed "Candyman puts on a #clinic<11><STEAM_0:0:1190626><Allies>" with "luger"
L 03/17/2024 - 17:20:41: "-#over. mataenanos<3><STEAM_0:0:2169339><Axis>" killed "insom puts on a #clinic<16><STEAM_0:0:8140064><Allies>" with "k43"
L 03/17/2024 - 17:20:45: "-#over. dev<7><STEAM_0:1:31962398><Axis>" killed "SwAvEeee puts on a #clinic<13><STEAM_0:0:8737016><Allies>" with "mp44"
L 03/17/2024 - 17:20:47: "muresan! puts on a #clinic<17><STEAM_0:0:6287><Allies>" killed "-#over. dev<7><STEAM_0:1:31962398><Axis>" with "bar"
L 03/17/2024 - 17:20:48: "-#over. SaCaMueLaX .revo#-<5><STEAM_0:0:7641042><Axis>" killed "carpenter puts on a #clinic<18><STEAM_0:1:3518076><Allies>" with "kar"
L 03/17/2024 - 17:20:49: "muresan! puts on a #clinic<17><STEAM_0:0:6287><Allies>" killed "-#over. KumKum<8><STEAM_0:1:16442079><Axis>" with "bar"
L 03/17/2024 - 17:20:53: "-#over. Fifty<9><STEAM_0:0:14792857><Axis>" killed "muresan! puts on a #clinic<17><STEAM_0:0:6287><Allies>" with "kar"
L 03/17/2024 - 17:20:59: "-#over. SaCaMueLaX .revo#-<5><STEAM_0:0:7641042><Axis>" triggered a "dod_control_point" - "The Destroyed House"
L 03/17/2024 - 17:21:01: "carpenter puts on a #clinic<18><STEAM_0:1:3518076><Allies>" killed "-#over. SaCaMueLaX .revo#-<5><STEAM_0:0:7641042><Axis>" with "colt"
L 03/17/2024 - 17:21:01: "tomfoolery puts on a #clinic<12><STEAM_0:1:20567065><Allies>" killed "-#over. Fifty<9><STEAM_0:0:14792857><Axis>" with "bar"
L 03/17/2024 - 17:21:02: Team "Axis" triggered a "dod_capture_area" - "The Underpass"
L 03/17/2024 - 17:21:02: "-#over. mataenanos<3><STEAM_0:0:2169339><Axis>" triggered a "dod_capture_area" - "The Underpass"
L 03/17/2024 - 17:21:02: Team "Axis" won the round. Scores: Allies: 97, Axis: 191
L 03/17/2024 - 17:21:03: "muresan! puts on a #clinic<17><STEAM_0:0:6287><Allies>" say_team "6:25"
L 03/17/2024 - 17:21:05: "Allies" scored "97" with "6" players
L 03/17/2024 - 17:21:05: "Axis" scored "191" with "6" players
L 03/17/2024 - 17:21:14: "-#over. mataenanos<3><STEAM_0:0:2169339><Axis>" say_team "cono"
L 03/17/2024 - 17:21:17: "-#over. SaCaMueLaX .revo#-<5><STEAM_0:0:7641042><Axis>" say_team "qajjajajaja"
L 03/17/2024 - 17:21:20: "muresan! puts on a #clinic<17><STEAM_0:0:6287><Allies>" triggered a "dod_control_point" - "The Destroyed House"
L 03/17/2024 - 17:21:34: "-#over. Fifty<9><STEAM_0:0:14792857><Axis>" killed "insom puts on a #clinic<16><STEAM_0:0:8140064><Allies>" with "kar"
L 03/17/2024 - 17:21:36: "-#over. dev<7><STEAM_0:1:31962398><Axis>" killed "Candyman puts on a #clinic<11><STEAM_0:0:1190626><Allies>" with "grenade2"
L 03/17/2024 - 17:21:37: "-#over. dev<7><STEAM_0:1:31962398><Axis>" killed "SwAvEeee puts on a #clinic<13><STEAM_0:0:8737016><Allies>" with "mp44"
L 03/17/2024 - 17:21:42: "carpenter puts on a #clinic<18><STEAM_0:1:3518076><Allies>" killed "-#over. dev<7><STEAM_0:1:31962398><Axis>" with "colt"
L 03/17/2024 - 17:21:49: Team "Axis" triggered a "dod_capture_area" - "The Fountain"
L 03/17/2024 - 17:21:49: "-#over. patten<10><STEAM_0:1:93610><Axis>" triggered a "dod_capture_area" - "The Fountain"
L 03/17/2024 - 17:21:51: "tomfoolery puts on a #clinic<12><STEAM_0:1:20567065><Allies>" killed "-#over. KumKum<8><STEAM_0:1:16442079><Axis>" with "bar"
L 03/17/2024 - 17:21:53: "-#over. SaCaMueLaX .revo#-<5><STEAM_0:0:7641042><Axis>" killed "muresan! puts on a #clinic<17><STEAM_0:0:6287><Allies>" with "kar"
L 03/17/2024 - 17:22:00: "-#over. Fifty<9><STEAM_0:0:14792857><Axis>" killed "Candyman puts on a #clinic<11><STEAM_0:0:1190626><Allies>" with "kar"
L 03/17/2024 - 17:22:02: Team "Axis" triggered a "dod_capture_area" - "The Underpass"
L 03/17/2024 - 17:22:02: "-#over. SaCaMueLaX .revo#-<5><STEAM_0:0:7641042><Axis>" triggered a "dod_capture_area" - "The Underpass"
L 03/17/2024 - 17:22:02: "insom puts on a #clinic<16><STEAM_0:0:8140064><Allies>" killed "-#over. Fifty<9><STEAM_0:0:14792857><Axis>" with "garand"
L 03/17/2024 - 17:22:02: "-#over. SaCaMueLaX .revo#-<5><STEAM_0:0:7641042><Axis>" killed "tomfoolery puts on a #clinic<12><STEAM_0:1:20567065><Allies>" with "kar"
L 03/17/2024 - 17:22:04: "-#over. dev<7><STEAM_0:1:31962398><Axis>" triggered a "dod_control_point" - "The Church"
L 03/17/2024 - 17:22:14: "-#over. patten<10><STEAM_0:1:93610><Axis>" killed "carpenter puts on a #clinic<18><STEAM_0:1:3518076><Allies>" with "scopedkar"
L 03/17/2024 - 17:22:17: "SwAvEeee puts on a #clinic<13><STEAM_0:0:8737016><Allies>" killed "-#over. patten<10><STEAM_0:1:93610><Axis>" with "garand"
L 03/17/2024 - 17:22:20: "-#over. dev<7><STEAM_0:1:31962398><Axis>" killed "SwAvEeee puts on a #clinic<13><STEAM_0:0:8737016><Allies>" with "mp44"
L 03/17/2024 - 17:22:23: "muresan! puts on a #clinic<17><STEAM_0:0:6287><Allies>" killed "-#over. mataenanos<3><STEAM_0:0:2169339><Axis>" with "bar"
L 03/17/2024 - 17:22:23: "-#over. SaCaMueLaX .revo#-<5><STEAM_0:0:7641042><Axis>" killed "muresan! puts on a #clinic<17><STEAM_0:0:6287><Allies>" with "kar"
L 03/17/2024 - 17:22:30: "muresan! puts on a #clinic<17><STEAM_0:0:6287><Allies>" say_team "4:58"
L 03/17/2024 - 17:22:36: "-#over. dev<7><STEAM_0:1:31962398><Axis>" killed "insom puts on a #clinic<16><STEAM_0:0:8140064><Allies>" with "mp44"
L 03/17/2024 - 17:22:36: "Candyman puts on a #clinic<11><STEAM_0:0:1190626><Allies>" killed "-#over. Fifty<9><STEAM_0:0:14792857><Axis>" with "garand"
L 03/17/2024 - 17:22:38: "muresan! puts on a #clinic<17><STEAM_0:0:6287><Allies>" killed "-#over. KumKum<8><STEAM_0:1:16442079><Axis>" with "grenade"
L 03/17/2024 - 17:22:44: "-#over. dev<7><STEAM_0:1:31962398><Axis>" killed "SwAvEeee puts on a #clinic<13><STEAM_0:0:8737016><Allies>" with "mp44"
L 03/17/2024 - 17:22:45: "Candyman puts on a #clinic<11><STEAM_0:0:1190626><Allies>" killed "-#over. dev<7><STEAM_0:1:31962398><Axis>" with "garand"
L 03/17/2024 - 17:22:47: "-#over. patten<10><STEAM_0:1:93610><Axis>" killed "Candyman puts on a #clinic<11><STEAM_0:0:1190626><Allies>" with "scopedkar"
L 03/17/2024 - 17:22:51: "carpenter puts on a #clinic<18><STEAM_0:1:3518076><Allies>" killed "-#over. SaCaMueLaX .revo#-<5><STEAM_0:0:7641042><Axis>" with "spring"
L 03/17/2024 - 17:23:04: "Candyman puts on a #clinic<11><STEAM_0:0:1190626><Allies>" killed "-#over. mataenanos<3><STEAM_0:0:2169339><Axis>" with "garand"
L 03/17/2024 - 17:23:08: "-#over. patten<10><STEAM_0:1:93610><Axis>" killed "insom puts on a #clinic<16><STEAM_0:0:8140064><Allies>" with "kar"
L 03/17/2024 - 17:23:08: "carpenter puts on a #clinic<18><STEAM_0:1:3518076><Allies>" killed "-#over. patten<10><STEAM_0:1:93610><Axis>" with "spring"
L 03/17/2024 - 17:23:10: "-#over. dev<7><STEAM_0:1:31962398><Axis>" killed "muresan! puts on a #clinic<17><STEAM_0:0:6287><Allies>" with "grenade2"
L 03/17/2024 - 17:23:12: "-#over. Fifty<9><STEAM_0:0:14792857><Axis>" killed "Candyman puts on a #clinic<11><STEAM_0:0:1190626><Allies>" with "grenade2"
L 03/17/2024 - 17:23:19: "-#over. Fifty<9><STEAM_0:0:14792857><Axis>" killed "carpenter puts on a #clinic<18><STEAM_0:1:3518076><Allies>" with "kar"
L 03/17/2024 - 17:23:20: "tomfoolery puts on a #clinic<12><STEAM_0:1:20567065><Allies>" killed "-#over. KumKum<8><STEAM_0:1:16442079><Axis>" with "kar"
L 03/17/2024 - 17:23:22: "-#over. dev<7><STEAM_0:1:31962398><Axis>" killed "tomfoolery puts on a #clinic<12><STEAM_0:1:20567065><Allies>" with "mp44"
L 03/17/2024 - 17:23:29: "SwAvEeee puts on a #clinic<13><STEAM_0:0:8737016><Allies>" killed "-#over. dev<7><STEAM_0:1:31962398><Axis>" with "bar"
L 03/17/2024 - 17:23:33: "Candyman puts on a #clinic<11><STEAM_0:0:1190626><Allies>" killed "-#over. Fifty<9><STEAM_0:0:14792857><Axis>" with "garand"
L 03/17/2024 - 17:23:37: "carpenter puts on a #clinic<18><STEAM_0:1:3518076><Allies>" say_team "3:51"
L 03/17/2024 - 17:23:43: "Candyman puts on a #clinic<11><STEAM_0:0:1190626><Allies>" killed "-#over. SaCaMueLaX .revo#-<5><STEAM_0:0:7641042><Axis>" with "kar"
L 03/17/2024 - 17:23:57: "-#over. Fifty<9><STEAM_0:0:14792857><Axis>" killed "insom puts on a #clinic<16><STEAM_0:0:8140064><Allies>" with "kar"
L 03/17/2024 - 17:23:57: "muresan! puts on a #clinic<17><STEAM_0:0:6287><Allies>" killed "-#over. KumKum<8><STEAM_0:1:16442079><Axis>" with "bar"
L 03/17/2024 - 17:24:00: "Candyman puts on a #clinic<11><STEAM_0:0:1190626><Allies>" killed "-#over. Fifty<9><STEAM_0:0:14792857><Axis>" with "kar"
L 03/17/2024 - 17:24:00: Team "Allies" triggered a "dod_capture_area" - "The Underpass"
L 03/17/2024 - 17:24:00: "muresan! puts on a #clinic<17><STEAM_0:0:6287><Allies>" triggered a "dod_capture_area" - "The Underpass"
L 03/17/2024 - 17:24:01: "SwAvEeee puts on a #clinic<13><STEAM_0:0:8737016><Allies>" killed "-#over. mataenanos<3><STEAM_0:0:2169339><Axis>" with "kar"
L 03/17/2024 - 17:24:04: "-#over. dev<7><STEAM_0:1:31962398><Axis>" killed "SwAvEeee puts on a #clinic<13><STEAM_0:0:8737016><Allies>" with "mp44"
L 03/17/2024 - 17:24:08: Team "Allies" triggered a "dod_capture_area" - "The Fountain"
L 03/17/2024 - 17:24:08: "Candyman puts on a #clinic<11><STEAM_0:0:1190626><Allies>" triggered a "dod_capture_area" - "The Fountain"
L 03/17/2024 - 17:24:08: "-#over. patten<10><STEAM_0:1:93610><Axis>" killed "Candyman puts on a #clinic<11><STEAM_0:0:1190626><Allies>" with "luger"
L 03/17/2024 - 17:24:10: "carpenter puts on a #clinic<18><STEAM_0:1:3518076><Allies>" killed "-#over. patten<10><STEAM_0:1:93610><Axis>" with "spring"
L 03/17/2024 - 17:24:14: "-#over. SaCaMueLaX .revo#-<5><STEAM_0:0:7641042><Axis>" killed "muresan! puts on a #clinic<17><STEAM_0:0:6287><Allies>" with "kar"
L 03/17/2024 - 17:24:21: "-#over. SaCaMueLaX .revo#-<5><STEAM_0:0:7641042><Axis>" killed "carpenter puts on a #clinic<18><STEAM_0:1:3518076><Allies>" with "kar"
L 03/17/2024 - 17:24:25: "insom puts on a #clinic<16><STEAM_0:0:8140064><Allies>" killed "-#over. dev<7><STEAM_0:1:31962398><Axis>" with "garand"
L 03/17/2024 - 17:24:27: Team "Axis" triggered a "dod_capture_area" - "The Fountain"
L 03/17/2024 - 17:24:27: "-#over. SaCaMueLaX .revo#-<5><STEAM_0:0:7641042><Axis>" triggered a "dod_capture_area" - "The Fountain"
L 03/17/2024 - 17:24:29: "muresan! puts on a #clinic<17><STEAM_0:0:6287><Allies>" say_team "2:59"
L 03/17/2024 - 17:24:30: "insom puts on a #clinic<16><STEAM_0:0:8140064><Allies>" killed "-#over. SaCaMueLaX .revo#-<5><STEAM_0:0:7641042><Axis>" with "garand"
L 03/17/2024 - 17:24:31: "-#over. dev<7><STEAM_0:1:31962398><Axis>" say_team "2:57"
L 03/17/2024 - 17:24:42: "-#over. Fifty<9><STEAM_0:0:14792857><Axis>" killed "insom puts on a #clinic<16><STEAM_0:0:8140064><Allies>" with "kar"
L 03/17/2024 - 17:24:43: "Candyman puts on a #clinic<11><STEAM_0:0:1190626><Allies>" killed "-#over. Fifty<9><STEAM_0:0:14792857><Axis>" with "garand"
L 03/17/2024 - 17:24:44: "-#over. patten<10><STEAM_0:1:93610><Axis>" killed "Candyman puts on a #clinic<11><STEAM_0:0:1190626><Allies>" with "scopedkar"
L 03/17/2024 - 17:24:48: "-#over. patten<10><STEAM_0:1:93610><Axis>" killed "carpenter puts on a #clinic<18><STEAM_0:1:3518076><Allies>" with "scopedkar"
L 03/17/2024 - 17:24:57: "tomfoolery puts on a #clinic<12><STEAM_0:1:20567065><Allies>" killed "-#over. mataenanos<3><STEAM_0:0:2169339><Axis>" with "bar"
L 03/17/2024 - 17:24:58: "-#over. dev<7><STEAM_0:1:31962398><Axis>" killed "tomfoolery puts on a #clinic<12><STEAM_0:1:20567065><Allies>" with "mp44"
L 03/17/2024 - 17:25:01: "carpenter puts on a #clinic<18><STEAM_0:1:3518076><Allies>" say_team "2:27"
L 03/17/2024 - 17:25:04: "SwAvEeee puts on a #clinic<13><STEAM_0:0:8737016><Allies>" killed "-#over. dev<7><STEAM_0:1:31962398><Axis>" with "garand"
L 03/17/2024 - 17:25:06: "-#over. patten<10><STEAM_0:1:93610><Axis>" killed "SwAvEeee puts on a #clinic<13><STEAM_0:0:8737016><Allies>" with "scopedkar"
L 03/17/2024 - 17:25:11: "muresan! puts on a #clinic<17><STEAM_0:0:6287><Allies>" killed "-#over. KumKum<8><STEAM_0:1:16442079><Axis>" with "bar"
L 03/17/2024 - 17:25:14: "muresan! puts on a #clinic<17><STEAM_0:0:6287><Allies>" killed "-#over. Fifty<9><STEAM_0:0:14792857><Axis>" with "bar"
L 03/17/2024 - 17:25:21: "-#over. patten<10><STEAM_0:1:93610><Axis>" killed "muresan! puts on a #clinic<17><STEAM_0:0:6287><Allies>" with "scopedkar"
L 03/17/2024 - 17:25:24: "-#over. SaCaMueLaX .revo#-<5><STEAM_0:0:7641042><Axis>" killed "carpenter puts on a #clinic<18><STEAM_0:1:3518076><Allies>" with "kar"
L 03/17/2024 - 17:25:26: "-#over. SaCaMueLaX .revo#-<5><STEAM_0:0:7641042><Axis>" killed "insom puts on a #clinic<16><STEAM_0:0:8140064><Allies>" with "kar"
L 03/17/2024 - 17:25:28: "Candyman puts on a #clinic<11><STEAM_0:0:1190626><Allies>" killed "-#over. SaCaMueLaX .revo#-<5><STEAM_0:0:7641042><Axis>" with "garand"
L 03/17/2024 - 17:25:34: Team "Axis" triggered a "dod_capture_area" - "The Underpass"
L 03/17/2024 - 17:25:34: "-#over. dev<7><STEAM_0:1:31962398><Axis>" triggered a "dod_capture_area" - "The Underpass"
L 03/17/2024 - 17:25:39: "muresan! puts on a #clinic<17><STEAM_0:0:6287><Allies>" say_team "1:49"
L 03/17/2024 - 17:25:41: "SwAvEeee puts on a #clinic<13><STEAM_0:0:8737016><Allies>" killed "-#over. mataenanos<3><STEAM_0:0:2169339><Axis>" with "garand"
L 03/17/2024 - 17:25:43: "-#over. dev<7><STEAM_0:1:31962398><Axis>" killed "SwAvEeee puts on a #clinic<13><STEAM_0:0:8737016><Allies>" with "mp44"
L 03/17/2024 - 17:25:46: "Candyman puts on a #clinic<11><STEAM_0:0:1190626><Allies>" killed "-#over. patten<10><STEAM_0:1:93610><Axis>" with "kar"
L 03/17/2024 - 17:25:53: "Candyman puts on a #clinic<11><STEAM_0:0:1190626><Allies>" killed "-#over. Fifty<9><STEAM_0:0:14792857><Axis>" with "kar"
L 03/17/2024 - 17:25:58: "muresan! puts on a #clinic<17><STEAM_0:0:6287><Allies>" killed "tomfoolery puts on a #clinic<12><STEAM_0:1:20567065><Allies>" with "grenade"
L 03/17/2024 - 17:26:02: "-#over. SaCaMueLaX .revo#-<5><STEAM_0:0:7641042><Axis>" killed "insom puts on a #clinic<16><STEAM_0:0:8140064><Allies>" with "kar"
L 03/17/2024 - 17:26:08: "carpenter puts on a #clinic<18><STEAM_0:1:3518076><Allies>" killed "-#over. SaCaMueLaX .revo#-<5><STEAM_0:0:7641042><Axis>" with "spring"
L 03/17/2024 - 17:26:12: "tomfoolery puts on a #clinic<12><STEAM_0:1:20567065><Allies>" say_team "1:16"
L 03/17/2024 - 17:26:13: "muresan! puts on a #clinic<17><STEAM_0:0:6287><Allies>" killed "-#over. dev<7><STEAM_0:1:31962398><Axis>" with "bar"
L 03/17/2024 - 17:26:15: "-#over. patten<10><STEAM_0:1:93610><Axis>" killed "carpenter puts on a #clinic<18><STEAM_0:1:3518076><Allies>" with "scopedkar"
L 03/17/2024 - 17:26:16: "SwAvEeee puts on a #clinic<13><STEAM_0:0:8737016><Allies>" killed "-#over. patten<10><STEAM_0:1:93610><Axis>" with "garand"
L 03/17/2024 - 17:26:19: Team "Allies" triggered a "dod_capture_area" - "The Underpass"
L 03/17/2024 - 17:26:19: "muresan! puts on a #clinic<17><STEAM_0:0:6287><Allies>" triggered a "dod_capture_area" - "The Underpass"
L 03/17/2024 - 17:26:20: "muresan! puts on a #clinic<17><STEAM_0:0:6287><Allies>" killed "-#over. KumKum<8><STEAM_0:1:16442079><Axis>" with "bar"
L 03/17/2024 - 17:26:22: Team "Allies" triggered a "dod_capture_area" - "The Fountain"
L 03/17/2024 - 17:26:22: "SwAvEeee puts on a #clinic<13><STEAM_0:0:8737016><Allies>" triggered a "dod_capture_area" - "The Fountain"
L 03/17/2024 - 17:26:23: "-#over. Fifty<9><STEAM_0:0:14792857><Axis>" killed "muresan! puts on a #clinic<17><STEAM_0:0:6287><Allies>" with "kar"
L 03/17/2024 - 17:26:30: "carpenter puts on a #clinic<18><STEAM_0:1:3518076><Allies>" say_team "0:58"
L 03/17/2024 - 17:26:33: "SwAvEeee puts on a #clinic<13><STEAM_0:0:8737016><Allies>" killed "-#over. mataenanos<3><STEAM_0:0:2169339><Axis>" with "garand"
L 03/17/2024 - 17:26:34: "Candyman puts on a #clinic<11><STEAM_0:0:1190626><Allies>" killed "-#over. patten<10><STEAM_0:1:93610><Axis>" with "kar"
L 03/17/2024 - 17:26:40: "Candyman puts on a #clinic<11><STEAM_0:0:1190626><Allies>" killed "-#over. SaCaMueLaX .revo#-<5><STEAM_0:0:7641042><Axis>" with "colt"
L 03/17/2024 - 17:26:43: "-#over. KumKum<8><STEAM_0:1:16442079><Axis>" killed "SwAvEeee puts on a #clinic<13><STEAM_0:0:8737016><Allies>" with "mp44"
L 03/17/2024 - 17:26:44: Team "Axis" triggered a "dod_capture_area" - "The Fountain"
L 03/17/2024 - 17:26:44: "-#over. Fifty<9><STEAM_0:0:14792857><Axis>" triggered a "dod_capture_area" - "The Fountain"
L 03/17/2024 - 17:26:44: "-#over. dev<7><STEAM_0:1:31962398><Axis>" killed "Candyman puts on a #clinic<11><STEAM_0:0:1190626><Allies>" with "mp44"
L 03/17/2024 - 17:26:45: "insom puts on a #clinic<16><STEAM_0:0:8140064><Allies>" killed "-#over. KumKum<8><STEAM_0:1:16442079><Axis>" with "garand"
L 03/17/2024 - 17:26:49: "-#over. Fifty<9><STEAM_0:0:14792857><Axis>" killed "carpenter puts on a #clinic<18><STEAM_0:1:3518076><Allies>" with "kar"
L 03/17/2024 - 17:26:52: "insom puts on a #clinic<16><STEAM_0:0:8140064><Allies>" killed "-#over. patten<10><STEAM_0:1:93610><Axis>" with "garand"
L 03/17/2024 - 17:26:53: "-#over. SaCaMueLaX .revo#-<5><STEAM_0:0:7641042><Axis>" killed "insom puts on a #clinic<16><STEAM_0:0:8140064><Allies>" with "kar"
L 03/17/2024 - 17:26:59: "-#over. mataenanos<3><STEAM_0:0:2169339><Axis>" killed "-#over. KumKum<8><STEAM_0:1:16442079><Axis>" with "grenade2"
L 03/17/2024 - 17:27:03: "-#over. dev<7><STEAM_0:1:31962398><Axis>" killed "tomfoolery puts on a #clinic<12><STEAM_0:1:20567065><Allies>" with "mp44"
L 03/17/2024 - 17:27:04: "muresan! puts on a #clinic<17><STEAM_0:0:6287><Allies>" say_team "0:24"
L 03/17/2024 - 17:27:10: "tomfoolery puts on a #clinic<12><STEAM_0:1:20567065><Allies>" say_team "0:18"
L 03/17/2024 - 17:27:10: "muresan! puts on a #clinic<17><STEAM_0:0:6287><Allies>" killed "-#over. mataenanos<3><STEAM_0:0:2169339><Axis>" with "bar"
L 03/17/2024 - 17:27:11: "-#over. SaCaMueLaX .revo#-<5><STEAM_0:0:7641042><Axis>" killed "muresan! puts on a #clinic<17><STEAM_0:0:6287><Allies>" with "kar"
L 03/17/2024 - 17:27:13: "muresan! puts on a #clinic<17><STEAM_0:0:6287><Allies>" say_team "0:15"
L 03/17/2024 - 17:27:14: "insom puts on a #clinic<16><STEAM_0:0:8140064><Allies>" killed "-#over. Fifty<9><STEAM_0:0:14792857><Axis>" with "garand"
L 03/17/2024 - 17:27:18: "-#over. SaCaMueLaX .revo#-<5><STEAM_0:0:7641042><Axis>" killed "Candyman puts on a #clinic<11><STEAM_0:0:1190626><Allies>" with "kar"
L 03/17/2024 - 17:27:23: "Candyman puts on a #clinic<11><STEAM_0:0:1190626><Allies>" say_team "0:06"
L 03/17/2024 - 17:27:24: "carpenter puts on a #clinic<18><STEAM_0:1:3518076><Allies>" killed "-#over. SaCaMueLaX .revo#-<5><STEAM_0:0:7641042><Axis>" with "spring"
L 03/17/2024 - 17:27:25: "muresan! puts on a #clinic<17><STEAM_0:0:6287><Allies>" say_team "0:03"
L 03/17/2024 - 17:27:26: "-#over. patten<10><STEAM_0:1:93610><Axis>" killed "insom puts on a #clinic<16><STEAM_0:0:8140064><Allies>" with "scopedkar"
L 03/17/2024 - 17:27:27: "carpenter puts on a #clinic<18><STEAM_0:1:3518076><Allies>" killed "-#over. KumKum<8><STEAM_0:1:16442079><Axis>" with "spring"
L 03/17/2024 - 17:27:28: Final Scores: Allies: 118   Axis: 222
L 03/17/2024 - 17:27:30: "-#over. Fifty<9><STEAM_0:0:14792857><Axis>" say "gh"
L 03/17/2024 - 17:27:31: "-#over. SaCaMueLaX .revo#-<5><STEAM_0:0:7641042><Axis>" say "gh"
L 03/17/2024 - 17:27:33: "Candyman puts on a #clinic<11><STEAM_0:0:1190626><Allies>" say "gh"
L 03/17/2024 - 17:27:34: "tomfoolery puts on a #clinic<12><STEAM_0:1:20567065><Allies>" say "gh"
L 03/17/2024 - 17:27:34: "-#over. dev<7><STEAM_0:1:31962398><Axis>" say "gh"
L 03/17/2024 - 17:27:38: "Allies" scored "118" with "6" players
L 03/17/2024 - 17:27:38: "Axis" scored "222" with "6" players
L 03/17/2024 - 17:27:38: [META] ini: Begin re-reading plugins list: c:/servers/icyhotatl/dod/addons/metamod/plugins.ini
L 03/17/2024 - 17:27:38: [META] ini: Read plugin config for: AMX Mod X
L 03/17/2024 - 17:27:38: [META] ini: Finished reading plugins list: c:/servers/icyhotatl/dod/addons/metamod/plugins.ini; Found 1 plugins
L 03/17/2024 - 17:27:38: [META] dll: Updating plugins...
L 03/17/2024 - 17:27:38: [META] dll: Finished updating 1 plugins; kept 1, loaded 0, unloaded 0, reloaded 0, delayed 0
L 03/17/2024 - 17:27:38: Log file closed
